#
# A fatal error has been detected by the Java Runtime Environment:
#
#  EXCEPTION_ACCESS_VIOLATION (0xc0000005) at pc=0x0000000074e9214e, pid=2840, tid=4728
#
# JRE version: 6.0_17-b04
# Java VM: Java HotSpot(TM) 64-Bit Server VM (14.3-b01 mixed mode windows-amd64 )
# Problematic frame:
# C  [m_dispatcher.dll+0x1214e]
#
# If you would like to submit a bug report, please visit:
#   http://java.sun.com/webapps/bugreport/crash.jsp
# The crash happened outside the Java Virtual Machine in native code.
# See problematic frame for where to report the bug.
#

---------------  T H R E A D  ---------------

Current thread (0x00000000064b6800):  JavaThread "main" [_thread_in_native, id=4728, stack(0x0000000000030000,0x0000000004030000)]

siginfo: ExceptionCode=0xc0000005, reading address 0x00000000000000de

Registers:
EAX=0xfffffffffffffffe, EBX=0x0000000140da2218, ECX=0x000000000402e890, EDX=0x0000000000000007
ESP=0x000000000402cb48, EBP=0x000000000402d130, ESI=0x0000000000000000, EDI=0x000000000e411420
EIP=0x0000000074e9214e, EFLAGS=0x0000000000010206

Top of Stack: (sp=0x000000000402cb48)
0x000000000402cb48:   0000000004650dc0 6a2f613300000000
0x000000000402cb58:   000000000402ce60 0000000000000001
0x000000000402cb68:   00000000064b6f90 00000000064b6800
0x000000000402cb78:   000000000402ce90 0000000000000000
0x000000000402cb88:   0000000140da1110 0000000000000000
0x000000000402cb98:   0000000004650d01 0000000140da2218
0x000000000402cba8:   0000000000000000 0000000000000001
0x000000000402cbb8:   0000000140da2210 000000000402cc88
0x000000000402cbc8:   0000000078a66215 0000000063ac7c00
0x000000000402cbd8:   0000000000000000 fffffffffffffffe
0x000000000402cbe8:   0000000000000000 00000000064b6800
0x000000000402cbf8:   002b000000000000 0000000000000000
0x000000000402cc08:   0000000078a76513 00000000633f5980
0x000000000402cc18:   00000000064b6f98 00000000065dce90
0x000000000402cc28:   000000000402ce90 f2aee6f600000000
0x000000000402cc38:   0000000075aa2239 0000000000000001 

Instructions: (pc=0x0000000074e9214e)
0x0000000074e9213e:   48 8b 89 60 04 00 00 48 85 c9 74 1c 48 8b 41 30
0x0000000074e9214e:   80 b8 e0 00 00 00 00 74 06 48 85 c9 74 0a c3 48 


Stack: [0x0000000000030000,0x0000000004030000],  sp=0x000000000402cb48,  free space=65522k
Native frames: (J=compiled Java code, j=interpreted, Vv=VM code, C=native code)
C  [m_dispatcher.dll+0x1214e]

Java frames: (J=compiled Java code, j=interpreted, Vv=VM code)
j  com.mathworks.jmi.NativeMatlab.SendMatlabMessage(Ljava/lang/Object;)Ljava/lang/Object;+0
j  com.mathworks.jmi.NativeMatlab.sendMatlabMessage(Ljava/lang/Object;)Ljava/lang/Object;+22
j  com.mathworks.jmi.MatlabLooper.sendMatlabMessage(Lcom/mathworks/services/message/MWMessage;)Ljava/lang/Object;+20
j  com.mathworks.jmi.Matlab.mtFevalConsoleOutput(Ljava/lang/String;[Ljava/lang/Object;I)Ljava/lang/Object;+58
j  com.mathworks.mde.desk.MLDesktop$8.run()V+14
j  com.mathworks.jmi.NativeMatlab.dispatchMTRequests(Z)V+57
v  ~StubRoutines::call_stub

---------------  P R O C E S S  ---------------

Java Threads: ( => current thread )
  0x00000000689af000 JavaThread "Active Reference Queue Daemon" daemon [_thread_blocked, id=4884, stack(0x0000000127100000,0x000000012b100000)]
  0x00000000689ae800 JavaThread "Timer-2" daemon [_thread_blocked, id=7120, stack(0x000000010ff00000,0x0000000113f00000)]
  0x0000000063199800 JavaThread "Timer-1" daemon [_thread_blocked, id=3112, stack(0x0000000104000000,0x0000000108000000)]
  0x000000006319a800 JavaThread "com.jniwrapper.NativeResourceCollector" daemon [_thread_blocked, id=6612, stack(0x00000000f0000000,0x00000000f4000000)]
  0x0000000063197000 JavaThread "Swing-Shell" daemon [_thread_blocked, id=1824, stack(0x00000000f8000000,0x00000000fc000000)]
  0x0000000063194000 JavaThread "ClipboardMonitor Timer" daemon [_thread_blocked, id=1644, stack(0x00000000e8000000,0x00000000ec000000)]
  0x0000000063193000 JavaThread "Explorer NavigationContext request queue" daemon [_thread_blocked, id=5996, stack(0x00000000e4000000,0x00000000e8000000)]
  0x0000000063192000 JavaThread "AddressBar directory emptiness poller" daemon [_thread_blocked, id=5020, stack(0x00000000dc000000,0x00000000e0000000)]
  0x0000000063191000 JavaThread "Explorer Refresh Service 356611321" daemon [_thread_blocked, id=6304, stack(0x00000000d8000000,0x00000000dc000000)]
  0x0000000063190800 JavaThread "Thread-4" daemon [_thread_blocked, id=6844, stack(0x00000000d0000000,0x00000000d4000000)]
  0x000000006318f800 JavaThread "TimerQueue" daemon [_thread_blocked, id=1296, stack(0x00000000cc000000,0x00000000d0000000)]
  0x000000006318f000 JavaThread "Thread-3" daemon [_thread_blocked, id=5548, stack(0x00000000b4000000,0x00000000b8000000)]
  0x000000006318e000 JavaThread "FelixPackageAdmin" daemon [_thread_blocked, id=6948, stack(0x00000000c0000000,0x00000000c4000000)]
  0x0000000058dcd800 JavaThread "FelixStartLevel" daemon [_thread_blocked, id=1384, stack(0x00000000bc000000,0x00000000c0000000)]
  0x0000000059272800 JavaThread "FelixDispatchQueue" daemon [_thread_blocked, id=7044, stack(0x00000000b8000000,0x00000000bc000000)]
  0x00000000591e9000 JavaThread "AWT-EventQueue-0" [_thread_blocked, id=3812, stack(0x00000000b0000000,0x00000000b4000000)]
  0x0000000058bba000 JavaThread "AWT-Shutdown" [_thread_blocked, id=5620, stack(0x00000000a0000000,0x00000000a4000000)]
  0x0000000058c07800 JavaThread "com.google.common.base.internal.Finalizer" daemon [_thread_blocked, id=5408, stack(0x00000000ac000000,0x00000000b0000000)]
  0x0000000058c02000 JavaThread "AWT-Windows" daemon [_thread_in_native, id=5752, stack(0x00000000a4000000,0x00000000a8000000)]
  0x0000000058c00800 JavaThread "Java2D Disposer" daemon [_thread_blocked, id=6260, stack(0x000000009c000000,0x00000000a0000000)]
  0x000000005873d000 JavaThread "Timer-0" [_thread_blocked, id=5628, stack(0x0000000098000000,0x000000009c000000)]
  0x0000000058662000 JavaThread "EventMgr Dispatcher" daemon [_thread_in_native, id=5664, stack(0x0000000094000000,0x0000000098000000)]
  0x000000000ef8c800 JavaThread "Low Memory Detector" daemon [_thread_blocked, id=1896, stack(0x000000008c000000,0x0000000090000000)]
  0x000000000ef87800 JavaThread "CompilerThread1" daemon [_thread_blocked, id=3232, stack(0x0000000088000000,0x000000008c000000)]
  0x000000000ef7b800 JavaThread "CompilerThread0" daemon [_thread_blocked, id=3816, stack(0x0000000084000000,0x0000000088000000)]
  0x000000000ef75000 JavaThread "Attach Listener" daemon [_thread_blocked, id=6180, stack(0x0000000080000000,0x0000000084000000)]
  0x000000000ef1d800 JavaThread "Finalizer" daemon [_thread_blocked, id=7076, stack(0x000000005ef90000,0x0000000062f90000)]
  0x000000000ef17800 JavaThread "Reference Handler" daemon [_thread_blocked, id=3568, stack(0x000000005af90000,0x000000005ef90000)]
=>0x00000000064b6800 JavaThread "main" [_thread_in_native, id=4728, stack(0x0000000000030000,0x0000000004030000)]

Other Threads:
  0x000000000ef13000 VMThread [stack: 0x0000000053540000,0x0000000057540000] [id=6292]
  0x000000000efbf800 WatcherThread [stack: 0x0000000090000000,0x0000000094000000] [id=6996]

VM state:not at safepoint (normal execution)

VM Mutex/Monitor currently owned by a thread: None

Heap
 PSYoungGen      total 15936K, used 8646K [0x0000000038440000, 0x0000000039440000, 0x000000003b540000)
  eden space 15488K, 55% used [0x0000000038440000,0x0000000038c998f0,0x0000000039360000)
  from space 448K, 21% used [0x0000000039360000,0x0000000039378000,0x00000000393d0000)
  to   space 448K, 0% used [0x00000000393d0000,0x00000000393d0000,0x0000000039440000)
 PSOldGen        total 94592K, used 83096K [0x000000002f140000, 0x0000000034da0000, 0x0000000038440000)
  object space 94592K, 87% used [0x000000002f140000,0x0000000034266100,0x0000000034da0000)
 PSPermGen       total 95744K, used 79834K [0x0000000027140000, 0x000000002cec0000, 0x000000002f140000)
  object space 95744K, 83% used [0x0000000027140000,0x000000002bf36ad8,0x000000002cec0000)

Dynamic libraries:
0x0000000140000000 - 0x0000000140028000 	C:\Program Files\MATLAB\R2013a\bin\win64\MATLAB.exe
0x0000000077c90000 - 0x0000000077e39000 	C:\Windows\SYSTEM32\ntdll.dll
0x0000000077b70000 - 0x0000000077c8f000 	C:\Windows\system32\kernel32.dll
0x000007fefcca0000 - 0x000007fefcd0c000 	C:\Windows\system32\KERNELBASE.dll
0x0000000074460000 - 0x0000000074515000 	C:\Program Files\MATLAB\R2013a\bin\win64\libut.dll
0x00000000758a0000 - 0x000000007595f000 	C:\Program Files\MATLAB\R2013a\bin\win64\libmwi18n.dll
0x0000000180000000 - 0x000000018000d000 	C:\Program Files\MATLAB\R2013a\bin\win64\libmwresource_core.dll
0x00000000681f0000 - 0x0000000068288000 	C:\Program Files\MATLAB\R2013a\bin\win64\MSVCP100.dll
0x0000000066b10000 - 0x0000000066be2000 	C:\Program Files\MATLAB\R2013a\bin\win64\MSVCR100.dll
0x000000006c8a0000 - 0x000000006c8ae000 	C:\Program Files\MATLAB\R2013a\bin\win64\boost_date_time-vc100-mt-1_49.dll
0x000000006c440000 - 0x000000006c46c000 	C:\Program Files\MATLAB\R2013a\bin\win64\boost_filesystem-vc100-mt-1_49.dll
0x000000006c5e0000 - 0x000000006c5e9000 	C:\Program Files\MATLAB\R2013a\bin\win64\boost_system-vc100-mt-1_49.dll
0x000007fefd6a0000 - 0x000007fefd77b000 	C:\Windows\system32\ADVAPI32.dll
0x000007fefee80000 - 0x000007fefef1f000 	C:\Windows\system32\msvcrt.dll
0x000007feff1b0000 - 0x000007feff1cf000 	C:\Windows\SYSTEM32\sechost.dll
0x000007fefed50000 - 0x000007fefee7d000 	C:\Windows\system32\RPCRT4.dll
0x000000006c3c0000 - 0x000000006c3e5000 	C:\Program Files\MATLAB\R2013a\bin\win64\LIBEXPAT.dll
0x0000000066980000 - 0x0000000066b0a000 	C:\Program Files\MATLAB\R2013a\bin\win64\icuin49.dll
0x0000000066840000 - 0x000000006697e000 	C:\Program Files\MATLAB\R2013a\bin\win64\icuuc49.dll
0x0000000059e60000 - 0x000000005af82000 	C:\Program Files\MATLAB\R2013a\bin\win64\icudt49.dll
0x000000006c4e0000 - 0x000000006c4f0000 	C:\Program Files\MATLAB\R2013a\bin\win64\icuio49.dll
0x0000000073f70000 - 0x0000000074112000 	C:\Program Files\MATLAB\R2013a\bin\win64\libmwfl.dll
0x000000007a350000 - 0x000000007a737000 	C:\Program Files\MATLAB\R2013a\bin\win64\libmwMATLAB_res.dll
0x0000000066760000 - 0x000000006683f000 	C:\Program Files\MATLAB\R2013a\bin\win64\boost_regex-vc100-mt-1_49.dll
0x0000000077a70000 - 0x0000000077b6a000 	C:\Windows\system32\USER32.dll
0x000007fefd960000 - 0x000007fefd9c7000 	C:\Windows\system32\GDI32.dll
0x000007feff140000 - 0x000007feff14e000 	C:\Windows\system32\LPK.dll
0x000007fefd5d0000 - 0x000007fefd699000 	C:\Windows\system32\USP10.dll
0x000000006c3a0000 - 0x000000006c3b1000 	C:\Program Files\MATLAB\R2013a\bin\win64\boost_signals-vc100-mt-1_49.dll
0x000000006c280000 - 0x000000006c291000 	C:\Program Files\MATLAB\R2013a\bin\win64\boost_thread-vc100-mt-1_49.dll
0x000007fef0350000 - 0x000007fef03dc000 	C:\Program Files\MATLAB\R2013a\bin\win64\boost_log-vc100-mt-1_49.dll
0x0000000077e50000 - 0x0000000077e57000 	C:\Windows\system32\PSAPI.DLL
0x000007fefd0f0000 - 0x000007fefd13d000 	C:\Windows\system32\WS2_32.dll
0x000007fefd0e0000 - 0x000007fefd0e8000 	C:\Windows\system32\NSI.dll
0x000007feece80000 - 0x000007feeceb3000 	C:\Program Files\MATLAB\R2013a\bin\win64\tbb.dll
0x000007fefd7e0000 - 0x000007fefd7f9000 	C:\Windows\system32\imagehlp.dll
0x000007fefb3a0000 - 0x000007fefb3cc000 	C:\Windows\system32\POWRPROF.dll
0x000007fefd140000 - 0x000007fefd317000 	C:\Windows\system32\SETUPAPI.dll
0x000007fefcd20000 - 0x000007fefcd56000 	C:\Windows\system32\CFGMGR32.dll
0x000007fefd350000 - 0x000007fefd427000 	C:\Windows\system32\OLEAUT32.dll
0x000007fefced0000 - 0x000007fefd0d3000 	C:\Windows\system32\ole32.dll
0x000007fefcbd0000 - 0x000007fefcbea000 	C:\Windows\system32\DEVOBJ.dll
0x0000000004210000 - 0x0000000004231000 	C:\Program Files\MATLAB\R2013a\bin\win64\libmwmfl_scalar.dll
0x000007fef7430000 - 0x000007fef7555000 	C:\Windows\system32\dbghelp.dll
0x0000000004240000 - 0x000000000456f000 	C:\Program Files\MATLAB\R2013a\bin\win64\libmwservices.dll
0x0000000075a20000 - 0x0000000075b0b000 	C:\Program Files\MATLAB\R2013a\bin\win64\libmx.dll
0x000007feece50000 - 0x000007feece78000 	C:\Program Files\MATLAB\R2013a\bin\win64\tbbmalloc.dll
0x000000006a220000 - 0x000000006a237000 	C:\Program Files\MATLAB\R2013a\bin\win64\zlib1.dll
0x0000000004570000 - 0x00000000045be000 	C:\Program Files\MATLAB\R2013a\bin\win64\libmwregexp.dll
0x0000000075f10000 - 0x0000000075f57000 	C:\Program Files\MATLAB\R2013a\bin\win64\mpath.dll
0x000000007b680000 - 0x000000007bc66000 	C:\Program Files\MATLAB\R2013a\bin\win64\mlutil.dll
0x00000000754d0000 - 0x0000000075547000 	C:\Program Files\MATLAB\R2013a\bin\win64\xmlcore.dll
0x0000000066300000 - 0x0000000066541000 	C:\Program Files\MATLAB\R2013a\bin\win64\xerces-c_2_7.dll
0x00000000045d0000 - 0x00000000045f2000 	C:\Program Files\MATLAB\R2013a\bin\win64\libmwMATLAB_settings_res.dll
0x000007fef5930000 - 0x000007fef5940000 	C:\Program Files\MATLAB\R2013a\bin\win64\boost_iostreams-vc100-mt-1_49.dll
0x000007feece00000 - 0x000007feece46000 	C:\Program Files\MATLAB\R2013a\bin\win64\boost_serialization-vc100-mt-1_49.dll
0x000007fefdae0000 - 0x000007fefe868000 	C:\Windows\system32\SHELL32.dll
0x000007fefd4d0000 - 0x000007fefd541000 	C:\Windows\system32\SHLWAPI.dll
0x0000000004600000 - 0x0000000004606000 	C:\Program Files\MATLAB\R2013a\bin\win64\libmwnativedisplay.dll
0x000007fef8fc0000 - 0x000007fef9060000 	C:\Windows\WinSxS\amd64_microsoft.windows.common-controls_6595b64144ccf1df_5.82.7601.18201_none_a4d3b9377117c3df\COMCTL32.dll
0x000007fefd430000 - 0x000007fefd4c7000 	C:\Windows\system32\COMDLG32.dll
0x000007fefa8b0000 - 0x000007fefa8c6000 	C:\Windows\system32\NETAPI32.dll
0x000007fefa8a0000 - 0x000007fefa8ac000 	C:\Windows\system32\netutils.dll
0x000007fefc6a0000 - 0x000007fefc6c3000 	C:\Windows\system32\srvcli.dll
0x000007fefa880000 - 0x000007fefa895000 	C:\Windows\system32\wkscli.dll
0x0000000074970000 - 0x0000000074a18000 	C:\Program Files\MATLAB\R2013a\bin\win64\mcr.dll
0x0000000075000000 - 0x00000000753b1000 	C:\Program Files\MATLAB\R2013a\bin\win64\iqm.dll
0x0000000074e80000 - 0x0000000074f30000 	C:\Program Files\MATLAB\R2013a\bin\win64\m_dispatcher.dll
0x0000000004610000 - 0x0000000004e18000 	C:\Program Files\MATLAB\R2013a\bin\win64\m_interpreter.dll
0x0000000004e20000 - 0x0000000004e44000 	C:\Program Files\MATLAB\R2013a\bin\win64\libmex.dll
0x0000000075430000 - 0x00000000754ab000 	C:\Program Files\MATLAB\R2013a\bin\win64\profiler.dll
0x0000000004e50000 - 0x00000000050d3000 	C:\Program Files\MATLAB\R2013a\bin\win64\libmwmathutil.dll
0x0000000079f40000 - 0x0000000079f66000 	C:\Program Files\MATLAB\R2013a\bin\win64\libmwmathrng.dll
0x00000000050e0000 - 0x00000000050f0000 	C:\Program Files\MATLAB\R2013a\bin\win64\libmwmfl_rng.dll
0x0000000074c10000 - 0x0000000074cf8000 	C:\Program Files\MATLAB\R2013a\bin\win64\libmwmathcore.dll
0x0000000076160000 - 0x00000000761c3000 	C:\Program Files\MATLAB\R2013a\bin\win64\libmwspmatrix.dll
0x000000007b0a0000 - 0x000000007b2f6000 	C:\Program Files\MATLAB\R2013a\bin\win64\mcos.dll
0x0000000075ea0000 - 0x0000000075f02000 	C:\Program Files\MATLAB\R2013a\bin\win64\libmwcholmod.dll
0x0000000005100000 - 0x000000000510d000 	C:\Program Files\MATLAB\R2013a\bin\win64\libmwamd.dll
0x00000000734b0000 - 0x0000000073553000 	C:\Windows\WinSxS\amd64_microsoft.vc90.crt_1fc8b3b9a1e18e3b_9.0.30729.6161_none_08e61857a83bc251\MSVCR90.dll
0x0000000005120000 - 0x000000000512c000 	C:\Program Files\MATLAB\R2013a\bin\win64\libmwcolamd.dll
0x000000007a290000 - 0x000000007a2a3000 	C:\Program Files\MATLAB\R2013a\bin\win64\libmwblas.dll
0x000000007a310000 - 0x000000007a325000 	C:\Program Files\MATLAB\R2013a\bin\win64\libmwbinder.dll
0x0000000005140000 - 0x000000000514b000 	C:\Program Files\MATLAB\R2013a\bin\win64\libmwompwrapper.dll
0x0000000075820000 - 0x000000007589e000 	C:\Program Files\MATLAB\R2013a\bin\win64\libmwlapack.dll
0x000000007a1b0000 - 0x000000007a1d0000 	C:\Program Files\MATLAB\R2013a\bin\win64\m_pcodeio.dll
0x0000000079b10000 - 0x0000000079b6c000 	C:\Program Files\MATLAB\R2013a\bin\win64\m_ir.dll
0x0000000078ed0000 - 0x0000000079579000 	C:\Program Files\MATLAB\R2013a\bin\win64\m_parser.dll
0x000000007a2f0000 - 0x000000007a307000 	C:\Program Files\MATLAB\R2013a\bin\win64\ir_xfmr.dll
0x0000000005150000 - 0x0000000005160000 	C:\Program Files\MATLAB\R2013a\bin\win64\mtok.dll
0x000000007a130000 - 0x000000007a158000 	C:\Program Files\MATLAB\R2013a\bin\win64\m_pcodegen.dll
0x0000000079fb0000 - 0x0000000079fdf000 	C:\Program Files\MATLAB\R2013a\bin\win64\libmwbridge.dll
0x0000000074f40000 - 0x0000000074ff6000 	C:\Program Files\MATLAB\R2013a\bin\win64\udd.dll
0x0000000073cc0000 - 0x0000000073e0e000 	C:\Program Files\MATLAB\R2013a\bin\win64\libmwgui.dll
0x000000007a1d0000 - 0x000000007a1f4000 	C:\Program Files\MATLAB\R2013a\bin\win64\graphics_util.dll
0x000007fee32d0000 - 0x000007fee3388000 	C:\Program Files\MATLAB\R2013a\bin\win64\libtex_base.dll
0x0000000005160000 - 0x0000000005aa3000 	C:\Program Files\MATLAB\R2013a\bin\win64\hg.dll
0x0000000076100000 - 0x000000007615a000 	C:\Program Files\MATLAB\R2013a\bin\win64\libmat.dll
0x0000000072d30000 - 0x0000000072f38000 	C:\Program Files\MATLAB\R2013a\bin\win64\hdf5dll.dll
0x0000000075710000 - 0x00000000757d8000 	C:\Program Files\MATLAB\R2013a\bin\win64\jmi.dll
0x0000000005ac0000 - 0x0000000005ace000 	C:\Program Files\MATLAB\R2013a\bin\win64\nativejava_services.dll
0x0000000005ad0000 - 0x0000000005b10000 	C:\Program Files\MATLAB\R2013a\bin\win64\libmwhardcopy.dll
0x0000000075c70000 - 0x0000000075cce000 	C:\Program Files\MATLAB\R2013a\bin\win64\libuij.dll
0x0000000072f50000 - 0x000000007318f000 	C:\Program Files\MATLAB\R2013a\bin\win64\hgdatatypes.dll
0x0000000005b10000 - 0x0000000005bfb000 	C:\Program Files\MATLAB\R2013a\bin\win64\hgutils.dll
0x0000000005c00000 - 0x0000000005cae000 	C:\Program Files\MATLAB\R2013a\bin\win64\udd_mi.dll
0x0000000005cb0000 - 0x0000000005ce6000 	C:\Program Files\MATLAB\R2013a\bin\win64\libmwgbtutils.dll
0x0000000005cf0000 - 0x0000000005d04000 	C:\Program Files\MATLAB\R2013a\bin\win64\libmwgbt.dll
0x0000000005d10000 - 0x0000000005fde000 	C:\Program Files\MATLAB\R2013a\bin\win64\uiw.dll
0x0000000005fe0000 - 0x0000000005fe9000 	C:\Program Files\MATLAB\R2013a\bin\win64\uinone.dll
0x0000000005ff0000 - 0x0000000006016000 	C:\Program Files\MATLAB\R2013a\bin\win64\libmwnativefiledialogs.dll
0x0000000006020000 - 0x000000000602c000 	C:\Program Files\MATLAB\R2013a\bin\win64\libmwplatform_res.dll
0x000007fef8320000 - 0x000007fef8338000 	C:\Windows\system32\MPR.dll
0x0000000065da0000 - 0x00000000662fd000 	C:\Program Files\MATLAB\R2013a\bin\win64\mfc100.dll
0x000007fefa7c0000 - 0x000007fefa7c7000 	C:\Windows\system32\MSIMG32.dll
0x000007fef9110000 - 0x000007fef9181000 	C:\Windows\system32\WINSPOOL.DRV
0x0000000006030000 - 0x000000000604d000 	C:\Program Files\MATLAB\R2013a\bin\win64\mwoles05.DLL
0x0000000006050000 - 0x00000000060bc000 	C:\Program Files\MATLAB\R2013a\bin\win64\comcli.dll
0x000000006a1f0000 - 0x000000006a21b000 	C:\Program Files\MATLAB\R2013a\bin\win64\ATL100.DLL
0x00000000060c0000 - 0x00000000060cc000 	C:\Program Files\MATLAB\R2013a\bin\win64\mlautoregister.dll
0x00000000060d0000 - 0x0000000006226000 	C:\Program Files\MATLAB\R2013a\bin\win64\mvm.dll
0x000007fefc920000 - 0x000007fefc977000 	C:\Windows\system32\apphelp.dll
0x000007feecda0000 - 0x000007feecdf1000 	C:\Windows\AppPatch\AppPatch64\AcGenral.DLL
0x000007fefc8f0000 - 0x000007fefc915000 	C:\Windows\system32\SspiCli.dll
0x0000000071dd0000 - 0x0000000071dd3000 	C:\Windows\system32\sfc.dll
0x000007fef64f0000 - 0x000007fef6500000 	C:\Windows\system32\sfc_os.DLL
0x000007fefcbf0000 - 0x000007fefcc0e000 	C:\Windows\system32\USERENV.dll
0x000007fefcb10000 - 0x000007fefcb1f000 	C:\Windows\system32\profapi.dll

VM Arguments:
jvm_args: -XX:PermSize=32m -Xms64m -XX:NewRatio=3 -XX:MaxPermSize=128m -Xmx196m -XX:MaxDirectMemorySize=2147400000 -Dsun.java2d.noddraw=true -Dsun.awt.nopixfmt=true -Xshare:off -Xrs -Dsun.awt.disableMixing=true -Djava.library.path=C:\Program Files\MATLAB\R2013a\bin\win64;C:\Program Files\MATLAB\R2013a\sys\jxbrowser\win64\lib vfprintf abort -XX:ParallelGCThreads=6 
java_command: <unknown>
Launcher Type: generic

Environment Variables:
PATH=C:\Python33\;C:\Program Files (x86)\SolidWorks Corp\COSMOS M;C:\Program Files (x86)\NVIDIA Corporation\PhysX\Common;C:\Program Files (x86)\Intel\iCLS Client\;C:\Program Files\Intel\iCLS Client\;C:\Program Files\Common Files\Microsoft Shared\Windows Live;C:\Program Files (x86)\Common Files\Microsoft Shared\Windows Live;C:\Windows\system32;C:\Windows;C:\Windows\System32\Wbem;C:\Windows\System32\WindowsPowerShell\v1.0\;C:\Program Files (x86)\Windows Live\Shared;C:\Program Files (x86)\EgisTec MyWinLocker\x64;C:\Program Files (x86)\EgisTec MyWinLocker\;C:\Program Files (x86)\Intel\OpenCL SDK\2.0\bin\x86;C:\Program Files (x86)\Intel\OpenCL SDK\2.0\bin\x64;C:\Program Files\Intel\Intel(R) Management Engine Components\DAL;C:\Program Files\Intel\Intel(R) Management Engine Components\IPT;C:\Program Files (x86)\Intel\Intel(R) Management Engine Components\DAL;C:\Program Files (x86)\Intel\Intel(R) Management Engine Components\IPT;C:\Program Files\MATLAB\R2013a2\runtime\win64;C:\Program Files\MATLAB\R2013a2\bin;C:\Program Files\MATLAB\R2007b\bin;C:\Program Files\MATLAB\R2007b\bin\win64;C:\Program Files\Microsoft SQL Server\110\Tools\Binn\;C:\Program Files\Microsoft Windows Performance Toolkit\
USERNAME=Martin
OS=Windows_NT
PROCESSOR_IDENTIFIER=Intel64 Family 6 Model 58 Stepping 9, GenuineIntel



---------------  S Y S T E M  ---------------

OS: Windows 7 Build 7601 Service Pack 1

CPU:total 8 (8 cores per cpu, 2 threads per core) family 6 model 58 stepping 9, cmov, cx8, fxsr, mmx, sse, sse2, sse3, ssse3, sse4.1, sse4.2, ht

Memory: 4k page, physical 6125932k(2281804k free), swap 12250000k(8083644k free)

vm_info: Java HotSpot(TM) 64-Bit Server VM (14.3-b01) for windows-amd64 JRE (1.6.0_17-b04), built on Oct 11 2009 00:46:08 by "java_re" with MS VC++ 8.0

time: Wed Jul 09 12:53:46 2014
elapsed time: 1438 seconds

