#
# A fatal error has been detected by the Java Runtime Environment:
#
#  EXCEPTION_ACCESS_VIOLATION (0xc0000005) at pc=0x0000000074e9214e, pid=6812, tid=5836
#
# JRE version: 6.0_17-b04
# Java VM: Java HotSpot(TM) 64-Bit Server VM (14.3-b01 mixed mode windows-amd64 )
# Problematic frame:
# C  [m_dispatcher.dll+0x1214e]
#
# If you would like to submit a bug report, please visit:
#   http://java.sun.com/webapps/bugreport/crash.jsp
# The crash happened outside the Java Virtual Machine in native code.
# See problematic frame for where to report the bug.
#

---------------  T H R E A D  ---------------

Current thread (0x00000000065a6800):  JavaThread "main" [_thread_in_native, id=5836, stack(0x0000000000030000,0x0000000004030000)]

siginfo: ExceptionCode=0xc0000005, reading address 0x00000000000000de

Registers:
EAX=0xfffffffffffffffe, EBX=0x000000013efa0e78, ECX=0x000000000402e890, EDX=0x0000000000000007
ESP=0x000000000402cb48, EBP=0x000000000402d130, ESI=0x0000000000000000, EDI=0x000000000e3fdc10
EIP=0x0000000074e9214e, EFLAGS=0x0000000000010206

Top of Stack: (sp=0x000000000402cb48)
0x000000000402cb48:   0000000004650dc0 6a2f613300000000
0x000000000402cb58:   000000000402ce60 0000000000000001
0x000000000402cb68:   00000000065a6f90 00000000065a6800
0x000000000402cb78:   000000000402ce90 0000000000000000
0x000000000402cb88:   000000013efa0e60 0000000000000000
0x000000000402cb98:   0000000004650d01 000000013efa0e78
0x000000000402cba8:   0000000000000000 0000000000000001
0x000000000402cbb8:   000000013efa0e70 000000000402cc88
0x000000000402cbc8:   0000000078a66215 00000000597d8280
0x000000000402cbd8:   0000000000000000 fffffffffffffffe
0x000000000402cbe8:   000000002c1060e0 00000000065a6800
0x000000000402cbf8:   0000000000000000 000000002c0ff4a0
0x000000000402cc08:   0000000078a76513 000000005a69c8c0
0x000000000402cc18:   00000000065a6f98 000000000623ce90
0x000000000402cc28:   000000000402ce90 000107bd2c0ffed8
0x000000000402cc38:   0000000075aa2239 0000000000000001 

Instructions: (pc=0x0000000074e9214e)
0x0000000074e9213e:   48 8b 89 60 04 00 00 48 85 c9 74 1c 48 8b 41 30
0x0000000074e9214e:   80 b8 e0 00 00 00 00 74 06 48 85 c9 74 0a c3 48 


Stack: [0x0000000000030000,0x0000000004030000],  sp=0x000000000402cb48,  free space=65522k
Native frames: (J=compiled Java code, j=interpreted, Vv=VM code, C=native code)
C  [m_dispatcher.dll+0x1214e]

Java frames: (J=compiled Java code, j=interpreted, Vv=VM code)
j  com.mathworks.jmi.NativeMatlab.SendMatlabMessage(Ljava/lang/Object;)Ljava/lang/Object;+0
j  com.mathworks.jmi.NativeMatlab.sendMatlabMessage(Ljava/lang/Object;)Ljava/lang/Object;+22
j  com.mathworks.jmi.MatlabLooper.sendMatlabMessage(Lcom/mathworks/services/message/MWMessage;)Ljava/lang/Object;+20
j  com.mathworks.jmi.Matlab.mtFevalConsoleOutput(Ljava/lang/String;[Ljava/lang/Object;I)Ljava/lang/Object;+58
j  com.mathworks.mde.desk.MLDesktop$8.run()V+14
j  com.mathworks.jmi.NativeMatlab.dispatchMTRequests(Z)V+57
v  ~StubRoutines::call_stub

---------------  P R O C E S S  ---------------

Java Threads: ( => current thread )
  0x00000000584ad000 JavaThread "Code Analyzer updating thread" [_thread_blocked, id=652, stack(0x0000000124000000,0x0000000128000000)]
  0x0000000059cb9000 JavaThread "Code Analyzer updating thread" [_thread_blocked, id=8120, stack(0x0000000128000000,0x000000012c000000)]
  0x00000000584b7000 JavaThread "Code Analyzer updating thread" [_thread_blocked, id=7188, stack(0x0000000120000000,0x0000000124000000)]
  0x00000000584b7800 JavaThread "Code Analyzer updating thread" [_thread_blocked, id=5588, stack(0x000000011c000000,0x0000000120000000)]
  0x00000000584b5800 JavaThread "Code Analyzer updating thread" [_thread_blocked, id=7248, stack(0x00000000c8000000,0x00000000cc000000)]
  0x00000000584b4800 JavaThread "Code Analyzer updating thread" [_thread_blocked, id=7492, stack(0x0000000118000000,0x000000011c000000)]
  0x00000000584af800 JavaThread "Prefs Updater" daemon [_thread_blocked, id=6232, stack(0x00000000cc000000,0x00000000d0000000)]
  0x00000000584b6000 JavaThread "Code Analyzer updating thread" [_thread_blocked, id=4728, stack(0x000000010c000000,0x0000000110000000)]
  0x00000000584b1000 JavaThread "Active Reference Queue Daemon" daemon [_thread_blocked, id=6368, stack(0x0000000100000000,0x0000000104000000)]
  0x00000000584b2800 JavaThread "Timer-2" daemon [_thread_blocked, id=5580, stack(0x00000000d8000000,0x00000000dc000000)]
  0x00000000584b3800 JavaThread "Timer-1" daemon [_thread_blocked, id=2096, stack(0x0000000108000000,0x000000010c000000)]
  0x00000000584b4000 JavaThread "com.jniwrapper.NativeResourceCollector" daemon [_thread_blocked, id=7208, stack(0x00000000f8000000,0x00000000fc000000)]
  0x00000000584b0800 JavaThread "Swing-Shell" daemon [_thread_blocked, id=6156, stack(0x00000000fc000000,0x0000000100000000)]
  0x00000000584ae000 JavaThread "ClipboardMonitor Timer" daemon [_thread_blocked, id=2852, stack(0x00000000f0000000,0x00000000f4000000)]
  0x00000000584ad800 JavaThread "Explorer NavigationContext request queue" daemon [_thread_blocked, id=7908, stack(0x00000000ec000000,0x00000000f0000000)]
  0x00000000584ab800 JavaThread "AddressBar directory emptiness poller" daemon [_thread_blocked, id=6076, stack(0x00000000e0000000,0x00000000e4000000)]
  0x00000000584aa800 JavaThread "Explorer Refresh Service 1773381453" daemon [_thread_blocked, id=3232, stack(0x00000000dc000000,0x00000000e0000000)]
  0x00000000584aa000 JavaThread "Thread-4" daemon [_thread_blocked, id=5660, stack(0x00000000d4000000,0x00000000d8000000)]
  0x00000000584a9000 JavaThread "TimerQueue" daemon [_thread_blocked, id=7436, stack(0x00000000d0000000,0x00000000d4000000)]
  0x00000000584a8800 JavaThread "Thread-3" daemon [_thread_blocked, id=3624, stack(0x00000000b8000000,0x00000000bc000000)]
  0x000000005a18a000 JavaThread "FelixPackageAdmin" daemon [_thread_blocked, id=4208, stack(0x00000000c4000000,0x00000000c8000000)]
  0x0000000059e4b800 JavaThread "FelixStartLevel" daemon [_thread_blocked, id=3300, stack(0x00000000c0000000,0x00000000c4000000)]
  0x0000000059e11000 JavaThread "FelixDispatchQueue" daemon [_thread_blocked, id=7400, stack(0x00000000bc000000,0x00000000c0000000)]
  0x0000000059683000 JavaThread "AWT-EventQueue-0" [_thread_in_Java, id=4720, stack(0x00000000b4000000,0x00000000b8000000)]
  0x0000000059685000 JavaThread "AWT-Shutdown" [_thread_blocked, id=7256, stack(0x00000000a4000000,0x00000000a8000000)]
  0x000000005941a000 JavaThread "com.google.common.base.internal.Finalizer" daemon [_thread_blocked, id=4944, stack(0x00000000b0000000,0x00000000b4000000)]
  0x00000000593f4800 JavaThread "AWT-Windows" daemon [_thread_in_native, id=7320, stack(0x00000000a8000000,0x00000000ac000000)]
  0x00000000593f3000 JavaThread "Java2D Disposer" daemon [_thread_blocked, id=7788, stack(0x00000000a0000000,0x00000000a4000000)]
  0x0000000058ebe800 JavaThread "Timer-0" [_thread_blocked, id=7644, stack(0x000000009c000000,0x00000000a0000000)]
  0x0000000058e34800 JavaThread "EventMgr Dispatcher" daemon [_thread_in_native, id=7620, stack(0x0000000098000000,0x000000009c000000)]
  0x000000000ef4c000 JavaThread "Low Memory Detector" daemon [_thread_blocked, id=4980, stack(0x0000000090000000,0x0000000094000000)]
  0x000000000ef45800 JavaThread "CompilerThread1" daemon [_thread_blocked, id=3332, stack(0x000000008c000000,0x0000000090000000)]
  0x000000000ef3b800 JavaThread "CompilerThread0" daemon [_thread_in_native, id=6664, stack(0x0000000088000000,0x000000008c000000)]
  0x000000000ef35000 JavaThread "Attach Listener" daemon [_thread_blocked, id=7120, stack(0x0000000084000000,0x0000000088000000)]
  0x000000000eed8800 JavaThread "Finalizer" daemon [_thread_blocked, id=7380, stack(0x0000000080000000,0x0000000084000000)]
  0x000000000eed7800 JavaThread "Reference Handler" daemon [_thread_blocked, id=8184, stack(0x000000005c5f0000,0x00000000605f0000)]
=>0x00000000065a6800 JavaThread "main" [_thread_in_native, id=5836, stack(0x0000000000030000,0x0000000004030000)]

Other Threads:
  0x000000000eed3000 VMThread [stack: 0x0000000053540000,0x0000000057540000] [id=2896]
  0x000000000ef7f800 WatcherThread [stack: 0x0000000094000000,0x0000000098000000] [id=6892]

VM state:not at safepoint (normal execution)

VM Mutex/Monitor currently owned by a thread: None

Heap
 PSYoungGen      total 16128K, used 11951K [0x0000000038440000, 0x0000000039440000, 0x000000003b540000)
  eden space 15872K, 73% used [0x0000000038440000,0x0000000038fb6078,0x00000000393c0000)
  from space 256K, 84% used [0x00000000393c0000,0x00000000393f5d60,0x0000000039400000)
  to   space 256K, 0% used [0x0000000039400000,0x0000000039400000,0x0000000039440000)
 PSOldGen        total 96448K, used 79354K [0x000000002f140000, 0x0000000034f70000, 0x0000000038440000)
  object space 96448K, 82% used [0x000000002f140000,0x0000000033ebeb88,0x0000000034f70000)
 PSPermGen       total 107712K, used 81695K [0x0000000027140000, 0x000000002da70000, 0x000000002f140000)
  object space 107712K, 75% used [0x0000000027140000,0x000000002c107de8,0x000000002da70000)

Dynamic libraries:
0x0000000140000000 - 0x0000000140028000 	C:\Program Files\MATLAB\R2013a\bin\win64\MATLAB.exe
0x0000000077410000 - 0x00000000775b9000 	C:\Windows\SYSTEM32\ntdll.dll
0x00000000771f0000 - 0x000000007730f000 	C:\Windows\system32\kernel32.dll
0x000007fefc4e0000 - 0x000007fefc54c000 	C:\Windows\system32\KERNELBASE.dll
0x0000000074460000 - 0x0000000074515000 	C:\Program Files\MATLAB\R2013a\bin\win64\libut.dll
0x00000000758a0000 - 0x000000007595f000 	C:\Program Files\MATLAB\R2013a\bin\win64\libmwi18n.dll
0x0000000180000000 - 0x000000018000d000 	C:\Program Files\MATLAB\R2013a\bin\win64\libmwresource_core.dll
0x0000000066cc0000 - 0x0000000066d58000 	C:\Program Files\MATLAB\R2013a\bin\win64\MSVCP100.dll
0x0000000067d10000 - 0x0000000067de2000 	C:\Program Files\MATLAB\R2013a\bin\win64\MSVCR100.dll
0x0000000072490000 - 0x000000007249e000 	C:\Program Files\MATLAB\R2013a\bin\win64\boost_date_time-vc100-mt-1_49.dll
0x0000000066c90000 - 0x0000000066cbc000 	C:\Program Files\MATLAB\R2013a\bin\win64\boost_filesystem-vc100-mt-1_49.dll
0x00000000729a0000 - 0x00000000729a9000 	C:\Program Files\MATLAB\R2013a\bin\win64\boost_system-vc100-mt-1_49.dll
0x000007fefc9d0000 - 0x000007fefcaab000 	C:\Windows\system32\ADVAPI32.dll
0x000007fefe130000 - 0x000007fefe1cf000 	C:\Windows\system32\msvcrt.dll
0x000007fefe930000 - 0x000007fefe94f000 	C:\Windows\SYSTEM32\sechost.dll
0x000007fefcb80000 - 0x000007fefccad000 	C:\Windows\system32\RPCRT4.dll
0x000000006b230000 - 0x000000006b255000 	C:\Program Files\MATLAB\R2013a\bin\win64\LIBEXPAT.dll
0x000000005c460000 - 0x000000005c5ea000 	C:\Program Files\MATLAB\R2013a\bin\win64\icuin49.dll
0x0000000064260000 - 0x000000006439e000 	C:\Program Files\MATLAB\R2013a\bin\win64\icuuc49.dll
0x000000005b330000 - 0x000000005c452000 	C:\Program Files\MATLAB\R2013a\bin\win64\icudt49.dll
0x000000006b290000 - 0x000000006b2a0000 	C:\Program Files\MATLAB\R2013a\bin\win64\icuio49.dll
0x0000000073f70000 - 0x0000000074112000 	C:\Program Files\MATLAB\R2013a\bin\win64\libmwfl.dll
0x000000007a350000 - 0x000000007a737000 	C:\Program Files\MATLAB\R2013a\bin\win64\libmwMATLAB_res.dll
0x000000005b250000 - 0x000000005b32f000 	C:\Program Files\MATLAB\R2013a\bin\win64\boost_regex-vc100-mt-1_49.dll
0x0000000077310000 - 0x000000007740a000 	C:\Windows\system32\USER32.dll
0x000007fefcab0000 - 0x000007fefcb17000 	C:\Windows\system32\GDI32.dll
0x000007fefe8c0000 - 0x000007fefe8ce000 	C:\Windows\system32\LPK.dll
0x000007fefda40000 - 0x000007fefdb09000 	C:\Windows\system32\USP10.dll
0x000000006aff0000 - 0x000000006b001000 	C:\Program Files\MATLAB\R2013a\bin\win64\boost_signals-vc100-mt-1_49.dll
0x0000000067cf0000 - 0x0000000067d01000 	C:\Program Files\MATLAB\R2013a\bin\win64\boost_thread-vc100-mt-1_49.dll
0x000007fee2270000 - 0x000007fee22fc000 	C:\Program Files\MATLAB\R2013a\bin\win64\boost_log-vc100-mt-1_49.dll
0x00000000775e0000 - 0x00000000775e7000 	C:\Windows\system32\PSAPI.DLL
0x000007fefc650000 - 0x000007fefc69d000 	C:\Windows\system32\WS2_32.dll
0x000007fefc740000 - 0x000007fefc748000 	C:\Windows\system32\NSI.dll
0x000007fee2350000 - 0x000007fee2383000 	C:\Program Files\MATLAB\R2013a\bin\win64\tbb.dll
0x000007fefe110000 - 0x000007fefe129000 	C:\Windows\system32\imagehlp.dll
0x000007fefb020000 - 0x000007fefb04c000 	C:\Windows\system32\POWRPROF.dll
0x000007fefde20000 - 0x000007fefdff7000 	C:\Windows\system32\SETUPAPI.dll
0x000007fefc550000 - 0x000007fefc586000 	C:\Windows\system32\CFGMGR32.dll
0x000007fefdb10000 - 0x000007fefdbe7000 	C:\Windows\system32\OLEAUT32.dll
0x000007fefe280000 - 0x000007fefe483000 	C:\Windows\system32\ole32.dll
0x000007fefc4c0000 - 0x000007fefc4da000 	C:\Windows\system32\DEVOBJ.dll
0x0000000004110000 - 0x0000000004131000 	C:\Program Files\MATLAB\R2013a\bin\win64\libmwmfl_scalar.dll
0x000007fef7be0000 - 0x000007fef7d05000 	C:\Windows\system32\dbghelp.dll
0x00000000042b0000 - 0x00000000045df000 	C:\Program Files\MATLAB\R2013a\bin\win64\libmwservices.dll
0x0000000075a20000 - 0x0000000075b0b000 	C:\Program Files\MATLAB\R2013a\bin\win64\libmx.dll
0x000007fee9250000 - 0x000007fee9278000 	C:\Program Files\MATLAB\R2013a\bin\win64\tbbmalloc.dll
0x0000000066c70000 - 0x0000000066c87000 	C:\Program Files\MATLAB\R2013a\bin\win64\zlib1.dll
0x0000000004140000 - 0x000000000418e000 	C:\Program Files\MATLAB\R2013a\bin\win64\libmwregexp.dll
0x0000000075f10000 - 0x0000000075f57000 	C:\Program Files\MATLAB\R2013a\bin\win64\mpath.dll
0x000000007b680000 - 0x000000007bc66000 	C:\Program Files\MATLAB\R2013a\bin\win64\mlutil.dll
0x00000000754d0000 - 0x0000000075547000 	C:\Program Files\MATLAB\R2013a\bin\win64\xmlcore.dll
0x000000005b000000 - 0x000000005b241000 	C:\Program Files\MATLAB\R2013a\bin\win64\xerces-c_2_7.dll
0x00000000045e0000 - 0x0000000004602000 	C:\Program Files\MATLAB\R2013a\bin\win64\libmwMATLAB_settings_res.dll
0x000007feef510000 - 0x000007feef520000 	C:\Program Files\MATLAB\R2013a\bin\win64\boost_iostreams-vc100-mt-1_49.dll
0x000007fee5d20000 - 0x000007fee5d66000 	C:\Program Files\MATLAB\R2013a\bin\win64\boost_serialization-vc100-mt-1_49.dll
0x000007fefccb0000 - 0x000007fefda38000 	C:\Windows\system32\SHELL32.dll
0x000007fefc8b0000 - 0x000007fefc921000 	C:\Windows\system32\SHLWAPI.dll
0x00000000041a0000 - 0x00000000041a6000 	C:\Program Files\MATLAB\R2013a\bin\win64\libmwnativedisplay.dll
0x000007fef8560000 - 0x000007fef8600000 	C:\Windows\WinSxS\amd64_microsoft.windows.common-controls_6595b64144ccf1df_5.82.7601.18201_none_a4d3b9377117c3df\COMCTL32.dll
0x000007fefc6a0000 - 0x000007fefc737000 	C:\Windows\system32\COMDLG32.dll
0x000007fef96c0000 - 0x000007fef96d6000 	C:\Windows\system32\NETAPI32.dll
0x000007fef96b0000 - 0x000007fef96bc000 	C:\Windows\system32\netutils.dll
0x000007fefbe20000 - 0x000007fefbe43000 	C:\Windows\system32\srvcli.dll
0x000007fef9690000 - 0x000007fef96a5000 	C:\Windows\system32\wkscli.dll
0x0000000074970000 - 0x0000000074a18000 	C:\Program Files\MATLAB\R2013a\bin\win64\mcr.dll
0x0000000075000000 - 0x00000000753b1000 	C:\Program Files\MATLAB\R2013a\bin\win64\iqm.dll
0x0000000074e80000 - 0x0000000074f30000 	C:\Program Files\MATLAB\R2013a\bin\win64\m_dispatcher.dll
0x0000000004610000 - 0x0000000004e18000 	C:\Program Files\MATLAB\R2013a\bin\win64\m_interpreter.dll
0x0000000004e20000 - 0x0000000004e44000 	C:\Program Files\MATLAB\R2013a\bin\win64\libmex.dll
0x0000000075430000 - 0x00000000754ab000 	C:\Program Files\MATLAB\R2013a\bin\win64\profiler.dll
0x0000000004e50000 - 0x00000000050d3000 	C:\Program Files\MATLAB\R2013a\bin\win64\libmwmathutil.dll
0x0000000079f40000 - 0x0000000079f66000 	C:\Program Files\MATLAB\R2013a\bin\win64\libmwmathrng.dll
0x00000000050e0000 - 0x00000000050f0000 	C:\Program Files\MATLAB\R2013a\bin\win64\libmwmfl_rng.dll
0x0000000074c10000 - 0x0000000074cf8000 	C:\Program Files\MATLAB\R2013a\bin\win64\libmwmathcore.dll
0x0000000076160000 - 0x00000000761c3000 	C:\Program Files\MATLAB\R2013a\bin\win64\libmwspmatrix.dll
0x000000007b0a0000 - 0x000000007b2f6000 	C:\Program Files\MATLAB\R2013a\bin\win64\mcos.dll
0x0000000075ea0000 - 0x0000000075f02000 	C:\Program Files\MATLAB\R2013a\bin\win64\libmwcholmod.dll
0x0000000005100000 - 0x000000000510d000 	C:\Program Files\MATLAB\R2013a\bin\win64\libmwamd.dll
0x0000000074d20000 - 0x0000000074dc3000 	C:\Windows\WinSxS\amd64_microsoft.vc90.crt_1fc8b3b9a1e18e3b_9.0.30729.6161_none_08e61857a83bc251\MSVCR90.dll
0x0000000005120000 - 0x000000000512c000 	C:\Program Files\MATLAB\R2013a\bin\win64\libmwcolamd.dll
0x000000007a290000 - 0x000000007a2a3000 	C:\Program Files\MATLAB\R2013a\bin\win64\libmwblas.dll
0x000000007a310000 - 0x000000007a325000 	C:\Program Files\MATLAB\R2013a\bin\win64\libmwbinder.dll
0x0000000005140000 - 0x000000000514b000 	C:\Program Files\MATLAB\R2013a\bin\win64\libmwompwrapper.dll
0x0000000075820000 - 0x000000007589e000 	C:\Program Files\MATLAB\R2013a\bin\win64\libmwlapack.dll
0x000000007a1b0000 - 0x000000007a1d0000 	C:\Program Files\MATLAB\R2013a\bin\win64\m_pcodeio.dll
0x0000000079b10000 - 0x0000000079b6c000 	C:\Program Files\MATLAB\R2013a\bin\win64\m_ir.dll
0x0000000078ed0000 - 0x0000000079579000 	C:\Program Files\MATLAB\R2013a\bin\win64\m_parser.dll
0x000000007a2f0000 - 0x000000007a307000 	C:\Program Files\MATLAB\R2013a\bin\win64\ir_xfmr.dll
0x0000000005150000 - 0x0000000005160000 	C:\Program Files\MATLAB\R2013a\bin\win64\mtok.dll
0x000000007a130000 - 0x000000007a158000 	C:\Program Files\MATLAB\R2013a\bin\win64\m_pcodegen.dll
0x0000000079fb0000 - 0x0000000079fdf000 	C:\Program Files\MATLAB\R2013a\bin\win64\libmwbridge.dll
0x0000000074f40000 - 0x0000000074ff6000 	C:\Program Files\MATLAB\R2013a\bin\win64\udd.dll
0x0000000073cc0000 - 0x0000000073e0e000 	C:\Program Files\MATLAB\R2013a\bin\win64\libmwgui.dll
0x000000007a1d0000 - 0x000000007a1f4000 	C:\Program Files\MATLAB\R2013a\bin\win64\graphics_util.dll
0x000007fee1c40000 - 0x000007fee1cf8000 	C:\Program Files\MATLAB\R2013a\bin\win64\libtex_base.dll
0x0000000005160000 - 0x0000000005aa3000 	C:\Program Files\MATLAB\R2013a\bin\win64\hg.dll
0x0000000076100000 - 0x000000007615a000 	C:\Program Files\MATLAB\R2013a\bin\win64\libmat.dll
0x0000000072d30000 - 0x0000000072f38000 	C:\Program Files\MATLAB\R2013a\bin\win64\hdf5dll.dll
0x0000000075710000 - 0x00000000757d8000 	C:\Program Files\MATLAB\R2013a\bin\win64\jmi.dll
0x0000000005ac0000 - 0x0000000005ace000 	C:\Program Files\MATLAB\R2013a\bin\win64\nativejava_services.dll
0x0000000005ad0000 - 0x0000000005b10000 	C:\Program Files\MATLAB\R2013a\bin\win64\libmwhardcopy.dll
0x0000000075c70000 - 0x0000000075cce000 	C:\Program Files\MATLAB\R2013a\bin\win64\libuij.dll
0x0000000072f50000 - 0x000000007318f000 	C:\Program Files\MATLAB\R2013a\bin\win64\hgdatatypes.dll
0x0000000005b10000 - 0x0000000005bfb000 	C:\Program Files\MATLAB\R2013a\bin\win64\hgutils.dll
0x0000000005c00000 - 0x0000000005cae000 	C:\Program Files\MATLAB\R2013a\bin\win64\udd_mi.dll
0x0000000005cb0000 - 0x0000000005ce6000 	C:\Program Files\MATLAB\R2013a\bin\win64\libmwgbtutils.dll
0x0000000005cf0000 - 0x0000000005d04000 	C:\Program Files\MATLAB\R2013a\bin\win64\libmwgbt.dll
0x0000000005d10000 - 0x0000000005fde000 	C:\Program Files\MATLAB\R2013a\bin\win64\uiw.dll
0x0000000005fe0000 - 0x0000000005fe9000 	C:\Program Files\MATLAB\R2013a\bin\win64\uinone.dll
0x0000000005ff0000 - 0x0000000006016000 	C:\Program Files\MATLAB\R2013a\bin\win64\libmwnativefiledialogs.dll
0x0000000006020000 - 0x000000000602c000 	C:\Program Files\MATLAB\R2013a\bin\win64\libmwplatform_res.dll
0x000007fef75c0000 - 0x000007fef75d8000 	C:\Windows\system32\MPR.dll
0x0000000057990000 - 0x0000000057eed000 	C:\Program Files\MATLAB\R2013a\bin\win64\mfc100.dll
0x000007fef94d0000 - 0x000007fef94d7000 	C:\Windows\system32\MSIMG32.dll
0x000007fef84e0000 - 0x000007fef8551000 	C:\Windows\system32\WINSPOOL.DRV
0x0000000006030000 - 0x000000000604d000 	C:\Program Files\MATLAB\R2013a\bin\win64\mwoles05.DLL
0x0000000006050000 - 0x00000000060bc000 	C:\Program Files\MATLAB\R2013a\bin\win64\comcli.dll
0x0000000065d10000 - 0x0000000065d3b000 	C:\Program Files\MATLAB\R2013a\bin\win64\ATL100.DLL
0x00000000060c0000 - 0x00000000060cc000 	C:\Program Files\MATLAB\R2013a\bin\win64\mlautoregister.dll
0x00000000060d0000 - 0x0000000006226000 	C:\Program Files\MATLAB\R2013a\bin\win64\mvm.dll
0x000007fefc0a0000 - 0x000007fefc0f7000 	C:\Windows\system32\apphelp.dll
0x000007fee1d60000 - 0x000007fee1db1000 	C:\Windows\AppPatch\AppPatch64\AcGenral.DLL
0x000007fefc070000 - 0x000007fefc095000 	C:\Windows\system32\SspiCli.dll
0x0000000070a30000 - 0x0000000070a33000 	C:\Windows\system32\sfc.dll
0x000007fef3440000 - 0x000007fef3450000 	C:\Windows\system32\sfc_os.DLL
0x000007fefc310000 - 0x000007fefc32e000 	C:\Windows\system32\USERENV.dll
0x000007fefc2a0000 - 0x000007fefc2af000 	C:\Windows\system32\profapi.dll

VM Arguments:
jvm_args: -XX:PermSize=32m -Xms64m -XX:NewRatio=3 -XX:MaxPermSize=128m -Xmx196m -XX:MaxDirectMemorySize=2147400000 -Dsun.java2d.noddraw=true -Dsun.awt.nopixfmt=true -Xshare:off -Xrs -Dsun.awt.disableMixing=true -Djava.library.path=C:\Program Files\MATLAB\R2013a\bin\win64;C:\Program Files\MATLAB\R2013a\sys\jxbrowser\win64\lib vfprintf abort -XX:ParallelGCThreads=6 
java_command: <unknown>
Launcher Type: generic

Environment Variables:
PATH=C:\Python33\;C:\Program Files (x86)\SolidWorks Corp\COSMOS M;C:\Program Files (x86)\NVIDIA Corporation\PhysX\Common;C:\Program Files (x86)\Intel\iCLS Client\;C:\Program Files\Intel\iCLS Client\;C:\Program Files\Common Files\Microsoft Shared\Windows Live;C:\Program Files (x86)\Common Files\Microsoft Shared\Windows Live;C:\Windows\system32;C:\Windows;C:\Windows\System32\Wbem;C:\Windows\System32\WindowsPowerShell\v1.0\;C:\Program Files (x86)\Windows Live\Shared;C:\Program Files (x86)\EgisTec MyWinLocker\x64;C:\Program Files (x86)\EgisTec MyWinLocker\;C:\Program Files (x86)\Intel\OpenCL SDK\2.0\bin\x86;C:\Program Files (x86)\Intel\OpenCL SDK\2.0\bin\x64;C:\Program Files\Intel\Intel(R) Management Engine Components\DAL;C:\Program Files\Intel\Intel(R) Management Engine Components\IPT;C:\Program Files (x86)\Intel\Intel(R) Management Engine Components\DAL;C:\Program Files (x86)\Intel\Intel(R) Management Engine Components\IPT;C:\Program Files\MATLAB\R2013a2\runtime\win64;C:\Program Files\MATLAB\R2013a2\bin;C:\Program Files\MATLAB\R2007b\bin;C:\Program Files\MATLAB\R2007b\bin\win64;C:\Program Files\Microsoft SQL Server\110\Tools\Binn\;C:\Program Files\Microsoft Windows Performance Toolkit\
USERNAME=Martin
OS=Windows_NT
PROCESSOR_IDENTIFIER=Intel64 Family 6 Model 58 Stepping 9, GenuineIntel



---------------  S Y S T E M  ---------------

OS: Windows 7 Build 7601 Service Pack 1

CPU:total 8 (8 cores per cpu, 2 threads per core) family 6 model 58 stepping 9, cmov, cx8, fxsr, mmx, sse, sse2, sse3, ssse3, sse4.1, sse4.2, ht

Memory: 4k page, physical 6125932k(2687348k free), swap 12250000k(8726208k free)

vm_info: Java HotSpot(TM) 64-Bit Server VM (14.3-b01) for windows-amd64 JRE (1.6.0_17-b04), built on Oct 11 2009 00:46:08 by "java_re" with MS VC++ 8.0

time: Thu Jul 10 13:42:52 2014
elapsed time: 2095 seconds

