#
# A fatal error has been detected by the Java Runtime Environment:
#
#  EXCEPTION_ACCESS_VIOLATION (0xc0000005) at pc=0x0000000074e9214e, pid=1912, tid=3520
#
# JRE version: 6.0_17-b04
# Java VM: Java HotSpot(TM) 64-Bit Server VM (14.3-b01 mixed mode windows-amd64 )
# Problematic frame:
# C  [m_dispatcher.dll+0x1214e]
#
# If you would like to submit a bug report, please visit:
#   http://java.sun.com/webapps/bugreport/crash.jsp
# The crash happened outside the Java Virtual Machine in native code.
# See problematic frame for where to report the bug.
#

---------------  T H R E A D  ---------------

Current thread (0x00000000066d6800):  JavaThread "main" [_thread_in_native, id=3520, stack(0x0000000000030000,0x0000000004030000)]

siginfo: ExceptionCode=0xc0000005, reading address 0x00000000000000de

Registers:
EAX=0xfffffffffffffffe, EBX=0x00000001253ad508, ECX=0x000000000402e890, EDX=0x0000000000000007
ESP=0x000000000402cb48, EBP=0x000000000402d130, ESI=0x0000000000000000, EDI=0x000000000e3bbf90
EIP=0x0000000074e9214e, EFLAGS=0x0000000000010206

Top of Stack: (sp=0x000000000402cb48)
0x000000000402cb48:   0000000004670dc0 6a2f613300000000
0x000000000402cb58:   000000000402ce60 0000000000000001
0x000000000402cb68:   00000000066d6f90 00000000066d6800
0x000000000402cb78:   000000000402ce90 0000000000000000
0x000000000402cb88:   00000001253ad390 0000000000000000
0x000000000402cb98:   0000000004670d01 00000001253ad508
0x000000000402cba8:   0000000000000000 0000000000000001
0x000000000402cbb8:   00000001253ad500 000000000402cc88
0x000000000402cbc8:   0000000078a66215 000000005b641470
0x000000000402cbd8:   0000000000000000 fffffffffffffffe
0x000000000402cbe8:   0000000029fc7818 00000000066d6800
0x000000000402cbf8:   000000002a02b3b0 0000000029fc6658
0x000000000402cc08:   0000000078a76513 0000000053742c40
0x000000000402cc18:   00000000066d6f98 000000000680ce90
0x000000000402cc28:   000000000402ce90 0700fe5f29fc6718
0x000000000402cc38:   0000000075aa2239 0000000000000001 

Instructions: (pc=0x0000000074e9214e)
0x0000000074e9213e:   48 8b 89 60 04 00 00 48 85 c9 74 1c 48 8b 41 30
0x0000000074e9214e:   80 b8 e0 00 00 00 00 74 06 48 85 c9 74 0a c3 48 


Stack: [0x0000000000030000,0x0000000004030000],  sp=0x000000000402cb48,  free space=65522k
Native frames: (J=compiled Java code, j=interpreted, Vv=VM code, C=native code)
C  [m_dispatcher.dll+0x1214e]

Java frames: (J=compiled Java code, j=interpreted, Vv=VM code)
j  com.mathworks.jmi.NativeMatlab.SendMatlabMessage(Ljava/lang/Object;)Ljava/lang/Object;+0
j  com.mathworks.jmi.NativeMatlab.sendMatlabMessage(Ljava/lang/Object;)Ljava/lang/Object;+22
j  com.mathworks.jmi.MatlabLooper.sendMatlabMessage(Lcom/mathworks/services/message/MWMessage;)Ljava/lang/Object;+20
j  com.mathworks.jmi.Matlab.mtFevalConsoleOutput(Ljava/lang/String;[Ljava/lang/Object;I)Ljava/lang/Object;+58
j  com.mathworks.mde.desk.MLDesktop$8.run()V+14
j  com.mathworks.jmi.NativeMatlab.dispatchMTRequests(Z)V+57
v  ~StubRoutines::call_stub

---------------  P R O C E S S  ---------------

Java Threads: ( => current thread )
  0x000000005b5e7800 JavaThread "Prefs Updater" daemon [_thread_blocked, id=8024, stack(0x0000000118620000,0x000000011c620000)]
  0x000000005b5e8800 JavaThread "Active Reference Queue Daemon" daemon [_thread_blocked, id=3560, stack(0x0000000120620000,0x0000000124620000)]
  0x000000005b5e6000 JavaThread "Timer-2" daemon [_thread_blocked, id=7776, stack(0x000000011c620000,0x0000000120620000)]
  0x000000005b5e4800 JavaThread "Timer-1" daemon [_thread_blocked, id=4032, stack(0x0000000108000000,0x000000010c000000)]
  0x000000005b5e7000 JavaThread "com.jniwrapper.NativeResourceCollector" daemon [_thread_blocked, id=3212, stack(0x0000000100000000,0x0000000104000000)]
  0x000000005b5df000 JavaThread "Swing-Shell" daemon [_thread_blocked, id=3708, stack(0x00000000e0000000,0x00000000e4000000)]
  0x000000005b5e1000 JavaThread "ClipboardMonitor Timer" daemon [_thread_blocked, id=4052, stack(0x00000000ec000000,0x00000000f0000000)]
  0x000000005b5df800 JavaThread "Explorer NavigationContext request queue" daemon [_thread_blocked, id=5012, stack(0x00000000e4000000,0x00000000e8000000)]
  0x000000005b5dd800 JavaThread "AddressBar directory emptiness poller" daemon [_thread_blocked, id=5804, stack(0x00000000d8000000,0x00000000dc000000)]
  0x000000005b5de000 JavaThread "Explorer Refresh Service 2118275672" daemon [_thread_blocked, id=5652, stack(0x00000000dc000000,0x00000000e0000000)]
  0x000000005b5dc800 JavaThread "Thread-4" daemon [_thread_blocked, id=7124, stack(0x00000000d0000000,0x00000000d4000000)]
  0x000000005b5dc000 JavaThread "TimerQueue" daemon [_thread_blocked, id=3624, stack(0x00000000cc000000,0x00000000d0000000)]
  0x000000005b5db800 JavaThread "Thread-3" daemon [_thread_blocked, id=1732, stack(0x00000000c0000000,0x00000000c4000000)]
  0x000000005af4c000 JavaThread "AWT-EventQueue-0" [_thread_blocked, id=3644, stack(0x00000000bc000000,0x00000000c0000000)]
  0x0000000053845800 JavaThread "AWT-Shutdown" [_thread_blocked, id=6872, stack(0x00000000a0000000,0x00000000a4000000)]
  0x0000000053cab000 JavaThread "FelixPackageAdmin" daemon [_thread_blocked, id=4412, stack(0x00000000b8000000,0x00000000bc000000)]
  0x000000005b617800 JavaThread "FelixStartLevel" daemon [_thread_blocked, id=6068, stack(0x00000000b4000000,0x00000000b8000000)]
  0x000000005af19800 JavaThread "FelixDispatchQueue" daemon [_thread_blocked, id=6688, stack(0x00000000b0000000,0x00000000b4000000)]
  0x0000000054c81000 JavaThread "com.google.common.base.internal.Finalizer" daemon [_thread_blocked, id=7628, stack(0x00000000ac000000,0x00000000b0000000)]
  0x0000000054c59000 JavaThread "AWT-Windows" daemon [_thread_in_native, id=6264, stack(0x00000000a4000000,0x00000000a8000000)]
  0x0000000054c15000 JavaThread "Java2D Disposer" daemon [_thread_blocked, id=6492, stack(0x000000009c000000,0x00000000a0000000)]
  0x00000000546e2800 JavaThread "Timer-0" [_thread_blocked, id=8032, stack(0x0000000098000000,0x000000009c000000)]
  0x00000000546e6800 JavaThread "EventMgr Dispatcher" daemon [_thread_in_native, id=4376, stack(0x0000000094000000,0x0000000098000000)]
  0x00000000536da800 JavaThread "Low Memory Detector" daemon [_thread_blocked, id=8068, stack(0x000000008c000000,0x0000000090000000)]
  0x00000000536c2800 JavaThread "CompilerThread1" daemon [_thread_blocked, id=3572, stack(0x0000000088000000,0x000000008c000000)]
  0x00000000536bb800 JavaThread "CompilerThread0" daemon [_thread_blocked, id=6748, stack(0x0000000084000000,0x0000000088000000)]
  0x00000000536b5000 JavaThread "Attach Listener" daemon [_thread_blocked, id=7516, stack(0x0000000080000000,0x0000000084000000)]
  0x0000000053658800 JavaThread "Finalizer" daemon [_thread_blocked, id=6332, stack(0x0000000061870000,0x0000000065870000)]
  0x0000000053657800 JavaThread "Reference Handler" daemon [_thread_blocked, id=6004, stack(0x000000005d610000,0x0000000061610000)]
=>0x00000000066d6800 JavaThread "main" [_thread_in_native, id=3520, stack(0x0000000000030000,0x0000000004030000)]

Other Threads:
  0x0000000053653000 VMThread [stack: 0x0000000056cc0000,0x000000005acc0000] [id=5648]
  0x000000005370b800 WatcherThread [stack: 0x0000000090000000,0x0000000094000000] [id=5276]

VM state:not at safepoint (normal execution)

VM Mutex/Monitor currently owned by a thread: None

Heap
 PSYoungGen      total 16128K, used 13607K [0x0000000038440000, 0x0000000039440000, 0x000000003b540000)
  eden space 15872K, 84% used [0x0000000038440000,0x0000000039169e30,0x00000000393c0000)
  from space 256K, 50% used [0x00000000393c0000,0x00000000393e0000,0x0000000039400000)
  to   space 256K, 0% used [0x0000000039400000,0x0000000039400000,0x0000000039440000)
 PSOldGen        total 71232K, used 59507K [0x000000002f140000, 0x00000000336d0000, 0x0000000038440000)
  object space 71232K, 83% used [0x000000002f140000,0x0000000032b5cce0,0x00000000336d0000)
 PSPermGen       total 119616K, used 79646K [0x0000000027140000, 0x000000002e610000, 0x000000002f140000)
  object space 119616K, 66% used [0x0000000027140000,0x000000002bf07b40,0x000000002e610000)

Dynamic libraries:
0x0000000140000000 - 0x0000000140028000 	C:\Program Files\MATLAB\R2013a\bin\win64\MATLAB.exe
0x00000000778b0000 - 0x0000000077a59000 	C:\Windows\SYSTEM32\ntdll.dll
0x0000000077790000 - 0x00000000778af000 	C:\Windows\system32\kernel32.dll
0x000007fefc790000 - 0x000007fefc7fc000 	C:\Windows\system32\KERNELBASE.dll
0x0000000074460000 - 0x0000000074515000 	C:\Program Files\MATLAB\R2013a\bin\win64\libut.dll
0x00000000758a0000 - 0x000000007595f000 	C:\Program Files\MATLAB\R2013a\bin\win64\libmwi18n.dll
0x0000000180000000 - 0x000000018000d000 	C:\Program Files\MATLAB\R2013a\bin\win64\libmwresource_core.dll
0x000000006dfa0000 - 0x000000006e038000 	C:\Program Files\MATLAB\R2013a\bin\win64\MSVCP100.dll
0x000000006d4e0000 - 0x000000006d5b2000 	C:\Program Files\MATLAB\R2013a\bin\win64\MSVCR100.dll
0x0000000073490000 - 0x000000007349e000 	C:\Program Files\MATLAB\R2013a\bin\win64\boost_date_time-vc100-mt-1_49.dll
0x0000000073460000 - 0x000000007348c000 	C:\Program Files\MATLAB\R2013a\bin\win64\boost_filesystem-vc100-mt-1_49.dll
0x0000000073450000 - 0x0000000073459000 	C:\Program Files\MATLAB\R2013a\bin\win64\boost_system-vc100-mt-1_49.dll
0x000007fefd3b0000 - 0x000007fefd48b000 	C:\Windows\system32\ADVAPI32.dll
0x000007fefd5c0000 - 0x000007fefd65f000 	C:\Windows\system32\msvcrt.dll
0x000007fefedd0000 - 0x000007fefedef000 	C:\Windows\SYSTEM32\sechost.dll
0x000007fefdd20000 - 0x000007fefde4d000 	C:\Windows\system32\RPCRT4.dll
0x000000006d4b0000 - 0x000000006d4d5000 	C:\Program Files\MATLAB\R2013a\bin\win64\LIBEXPAT.dll
0x00000000616e0000 - 0x000000006186a000 	C:\Program Files\MATLAB\R2013a\bin\win64\icuin49.dll
0x000000006d370000 - 0x000000006d4ae000 	C:\Program Files\MATLAB\R2013a\bin\win64\icuuc49.dll
0x0000000055b90000 - 0x0000000056cb2000 	C:\Program Files\MATLAB\R2013a\bin\win64\icudt49.dll
0x0000000073300000 - 0x0000000073310000 	C:\Program Files\MATLAB\R2013a\bin\win64\icuio49.dll
0x0000000073f70000 - 0x0000000074112000 	C:\Program Files\MATLAB\R2013a\bin\win64\libmwfl.dll
0x000000007a350000 - 0x000000007a737000 	C:\Program Files\MATLAB\R2013a\bin\win64\libmwMATLAB_res.dll
0x00000000695c0000 - 0x000000006969f000 	C:\Program Files\MATLAB\R2013a\bin\win64\boost_regex-vc100-mt-1_49.dll
0x0000000077690000 - 0x000000007778a000 	C:\Windows\system32\USER32.dll
0x000007fefd250000 - 0x000007fefd2b7000 	C:\Windows\system32\GDI32.dll
0x000007fefd3a0000 - 0x000007fefd3ae000 	C:\Windows\system32\LPK.dll
0x000007fefd970000 - 0x000007fefda39000 	C:\Windows\system32\USP10.dll
0x00000000732e0000 - 0x00000000732f1000 	C:\Program Files\MATLAB\R2013a\bin\win64\boost_signals-vc100-mt-1_49.dll
0x000000006dec0000 - 0x000000006ded1000 	C:\Program Files\MATLAB\R2013a\bin\win64\boost_thread-vc100-mt-1_49.dll
0x000007feebc40000 - 0x000007feebccc000 	C:\Program Files\MATLAB\R2013a\bin\win64\boost_log-vc100-mt-1_49.dll
0x0000000077a70000 - 0x0000000077a77000 	C:\Windows\system32\PSAPI.DLL
0x000007fefd8a0000 - 0x000007fefd8ed000 	C:\Windows\system32\WS2_32.dll
0x000007fefed60000 - 0x000007fefed68000 	C:\Windows\system32\NSI.dll
0x000007feebd20000 - 0x000007feebd53000 	C:\Program Files\MATLAB\R2013a\bin\win64\tbb.dll
0x000007fefd490000 - 0x000007fefd4a9000 	C:\Windows\system32\imagehlp.dll
0x000007fefb010000 - 0x000007fefb03c000 	C:\Windows\system32\POWRPROF.dll
0x000007fefcaf0000 - 0x000007fefccc7000 	C:\Windows\system32\SETUPAPI.dll
0x000007fefc820000 - 0x000007fefc856000 	C:\Windows\system32\CFGMGR32.dll
0x000007fefdae0000 - 0x000007fefdbb7000 	C:\Windows\system32\OLEAUT32.dll
0x000007fefd660000 - 0x000007fefd863000 	C:\Windows\system32\ole32.dll
0x000007fefc800000 - 0x000007fefc81a000 	C:\Windows\system32\DEVOBJ.dll
0x0000000004110000 - 0x0000000004131000 	C:\Program Files\MATLAB\R2013a\bin\win64\libmwmfl_scalar.dll
0x000007fef7160000 - 0x000007fef7285000 	C:\Windows\system32\dbghelp.dll
0x0000000004300000 - 0x000000000462f000 	C:\Program Files\MATLAB\R2013a\bin\win64\libmwservices.dll
0x0000000075a20000 - 0x0000000075b0b000 	C:\Program Files\MATLAB\R2013a\bin\win64\libmx.dll
0x000007feebcf0000 - 0x000007feebd18000 	C:\Program Files\MATLAB\R2013a\bin\win64\tbbmalloc.dll
0x000000006d350000 - 0x000000006d367000 	C:\Program Files\MATLAB\R2013a\bin\win64\zlib1.dll
0x0000000004140000 - 0x000000000418e000 	C:\Program Files\MATLAB\R2013a\bin\win64\libmwregexp.dll
0x0000000075f10000 - 0x0000000075f57000 	C:\Program Files\MATLAB\R2013a\bin\win64\mpath.dll
0x000000007b680000 - 0x000000007bc66000 	C:\Program Files\MATLAB\R2013a\bin\win64\mlutil.dll
0x00000000754d0000 - 0x0000000075547000 	C:\Program Files\MATLAB\R2013a\bin\win64\xmlcore.dll
0x000000005d3c0000 - 0x000000005d601000 	C:\Program Files\MATLAB\R2013a\bin\win64\xerces-c_2_7.dll
0x00000000041a0000 - 0x00000000041c2000 	C:\Program Files\MATLAB\R2013a\bin\win64\libmwMATLAB_settings_res.dll
0x000007feebce0000 - 0x000007feebcf0000 	C:\Program Files\MATLAB\R2013a\bin\win64\boost_iostreams-vc100-mt-1_49.dll
0x000007fee3070000 - 0x000007fee30b6000 	C:\Program Files\MATLAB\R2013a\bin\win64\boost_serialization-vc100-mt-1_49.dll
0x000007fefde50000 - 0x000007fefebd8000 	C:\Windows\system32\SHELL32.dll
0x000007fefd2c0000 - 0x000007fefd331000 	C:\Windows\system32\SHLWAPI.dll
0x00000000041d0000 - 0x00000000041d6000 	C:\Program Files\MATLAB\R2013a\bin\win64\libmwnativedisplay.dll
0x000007fef8c00000 - 0x000007fef8ca0000 	C:\Windows\WinSxS\amd64_microsoft.windows.common-controls_6595b64144ccf1df_5.82.7601.18201_none_a4d3b9377117c3df\COMCTL32.dll
0x000007fefd1b0000 - 0x000007fefd247000 	C:\Windows\system32\COMDLG32.dll
0x000007fefa380000 - 0x000007fefa396000 	C:\Windows\system32\NETAPI32.dll
0x000007fefa370000 - 0x000007fefa37c000 	C:\Windows\system32\netutils.dll
0x000007fefc3f0000 - 0x000007fefc413000 	C:\Windows\system32\srvcli.dll
0x000007fefa350000 - 0x000007fefa365000 	C:\Windows\system32\wkscli.dll
0x0000000074970000 - 0x0000000074a18000 	C:\Program Files\MATLAB\R2013a\bin\win64\mcr.dll
0x0000000075000000 - 0x00000000753b1000 	C:\Program Files\MATLAB\R2013a\bin\win64\iqm.dll
0x0000000074e80000 - 0x0000000074f30000 	C:\Program Files\MATLAB\R2013a\bin\win64\m_dispatcher.dll
0x0000000004630000 - 0x0000000004e38000 	C:\Program Files\MATLAB\R2013a\bin\win64\m_interpreter.dll
0x0000000004e40000 - 0x0000000004e64000 	C:\Program Files\MATLAB\R2013a\bin\win64\libmex.dll
0x0000000075430000 - 0x00000000754ab000 	C:\Program Files\MATLAB\R2013a\bin\win64\profiler.dll
0x0000000004e70000 - 0x00000000050f3000 	C:\Program Files\MATLAB\R2013a\bin\win64\libmwmathutil.dll
0x0000000079f40000 - 0x0000000079f66000 	C:\Program Files\MATLAB\R2013a\bin\win64\libmwmathrng.dll
0x00000000041e0000 - 0x00000000041f0000 	C:\Program Files\MATLAB\R2013a\bin\win64\libmwmfl_rng.dll
0x0000000074c10000 - 0x0000000074cf8000 	C:\Program Files\MATLAB\R2013a\bin\win64\libmwmathcore.dll
0x0000000076160000 - 0x00000000761c3000 	C:\Program Files\MATLAB\R2013a\bin\win64\libmwspmatrix.dll
0x000000007b0a0000 - 0x000000007b2f6000 	C:\Program Files\MATLAB\R2013a\bin\win64\mcos.dll
0x0000000075ea0000 - 0x0000000075f02000 	C:\Program Files\MATLAB\R2013a\bin\win64\libmwcholmod.dll
0x0000000005100000 - 0x000000000510d000 	C:\Program Files\MATLAB\R2013a\bin\win64\libmwamd.dll
0x0000000005120000 - 0x00000000051c3000 	C:\Windows\WinSxS\amd64_microsoft.vc90.crt_1fc8b3b9a1e18e3b_9.0.30729.6161_none_08e61857a83bc251\MSVCR90.dll
0x00000000051d0000 - 0x00000000051dc000 	C:\Program Files\MATLAB\R2013a\bin\win64\libmwcolamd.dll
0x000000007a290000 - 0x000000007a2a3000 	C:\Program Files\MATLAB\R2013a\bin\win64\libmwblas.dll
0x000000007a310000 - 0x000000007a325000 	C:\Program Files\MATLAB\R2013a\bin\win64\libmwbinder.dll
0x00000000051f0000 - 0x00000000051fb000 	C:\Program Files\MATLAB\R2013a\bin\win64\libmwompwrapper.dll
0x0000000075820000 - 0x000000007589e000 	C:\Program Files\MATLAB\R2013a\bin\win64\libmwlapack.dll
0x000000007a1b0000 - 0x000000007a1d0000 	C:\Program Files\MATLAB\R2013a\bin\win64\m_pcodeio.dll
0x0000000079b10000 - 0x0000000079b6c000 	C:\Program Files\MATLAB\R2013a\bin\win64\m_ir.dll
0x0000000078ed0000 - 0x0000000079579000 	C:\Program Files\MATLAB\R2013a\bin\win64\m_parser.dll
0x000000007a2f0000 - 0x000000007a307000 	C:\Program Files\MATLAB\R2013a\bin\win64\ir_xfmr.dll
0x0000000005200000 - 0x0000000005210000 	C:\Program Files\MATLAB\R2013a\bin\win64\mtok.dll
0x000000007a130000 - 0x000000007a158000 	C:\Program Files\MATLAB\R2013a\bin\win64\m_pcodegen.dll
0x0000000079fb0000 - 0x0000000079fdf000 	C:\Program Files\MATLAB\R2013a\bin\win64\libmwbridge.dll
0x0000000074f40000 - 0x0000000074ff6000 	C:\Program Files\MATLAB\R2013a\bin\win64\udd.dll
0x0000000073cc0000 - 0x0000000073e0e000 	C:\Program Files\MATLAB\R2013a\bin\win64\libmwgui.dll
0x000000007a1d0000 - 0x000000007a1f4000 	C:\Program Files\MATLAB\R2013a\bin\win64\graphics_util.dll
0x000007fee2dc0000 - 0x000007fee2e78000 	C:\Program Files\MATLAB\R2013a\bin\win64\libtex_base.dll
0x0000000005210000 - 0x0000000005b53000 	C:\Program Files\MATLAB\R2013a\bin\win64\hg.dll
0x0000000076100000 - 0x000000007615a000 	C:\Program Files\MATLAB\R2013a\bin\win64\libmat.dll
0x0000000072d30000 - 0x0000000072f38000 	C:\Program Files\MATLAB\R2013a\bin\win64\hdf5dll.dll
0x0000000075710000 - 0x00000000757d8000 	C:\Program Files\MATLAB\R2013a\bin\win64\jmi.dll
0x0000000005b70000 - 0x0000000005b7e000 	C:\Program Files\MATLAB\R2013a\bin\win64\nativejava_services.dll
0x0000000005b80000 - 0x0000000005bc0000 	C:\Program Files\MATLAB\R2013a\bin\win64\libmwhardcopy.dll
0x0000000075c70000 - 0x0000000075cce000 	C:\Program Files\MATLAB\R2013a\bin\win64\libuij.dll
0x0000000072f50000 - 0x000000007318f000 	C:\Program Files\MATLAB\R2013a\bin\win64\hgdatatypes.dll
0x0000000005bc0000 - 0x0000000005cab000 	C:\Program Files\MATLAB\R2013a\bin\win64\hgutils.dll
0x0000000005cb0000 - 0x0000000005d5e000 	C:\Program Files\MATLAB\R2013a\bin\win64\udd_mi.dll
0x0000000005d60000 - 0x0000000005d96000 	C:\Program Files\MATLAB\R2013a\bin\win64\libmwgbtutils.dll
0x0000000005da0000 - 0x0000000005db4000 	C:\Program Files\MATLAB\R2013a\bin\win64\libmwgbt.dll
0x0000000005dc0000 - 0x000000000608e000 	C:\Program Files\MATLAB\R2013a\bin\win64\uiw.dll
0x0000000006090000 - 0x0000000006099000 	C:\Program Files\MATLAB\R2013a\bin\win64\uinone.dll
0x00000000060a0000 - 0x00000000060c6000 	C:\Program Files\MATLAB\R2013a\bin\win64\libmwnativefiledialogs.dll
0x00000000060d0000 - 0x00000000060dc000 	C:\Program Files\MATLAB\R2013a\bin\win64\libmwplatform_res.dll
0x000007fef84e0000 - 0x000007fef84f8000 	C:\Windows\system32\MPR.dll
0x000000005ce60000 - 0x000000005d3bd000 	C:\Program Files\MATLAB\R2013a\bin\win64\mfc100.dll
0x000007fefa1f0000 - 0x000007fefa1f7000 	C:\Windows\system32\MSIMG32.dll
0x000007fef8b80000 - 0x000007fef8bf1000 	C:\Windows\system32\WINSPOOL.DRV
0x00000000060e0000 - 0x00000000060fd000 	C:\Program Files\MATLAB\R2013a\bin\win64\mwoles05.DLL
0x0000000006100000 - 0x000000000616c000 	C:\Program Files\MATLAB\R2013a\bin\win64\comcli.dll
0x0000000069590000 - 0x00000000695bb000 	C:\Program Files\MATLAB\R2013a\bin\win64\ATL100.DLL
0x0000000006170000 - 0x000000000617c000 	C:\Program Files\MATLAB\R2013a\bin\win64\mlautoregister.dll
0x0000000006180000 - 0x00000000062d6000 	C:\Program Files\MATLAB\R2013a\bin\win64\mvm.dll
0x000007fefc500000 - 0x000007fefc557000 	C:\Windows\system32\apphelp.dll
0x000007fee2fa0000 - 0x000007fee2ff1000 	C:\Windows\AppPatch\AppPatch64\AcGenral.DLL
0x000007fefc4d0000 - 0x000007fefc4f5000 	C:\Windows\system32\SspiCli.dll
0x0000000071a00000 - 0x0000000071a03000 	C:\Windows\system32\sfc.dll
0x000007fef8530000 - 0x000007fef8540000 	C:\Windows\system32\sfc_os.DLL
0x000007fefc940000 - 0x000007fefc95e000 	C:\Windows\system32\USERENV.dll
0x000007fefc740000 - 0x000007fefc74f000 	C:\Windows\system32\profapi.dll

VM Arguments:
jvm_args: -XX:PermSize=32m -Xms64m -XX:NewRatio=3 -XX:MaxPermSize=128m -Xmx196m -XX:MaxDirectMemorySize=2147400000 -Dsun.java2d.noddraw=true -Dsun.awt.nopixfmt=true -Xshare:off -Xrs -Dsun.awt.disableMixing=true -Djava.library.path=C:\Program Files\MATLAB\R2013a\bin\win64;C:\Program Files\MATLAB\R2013a\sys\jxbrowser\win64\lib vfprintf abort -XX:ParallelGCThreads=6 
java_command: <unknown>
Launcher Type: generic

Environment Variables:
PATH=C:\Python33\;C:\Program Files (x86)\SolidWorks Corp\COSMOS M;C:\Program Files (x86)\NVIDIA Corporation\PhysX\Common;C:\Program Files (x86)\Intel\iCLS Client\;C:\Program Files\Intel\iCLS Client\;C:\Program Files\Common Files\Microsoft Shared\Windows Live;C:\Program Files (x86)\Common Files\Microsoft Shared\Windows Live;C:\Windows\system32;C:\Windows;C:\Windows\System32\Wbem;C:\Windows\System32\WindowsPowerShell\v1.0\;C:\Program Files (x86)\Windows Live\Shared;C:\Program Files (x86)\EgisTec MyWinLocker\x64;C:\Program Files (x86)\EgisTec MyWinLocker\;C:\Program Files (x86)\Intel\OpenCL SDK\2.0\bin\x86;C:\Program Files (x86)\Intel\OpenCL SDK\2.0\bin\x64;C:\Program Files\Intel\Intel(R) Management Engine Components\DAL;C:\Program Files\Intel\Intel(R) Management Engine Components\IPT;C:\Program Files (x86)\Intel\Intel(R) Management Engine Components\DAL;C:\Program Files (x86)\Intel\Intel(R) Management Engine Components\IPT;C:\Program Files\MATLAB\R2013a2\runtime\win64;C:\Program Files\MATLAB\R2013a2\bin;C:\Program Files\MATLAB\R2007b\bin;C:\Program Files\MATLAB\R2007b\bin\win64;C:\Program Files\Microsoft SQL Server\110\Tools\Binn\;C:\Program Files\Microsoft Windows Performance Toolkit\
USERNAME=Martin
OS=Windows_NT
PROCESSOR_IDENTIFIER=Intel64 Family 6 Model 58 Stepping 9, GenuineIntel



---------------  S Y S T E M  ---------------

OS: Windows 7 Build 7601 Service Pack 1

CPU:total 8 (8 cores per cpu, 2 threads per core) family 6 model 58 stepping 9, cmov, cx8, fxsr, mmx, sse, sse2, sse3, ssse3, sse4.1, sse4.2, ht

Memory: 4k page, physical 6125932k(2169292k free), swap 12250000k(7883496k free)

vm_info: Java HotSpot(TM) 64-Bit Server VM (14.3-b01) for windows-amd64 JRE (1.6.0_17-b04), built on Oct 11 2009 00:46:08 by "java_re" with MS VC++ 8.0

time: Fri Aug 08 11:42:36 2014
elapsed time: 6599 seconds

