#
# A fatal error has been detected by the Java Runtime Environment:
#
#  EXCEPTION_ACCESS_VIOLATION (0xc0000005) at pc=0x0000000074e9214e, pid=5940, tid=4184
#
# JRE version: 6.0_17-b04
# Java VM: Java HotSpot(TM) 64-Bit Server VM (14.3-b01 mixed mode windows-amd64 )
# Problematic frame:
# C  [m_dispatcher.dll+0x1214e]
#
# If you would like to submit a bug report, please visit:
#   http://java.sun.com/webapps/bugreport/crash.jsp
# The crash happened outside the Java Virtual Machine in native code.
# See problematic frame for where to report the bug.
#

---------------  T H R E A D  ---------------

Current thread (0x0000000006876800):  JavaThread "main" [_thread_in_native, id=4184, stack(0x0000000000030000,0x0000000004030000)]

siginfo: ExceptionCode=0xc0000005, reading address 0x00000000000000de

Registers:
EAX=0xfffffffffffffffe, EBX=0x00000000fa917ef8, ECX=0x000000000402e890, EDX=0x0000000000000007
ESP=0x000000000402cb48, EBP=0x000000000402d130, ESI=0x0000000000000000, EDI=0x000000000e9fe000
EIP=0x0000000074e9214e, EFLAGS=0x0000000000010206

Top of Stack: (sp=0x000000000402cb48)
0x000000000402cb48:   0000000004650dc0 6a2f613300000000
0x000000000402cb58:   000000000402ce60 0000000000000001
0x000000000402cb68:   0000000006876f90 0000000006876800
0x000000000402cb78:   000000000402ce90 0000000000000000
0x000000000402cb88:   00000000fa9154b0 0000000000000000
0x000000000402cb98:   0000000004650d01 00000000fa917ef8
0x000000000402cba8:   0000000000000000 0000000000000001
0x000000000402cbb8:   00000000fa917ef0 000000000402cc88
0x000000000402cbc8:   0000000078a66215 0000000064394c00
0x000000000402cbd8:   0000000000000000 fffffffffffffffe
0x000000000402cbe8:   000000002a4e3770 0000000006876800
0x000000000402cbf8:   002800002a44ce70 000000002a4e2490
0x000000000402cc08:   0000000078a76513 000000006336c1d0
0x000000000402cc18:   0000000006876f98 00000000065fce90
0x000000000402cc28:   000000000402ce90 3e7475ac2a4e2550
0x000000000402cc38:   0000000075aa2239 0000000000000001 

Instructions: (pc=0x0000000074e9214e)
0x0000000074e9213e:   48 8b 89 60 04 00 00 48 85 c9 74 1c 48 8b 41 30
0x0000000074e9214e:   80 b8 e0 00 00 00 00 74 06 48 85 c9 74 0a c3 48 


Stack: [0x0000000000030000,0x0000000004030000],  sp=0x000000000402cb48,  free space=65522k
Native frames: (J=compiled Java code, j=interpreted, Vv=VM code, C=native code)
C  [m_dispatcher.dll+0x1214e]

Java frames: (J=compiled Java code, j=interpreted, Vv=VM code)
j  com.mathworks.jmi.NativeMatlab.SendMatlabMessage(Ljava/lang/Object;)Ljava/lang/Object;+0
j  com.mathworks.jmi.NativeMatlab.sendMatlabMessage(Ljava/lang/Object;)Ljava/lang/Object;+22
j  com.mathworks.jmi.MatlabLooper.sendMatlabMessage(Lcom/mathworks/services/message/MWMessage;)Ljava/lang/Object;+20
j  com.mathworks.jmi.Matlab.mtFevalConsoleOutput(Ljava/lang/String;[Ljava/lang/Object;I)Ljava/lang/Object;+58
j  com.mathworks.mde.desk.MLDesktop$8.run()V+14
j  com.mathworks.jmi.NativeMatlab.dispatchMTRequests(Z)V+57
v  ~StubRoutines::call_stub

---------------  P R O C E S S  ---------------

Java Threads: ( => current thread )
  0x0000000063aec800 JavaThread "Code Analyzer updating thread" [_thread_blocked, id=1752, stack(0x000000016ed50000,0x0000000172d50000)]
  0x0000000063af4000 JavaThread "Code Analyzer updating thread" [_thread_blocked, id=1896, stack(0x000000016ad50000,0x000000016ed50000)]
  0x0000000063af1000 JavaThread "Prefs Updater" daemon [_thread_blocked, id=5968, stack(0x0000000162d50000,0x0000000166d50000)]
  0x0000000063af3000 JavaThread "Code Analyzer updating thread" [_thread_blocked, id=7064, stack(0x0000000166d50000,0x000000016ad50000)]
  0x0000000063aef000 JavaThread "Code Analyzer updating thread" [_thread_blocked, id=5884, stack(0x0000000110000000,0x0000000114000000)]
  0x0000000063af6000 JavaThread "Active Reference Queue Daemon" daemon [_thread_blocked, id=4724, stack(0x000000011fd00000,0x0000000123d00000)]
  0x0000000063aec000 JavaThread "Timer-2" daemon [_thread_blocked, id=6300, stack(0x00000000f4000000,0x00000000f8000000)]
  0x0000000063af5800 JavaThread "Timer-1" daemon [_thread_blocked, id=7288, stack(0x0000000104000000,0x0000000108000000)]
  0x0000000063af0800 JavaThread "com.jniwrapper.NativeResourceCollector" daemon [_thread_blocked, id=5248, stack(0x00000000f0000000,0x00000000f4000000)]
  0x0000000063af4800 JavaThread "Swing-Shell" daemon [_thread_blocked, id=3952, stack(0x000000010c000000,0x0000000110000000)]
  0x0000000063aee000 JavaThread "ClipboardMonitor Timer" daemon [_thread_blocked, id=4800, stack(0x00000000e8000000,0x00000000ec000000)]
  0x0000000063aed800 JavaThread "Explorer NavigationContext request queue" daemon [_thread_blocked, id=6888, stack(0x00000000e4000000,0x00000000e8000000)]
  0x0000000063aeb000 JavaThread "AddressBar directory emptiness poller" daemon [_thread_blocked, id=8048, stack(0x00000000d8000000,0x00000000dc000000)]
  0x0000000063aea800 JavaThread "Explorer Refresh Service 91537720" daemon [_thread_blocked, id=6276, stack(0x00000000d4000000,0x00000000d8000000)]
  0x0000000063aea000 JavaThread "Thread-4" daemon [_thread_blocked, id=7416, stack(0x00000000cc000000,0x00000000d0000000)]
  0x0000000063ae9000 JavaThread "TimerQueue" daemon [_thread_blocked, id=4508, stack(0x00000000c8000000,0x00000000cc000000)]
  0x0000000063ae8800 JavaThread "Thread-3" daemon [_thread_blocked, id=6760, stack(0x00000000b0000000,0x00000000b4000000)]
  0x0000000063ae7800 JavaThread "FelixPackageAdmin" daemon [_thread_blocked, id=1492, stack(0x00000000bc000000,0x00000000c0000000)]
  0x00000000634e3000 JavaThread "FelixStartLevel" daemon [_thread_blocked, id=8032, stack(0x00000000b8000000,0x00000000bc000000)]
  0x0000000063282800 JavaThread "FelixDispatchQueue" daemon [_thread_blocked, id=7164, stack(0x00000000b4000000,0x00000000b8000000)]
  0x0000000063d22800 JavaThread "AWT-EventQueue-0" [_thread_blocked, id=6312, stack(0x00000000ac000000,0x00000000b0000000)]
  0x0000000062f76800 JavaThread "AWT-Shutdown" [_thread_blocked, id=2936, stack(0x000000009c000000,0x00000000a0000000)]
  0x0000000062fe3800 JavaThread "com.google.common.base.internal.Finalizer" daemon [_thread_blocked, id=3472, stack(0x00000000a8000000,0x00000000ac000000)]
  0x0000000062f77800 JavaThread "AWT-Windows" daemon [_thread_in_native, id=7512, stack(0x00000000a0000000,0x00000000a4000000)]
  0x0000000062f76000 JavaThread "Java2D Disposer" daemon [_thread_blocked, id=3648, stack(0x0000000098000000,0x000000009c000000)]
  0x0000000062aa3800 JavaThread "Timer-0" [_thread_blocked, id=7148, stack(0x0000000094000000,0x0000000098000000)]
  0x0000000062a31000 JavaThread "EventMgr Dispatcher" daemon [_thread_in_native, id=1444, stack(0x0000000090000000,0x0000000094000000)]
  0x0000000053acc800 JavaThread "Low Memory Detector" daemon [_thread_blocked, id=1692, stack(0x0000000088000000,0x000000008c000000)]
  0x0000000053ac6000 JavaThread "CompilerThread1" daemon [_thread_blocked, id=5984, stack(0x0000000084000000,0x0000000088000000)]
  0x0000000053abb800 JavaThread "CompilerThread0" daemon [_thread_blocked, id=6128, stack(0x0000000080000000,0x0000000084000000)]
  0x0000000053ab5000 JavaThread "Attach Listener" daemon [_thread_blocked, id=6948, stack(0x00000000693e0000,0x000000006d3e0000)]
  0x0000000053a58800 JavaThread "Finalizer" daemon [_thread_blocked, id=5852, stack(0x000000005e6d0000,0x00000000626d0000)]
  0x0000000053a57800 JavaThread "Reference Handler" daemon [_thread_blocked, id=5424, stack(0x000000005a6d0000,0x000000005e6d0000)]
=>0x0000000006876800 JavaThread "main" [_thread_in_native, id=4184, stack(0x0000000000030000,0x0000000004030000)]

Other Threads:
  0x0000000053a53000 VMThread [stack: 0x0000000053b40000,0x0000000057b40000] [id=6996]
  0x0000000053aff800 WatcherThread [stack: 0x000000008c000000,0x0000000090000000] [id=2156]

VM state:not at safepoint (normal execution)

VM Mutex/Monitor currently owned by a thread: None

Heap
 PSYoungGen      total 41920K, used 17675K [0x0000000038840000, 0x000000003b190000, 0x000000003b940000)
  eden space 41664K, 41% used [0x0000000038840000,0x0000000039952c48,0x000000003b0f0000)
  from space 256K, 75% used [0x000000003b0f0000,0x000000003b120000,0x000000003b130000)
  to   space 256K, 0% used [0x000000003b150000,0x000000003b150000,0x000000003b190000)
 PSOldGen        total 124352K, used 75278K [0x000000002f540000, 0x0000000036eb0000, 0x0000000038840000)
  object space 124352K, 60% used [0x000000002f540000,0x0000000033ec3a48,0x0000000036eb0000)
 PSPermGen       total 104064K, used 81830K [0x0000000027540000, 0x000000002dae0000, 0x000000002f540000)
  object space 104064K, 78% used [0x0000000027540000,0x000000002c529b60,0x000000002dae0000)

Dynamic libraries:
0x0000000140000000 - 0x0000000140028000 	C:\Program Files\MATLAB\R2013a\bin\win64\MATLAB.exe
0x0000000077480000 - 0x0000000077629000 	C:\Windows\SYSTEM32\ntdll.dll
0x0000000077360000 - 0x000000007747f000 	C:\Windows\system32\kernel32.dll
0x000007fefc640000 - 0x000007fefc6ac000 	C:\Windows\system32\KERNELBASE.dll
0x0000000074460000 - 0x0000000074515000 	C:\Program Files\MATLAB\R2013a\bin\win64\libut.dll
0x00000000758a0000 - 0x000000007595f000 	C:\Program Files\MATLAB\R2013a\bin\win64\libmwi18n.dll
0x0000000180000000 - 0x000000018000d000 	C:\Program Files\MATLAB\R2013a\bin\win64\libmwresource_core.dll
0x0000000069340000 - 0x00000000693d8000 	C:\Program Files\MATLAB\R2013a\bin\win64\MSVCP100.dll
0x0000000067b80000 - 0x0000000067c52000 	C:\Program Files\MATLAB\R2013a\bin\win64\MSVCR100.dll
0x0000000072eb0000 - 0x0000000072ebe000 	C:\Program Files\MATLAB\R2013a\bin\win64\boost_date_time-vc100-mt-1_49.dll
0x0000000072e80000 - 0x0000000072eac000 	C:\Program Files\MATLAB\R2013a\bin\win64\boost_filesystem-vc100-mt-1_49.dll
0x000000006fa50000 - 0x000000006fa59000 	C:\Program Files\MATLAB\R2013a\bin\win64\boost_system-vc100-mt-1_49.dll
0x000007fefe460000 - 0x000007fefe53b000 	C:\Windows\system32\ADVAPI32.dll
0x000007fefd330000 - 0x000007fefd3cf000 	C:\Windows\system32\msvcrt.dll
0x000007fefd060000 - 0x000007fefd07f000 	C:\Windows\SYSTEM32\sechost.dll
0x000007fefd450000 - 0x000007fefd57d000 	C:\Windows\system32\RPCRT4.dll
0x0000000069310000 - 0x0000000069335000 	C:\Program Files\MATLAB\R2013a\bin\win64\LIBEXPAT.dll
0x0000000067520000 - 0x00000000676aa000 	C:\Program Files\MATLAB\R2013a\bin\win64\icuin49.dll
0x0000000067a40000 - 0x0000000067b7e000 	C:\Program Files\MATLAB\R2013a\bin\win64\icuuc49.dll
0x00000000595a0000 - 0x000000005a6c2000 	C:\Program Files\MATLAB\R2013a\bin\win64\icudt49.dll
0x000000006d610000 - 0x000000006d620000 	C:\Program Files\MATLAB\R2013a\bin\win64\icuio49.dll
0x0000000073f70000 - 0x0000000074112000 	C:\Program Files\MATLAB\R2013a\bin\win64\libmwfl.dll
0x000000007a350000 - 0x000000007a737000 	C:\Program Files\MATLAB\R2013a\bin\win64\libmwMATLAB_res.dll
0x0000000066830000 - 0x000000006690f000 	C:\Program Files\MATLAB\R2013a\bin\win64\boost_regex-vc100-mt-1_49.dll
0x0000000077260000 - 0x000000007735a000 	C:\Windows\system32\USER32.dll
0x000007fefe3f0000 - 0x000007fefe457000 	C:\Windows\system32\GDI32.dll
0x000007fefe9b0000 - 0x000007fefe9be000 	C:\Windows\system32\LPK.dll
0x000007fefcf60000 - 0x000007fefd029000 	C:\Windows\system32\USP10.dll
0x00000000692f0000 - 0x0000000069301000 	C:\Program Files\MATLAB\R2013a\bin\win64\boost_signals-vc100-mt-1_49.dll
0x0000000067d50000 - 0x0000000067d61000 	C:\Program Files\MATLAB\R2013a\bin\win64\boost_thread-vc100-mt-1_49.dll
0x000007feed5d0000 - 0x000007feed65c000 	C:\Program Files\MATLAB\R2013a\bin\win64\boost_log-vc100-mt-1_49.dll
0x0000000077640000 - 0x0000000077647000 	C:\Windows\system32\PSAPI.DLL
0x000007fefc6b0000 - 0x000007fefc6fd000 	C:\Windows\system32\WS2_32.dll
0x000007fefe9a0000 - 0x000007fefe9a8000 	C:\Windows\system32\NSI.dll
0x000007feed590000 - 0x000007feed5c3000 	C:\Program Files\MATLAB\R2013a\bin\win64\tbb.dll
0x000007fefc7a0000 - 0x000007fefc7b9000 	C:\Windows\system32\imagehlp.dll
0x000007fefb0d0000 - 0x000007fefb0fc000 	C:\Windows\system32\POWRPROF.dll
0x000007fefcd80000 - 0x000007fefcf57000 	C:\Windows\system32\SETUPAPI.dll
0x000007fefc600000 - 0x000007fefc636000 	C:\Windows\system32\CFGMGR32.dll
0x000007fefe310000 - 0x000007fefe3e7000 	C:\Windows\system32\OLEAUT32.dll
0x000007fefc860000 - 0x000007fefca63000 	C:\Windows\system32\ole32.dll
0x000007fefc470000 - 0x000007fefc48a000 	C:\Windows\system32\DEVOBJ.dll
0x0000000004220000 - 0x0000000004241000 	C:\Program Files\MATLAB\R2013a\bin\win64\libmwmfl_scalar.dll
0x000007fef73e0000 - 0x000007fef7505000 	C:\Windows\system32\dbghelp.dll
0x0000000004250000 - 0x000000000457f000 	C:\Program Files\MATLAB\R2013a\bin\win64\libmwservices.dll
0x0000000075a20000 - 0x0000000075b0b000 	C:\Program Files\MATLAB\R2013a\bin\win64\libmx.dll
0x000007feed520000 - 0x000007feed548000 	C:\Program Files\MATLAB\R2013a\bin\win64\tbbmalloc.dll
0x0000000067c90000 - 0x0000000067ca7000 	C:\Program Files\MATLAB\R2013a\bin\win64\zlib1.dll
0x0000000004580000 - 0x00000000045ce000 	C:\Program Files\MATLAB\R2013a\bin\win64\libmwregexp.dll
0x0000000075f10000 - 0x0000000075f57000 	C:\Program Files\MATLAB\R2013a\bin\win64\mpath.dll
0x000000007b680000 - 0x000000007bc66000 	C:\Program Files\MATLAB\R2013a\bin\win64\mlutil.dll
0x00000000754d0000 - 0x0000000075547000 	C:\Program Files\MATLAB\R2013a\bin\win64\xmlcore.dll
0x00000000665e0000 - 0x0000000066821000 	C:\Program Files\MATLAB\R2013a\bin\win64\xerces-c_2_7.dll
0x00000000045d0000 - 0x00000000045f2000 	C:\Program Files\MATLAB\R2013a\bin\win64\libmwMATLAB_settings_res.dll
0x000007feef600000 - 0x000007feef610000 	C:\Program Files\MATLAB\R2013a\bin\win64\boost_iostreams-vc100-mt-1_49.dll
0x000007fee7020000 - 0x000007fee7066000 	C:\Program Files\MATLAB\R2013a\bin\win64\boost_serialization-vc100-mt-1_49.dll
0x000007fefd580000 - 0x000007fefe308000 	C:\Windows\system32\SHELL32.dll
0x000007fefcd00000 - 0x000007fefcd71000 	C:\Windows\system32\SHLWAPI.dll
0x0000000004600000 - 0x0000000004606000 	C:\Program Files\MATLAB\R2013a\bin\win64\libmwnativedisplay.dll
0x000007fef87f0000 - 0x000007fef8890000 	C:\Windows\WinSxS\amd64_microsoft.windows.common-controls_6595b64144ccf1df_5.82.7601.18201_none_a4d3b9377117c3df\COMCTL32.dll
0x000007fefc7c0000 - 0x000007fefc857000 	C:\Windows\system32\COMDLG32.dll
0x000007fefa180000 - 0x000007fefa196000 	C:\Windows\system32\NETAPI32.dll
0x000007fefa170000 - 0x000007fefa17c000 	C:\Windows\system32\netutils.dll
0x000007fefbe50000 - 0x000007fefbe73000 	C:\Windows\system32\srvcli.dll
0x000007fefa150000 - 0x000007fefa165000 	C:\Windows\system32\wkscli.dll
0x0000000074970000 - 0x0000000074a18000 	C:\Program Files\MATLAB\R2013a\bin\win64\mcr.dll
0x0000000075000000 - 0x00000000753b1000 	C:\Program Files\MATLAB\R2013a\bin\win64\iqm.dll
0x0000000074e80000 - 0x0000000074f30000 	C:\Program Files\MATLAB\R2013a\bin\win64\m_dispatcher.dll
0x0000000004610000 - 0x0000000004e18000 	C:\Program Files\MATLAB\R2013a\bin\win64\m_interpreter.dll
0x0000000004e20000 - 0x0000000004e44000 	C:\Program Files\MATLAB\R2013a\bin\win64\libmex.dll
0x0000000075430000 - 0x00000000754ab000 	C:\Program Files\MATLAB\R2013a\bin\win64\profiler.dll
0x0000000004e50000 - 0x00000000050d3000 	C:\Program Files\MATLAB\R2013a\bin\win64\libmwmathutil.dll
0x0000000079f40000 - 0x0000000079f66000 	C:\Program Files\MATLAB\R2013a\bin\win64\libmwmathrng.dll
0x00000000050e0000 - 0x00000000050f0000 	C:\Program Files\MATLAB\R2013a\bin\win64\libmwmfl_rng.dll
0x0000000074c10000 - 0x0000000074cf8000 	C:\Program Files\MATLAB\R2013a\bin\win64\libmwmathcore.dll
0x0000000076160000 - 0x00000000761c3000 	C:\Program Files\MATLAB\R2013a\bin\win64\libmwspmatrix.dll
0x000000007b0a0000 - 0x000000007b2f6000 	C:\Program Files\MATLAB\R2013a\bin\win64\mcos.dll
0x0000000075ea0000 - 0x0000000075f02000 	C:\Program Files\MATLAB\R2013a\bin\win64\libmwcholmod.dll
0x0000000005100000 - 0x000000000510d000 	C:\Program Files\MATLAB\R2013a\bin\win64\libmwamd.dll
0x0000000074d40000 - 0x0000000074de3000 	C:\Windows\WinSxS\amd64_microsoft.vc90.crt_1fc8b3b9a1e18e3b_9.0.30729.6161_none_08e61857a83bc251\MSVCR90.dll
0x0000000005120000 - 0x000000000512c000 	C:\Program Files\MATLAB\R2013a\bin\win64\libmwcolamd.dll
0x000000007a290000 - 0x000000007a2a3000 	C:\Program Files\MATLAB\R2013a\bin\win64\libmwblas.dll
0x000000007a310000 - 0x000000007a325000 	C:\Program Files\MATLAB\R2013a\bin\win64\libmwbinder.dll
0x0000000005140000 - 0x000000000514b000 	C:\Program Files\MATLAB\R2013a\bin\win64\libmwompwrapper.dll
0x0000000075820000 - 0x000000007589e000 	C:\Program Files\MATLAB\R2013a\bin\win64\libmwlapack.dll
0x000000007a1b0000 - 0x000000007a1d0000 	C:\Program Files\MATLAB\R2013a\bin\win64\m_pcodeio.dll
0x0000000079b10000 - 0x0000000079b6c000 	C:\Program Files\MATLAB\R2013a\bin\win64\m_ir.dll
0x0000000078ed0000 - 0x0000000079579000 	C:\Program Files\MATLAB\R2013a\bin\win64\m_parser.dll
0x000000007a2f0000 - 0x000000007a307000 	C:\Program Files\MATLAB\R2013a\bin\win64\ir_xfmr.dll
0x0000000005150000 - 0x0000000005160000 	C:\Program Files\MATLAB\R2013a\bin\win64\mtok.dll
0x000000007a130000 - 0x000000007a158000 	C:\Program Files\MATLAB\R2013a\bin\win64\m_pcodegen.dll
0x0000000079fb0000 - 0x0000000079fdf000 	C:\Program Files\MATLAB\R2013a\bin\win64\libmwbridge.dll
0x0000000074f40000 - 0x0000000074ff6000 	C:\Program Files\MATLAB\R2013a\bin\win64\udd.dll
0x0000000073cc0000 - 0x0000000073e0e000 	C:\Program Files\MATLAB\R2013a\bin\win64\libmwgui.dll
0x000000007a1d0000 - 0x000000007a1f4000 	C:\Program Files\MATLAB\R2013a\bin\win64\graphics_util.dll
0x000007fee6f60000 - 0x000007fee7018000 	C:\Program Files\MATLAB\R2013a\bin\win64\libtex_base.dll
0x0000000005160000 - 0x0000000005aa3000 	C:\Program Files\MATLAB\R2013a\bin\win64\hg.dll
0x0000000076100000 - 0x000000007615a000 	C:\Program Files\MATLAB\R2013a\bin\win64\libmat.dll
0x0000000005ab0000 - 0x0000000005cb8000 	C:\Program Files\MATLAB\R2013a\bin\win64\hdf5dll.dll
0x0000000075710000 - 0x00000000757d8000 	C:\Program Files\MATLAB\R2013a\bin\win64\jmi.dll
0x0000000005cd0000 - 0x0000000005cde000 	C:\Program Files\MATLAB\R2013a\bin\win64\nativejava_services.dll
0x0000000005ce0000 - 0x0000000005d20000 	C:\Program Files\MATLAB\R2013a\bin\win64\libmwhardcopy.dll
0x0000000075c70000 - 0x0000000075cce000 	C:\Program Files\MATLAB\R2013a\bin\win64\libuij.dll
0x0000000072f50000 - 0x000000007318f000 	C:\Program Files\MATLAB\R2013a\bin\win64\hgdatatypes.dll
0x0000000005d20000 - 0x0000000005e0b000 	C:\Program Files\MATLAB\R2013a\bin\win64\hgutils.dll
0x0000000005e10000 - 0x0000000005ebe000 	C:\Program Files\MATLAB\R2013a\bin\win64\udd_mi.dll
0x0000000005ec0000 - 0x0000000005ef6000 	C:\Program Files\MATLAB\R2013a\bin\win64\libmwgbtutils.dll
0x0000000005f00000 - 0x0000000005f14000 	C:\Program Files\MATLAB\R2013a\bin\win64\libmwgbt.dll
0x0000000005f20000 - 0x00000000061ee000 	C:\Program Files\MATLAB\R2013a\bin\win64\uiw.dll
0x00000000061f0000 - 0x00000000061f9000 	C:\Program Files\MATLAB\R2013a\bin\win64\uinone.dll
0x0000000006200000 - 0x0000000006226000 	C:\Program Files\MATLAB\R2013a\bin\win64\libmwnativefiledialogs.dll
0x0000000006230000 - 0x000000000623c000 	C:\Program Files\MATLAB\R2013a\bin\win64\libmwplatform_res.dll
0x000007fef7be0000 - 0x000007fef7bf8000 	C:\Windows\system32\MPR.dll
0x0000000066080000 - 0x00000000665dd000 	C:\Program Files\MATLAB\R2013a\bin\win64\mfc100.dll
0x000007fefa0c0000 - 0x000007fefa0c7000 	C:\Windows\system32\MSIMG32.dll
0x000007fef8770000 - 0x000007fef87e1000 	C:\Windows\system32\WINSPOOL.DRV
0x0000000006240000 - 0x000000000625d000 	C:\Program Files\MATLAB\R2013a\bin\win64\mwoles05.DLL
0x0000000006260000 - 0x00000000062cc000 	C:\Program Files\MATLAB\R2013a\bin\win64\comcli.dll
0x00000000674f0000 - 0x000000006751b000 	C:\Program Files\MATLAB\R2013a\bin\win64\ATL100.DLL
0x00000000062d0000 - 0x00000000062dc000 	C:\Program Files\MATLAB\R2013a\bin\win64\mlautoregister.dll
0x00000000062e0000 - 0x0000000006436000 	C:\Program Files\MATLAB\R2013a\bin\win64\mvm.dll
0x000007fefc0d0000 - 0x000007fefc127000 	C:\Windows\system32\apphelp.dll
0x000007fee2860000 - 0x000007fee28b1000 	C:\Windows\AppPatch\AppPatch64\AcGenral.DLL
0x000007fefc0a0000 - 0x000007fefc0c5000 	C:\Windows\system32\SspiCli.dll
0x0000000070c60000 - 0x0000000070c63000 	C:\Windows\system32\sfc.dll
0x000007fef31a0000 - 0x000007fef31b0000 	C:\Windows\system32\sfc_os.DLL
0x000007fefc340000 - 0x000007fefc35e000 	C:\Windows\system32\USERENV.dll
0x000007fefc300000 - 0x000007fefc30f000 	C:\Windows\system32\profapi.dll

VM Arguments:
jvm_args: -XX:PermSize=32m -Xms64m -XX:NewRatio=3 -XX:MaxPermSize=128m -Xmx196m -XX:MaxDirectMemorySize=2147400000 -Dsun.java2d.noddraw=true -Dsun.awt.nopixfmt=true -Xshare:off -Xrs -Dsun.awt.disableMixing=true -Djava.library.path=C:\Program Files\MATLAB\R2013a\bin\win64;C:\Program Files\MATLAB\R2013a\sys\jxbrowser\win64\lib vfprintf abort -XX:ParallelGCThreads=6 
java_command: <unknown>
Launcher Type: generic

Environment Variables:
PATH=C:\Python33\;C:\Program Files (x86)\SolidWorks Corp\COSMOS M;C:\Program Files (x86)\NVIDIA Corporation\PhysX\Common;C:\Program Files (x86)\Intel\iCLS Client\;C:\Program Files\Intel\iCLS Client\;C:\Program Files\Common Files\Microsoft Shared\Windows Live;C:\Program Files (x86)\Common Files\Microsoft Shared\Windows Live;C:\Windows\system32;C:\Windows;C:\Windows\System32\Wbem;C:\Windows\System32\WindowsPowerShell\v1.0\;C:\Program Files (x86)\Windows Live\Shared;C:\Program Files (x86)\EgisTec MyWinLocker\x64;C:\Program Files (x86)\EgisTec MyWinLocker\;C:\Program Files (x86)\Intel\OpenCL SDK\2.0\bin\x86;C:\Program Files (x86)\Intel\OpenCL SDK\2.0\bin\x64;C:\Program Files\Intel\Intel(R) Management Engine Components\DAL;C:\Program Files\Intel\Intel(R) Management Engine Components\IPT;C:\Program Files (x86)\Intel\Intel(R) Management Engine Components\DAL;C:\Program Files (x86)\Intel\Intel(R) Management Engine Components\IPT;C:\Program Files\MATLAB\R2013a2\runtime\win64;C:\Program Files\MATLAB\R2013a2\bin;C:\Program Files\MATLAB\R2007b\bin;C:\Program Files\MATLAB\R2007b\bin\win64;C:\Program Files\Microsoft SQL Server\110\Tools\Binn\;C:\Program Files\Microsoft Windows Performance Toolkit\
USERNAME=Martin
OS=Windows_NT
PROCESSOR_IDENTIFIER=Intel64 Family 6 Model 58 Stepping 9, GenuineIntel



---------------  S Y S T E M  ---------------

OS: Windows 7 Build 7601 Service Pack 1

CPU:total 8 (8 cores per cpu, 2 threads per core) family 6 model 58 stepping 9, cmov, cx8, fxsr, mmx, sse, sse2, sse3, ssse3, sse4.1, sse4.2, ht

Memory: 4k page, physical 6125932k(2171052k free), swap 12250000k(8062796k free)

vm_info: Java HotSpot(TM) 64-Bit Server VM (14.3-b01) for windows-amd64 JRE (1.6.0_17-b04), built on Oct 11 2009 00:46:08 by "java_re" with MS VC++ 8.0

time: Sat Jul 12 17:19:37 2014
elapsed time: 9618 seconds

