#
# A fatal error has been detected by the Java Runtime Environment:
#
#  EXCEPTION_ACCESS_VIOLATION (0xc0000005) at pc=0x0000000074eae5c6, pid=3824, tid=4068
#
# JRE version: 6.0_17-b04
# Java VM: Java HotSpot(TM) 64-Bit Server VM (14.3-b01 mixed mode windows-amd64 )
# Problematic frame:
# C  [m_dispatcher.dll+0x2e5c6]
#
# If you would like to submit a bug report, please visit:
#   http://java.sun.com/webapps/bugreport/crash.jsp
# The crash happened outside the Java Virtual Machine in native code.
# See problematic frame for where to report the bug.
#

---------------  T H R E A D  ---------------

Current thread (0x0000000006636800):  JavaThread "main" [_thread_in_native, id=4068, stack(0x0000000000030000,0x0000000004030000)]

siginfo: ExceptionCode=0xc0000005, reading address 0xffffffffffffffff

Registers:
EAX=0x0000000000000000, EBX=0x0000000000000000, ECX=0xffffffffffffffff, EDX=0x0000000000000000
ESP=0x000000000402c2c0, EBP=0x000000000402c5e0, ESI=0xf008b6dff4585ad6, EDI=0x000000000e2f8ff0
EIP=0x0000000074eae5c6, EFLAGS=0x0000000000010286

Top of Stack: (sp=0x000000000402c2c0)
0x000000000402c2c0:   0000000006637348 0000000006637038
0x000000000402c2d0:   000000007ae14f37 0000000078ca271e
0x000000000402c2e0:   0000000000000002 0000000000000018
0x000000000402c2f0:   0000000000000000 000007fefcd7133c
0x000000000402c300:   0000000006637118 0000000006637038
0x000000000402c310:   fffffffffffffffe 0000000006691cf0
0x000000000402c320:   0000000000000000 00000000000001ca
0x000000000402c330:   0000000000000000 000000007ae14f37
0x000000000402c340:   000000000402c3b8 0000000000000f3b
0x000000000402c350:   0000000000000000 0000000000000f3b
0x000000000402c360:   000000003b136700 0000000000000031
0x000000000402c370:   0000000000000000 000000000402c368
0x000000000402c380:   00000000271b057d 000000000402c3d0
0x000000000402c390:   0000000027202958 0000000028695348
0x000000000402c3a0:   00000000271b0580 0000000000000000
0x000000000402c3b0:   000000000402c3c8 000000000402c418 

Instructions: (pc=0x0000000074eae5c6)
0x0000000074eae5b6:   ff cc cc cc cc cc cc cc cc cc 33 c0 48 83 c9 ff
0x0000000074eae5c6:   4b 8b 3c ee f2 ae 48 f7 d1 48 ff c9 48 89 4c 24 


Stack: [0x0000000000030000,0x0000000004030000],  sp=0x000000000402c2c0,  free space=65520k
Native frames: (J=compiled Java code, j=interpreted, Vv=VM code, C=native code)
C  [m_dispatcher.dll+0x2e5c6]

Java frames: (J=compiled Java code, j=interpreted, Vv=VM code)
j  com.mathworks.jmi.NativeMatlab.SendMatlabMessage(Ljava/lang/Object;)Ljava/lang/Object;+0
j  com.mathworks.jmi.NativeMatlab.sendMatlabMessage(Ljava/lang/Object;)Ljava/lang/Object;+22
j  com.mathworks.jmi.MatlabLooper.sendMatlabMessage(Lcom/mathworks/services/message/MWMessage;)Ljava/lang/Object;+20
j  com.mathworks.jmi.Matlab.mtFevalConsoleOutput(Ljava/lang/String;[Ljava/lang/Object;I)Ljava/lang/Object;+58
j  com.mathworks.jmi.MatlabWorker.feval(Ljava/lang/String;[Ljava/lang/Object;IZ)Ljava/lang/Object;+7
j  com.mathworks.jmi.MatlabWorker.feval(Ljava/lang/String;[Ljava/lang/Object;I)Ljava/lang/Object;+4
j  com.mathworks.toolbox.eml.EMLMan$1.runOnMatlabThread()Ljava/lang/Object;+9
j  com.mathworks.jmi.MatlabWorker$2.run()V+10
j  com.mathworks.jmi.NativeMatlab.dispatchMTRequests(Z)V+127
v  ~StubRoutines::call_stub

---------------  P R O C E S S  ---------------

Java Threads: ( => current thread )
  0x00000000592c9000 JavaThread "Code Analyzer updating thread" [_thread_blocked, id=2644, stack(0x000000015ce60000,0x0000000160e60000)]
  0x00000000592ce000 JavaThread "pool-7-thread-1" [_thread_blocked, id=2612, stack(0x00000000e5fa0000,0x00000000e9fa0000)]
  0x00000000592cf000 JavaThread "Prefs Updater" daemon [_thread_blocked, id=3920, stack(0x00000000f8000000,0x00000000fc000000)]
  0x00000000592cd800 JavaThread "Active Reference Queue Daemon" daemon [_thread_blocked, id=7728, stack(0x000000012af90000,0x000000012ef90000)]
  0x00000000592c5000 JavaThread "Timer-2" daemon [_thread_blocked, id=5420, stack(0x0000000126f90000,0x000000012af90000)]
  0x00000000592cb800 JavaThread "Timer-1" daemon [_thread_blocked, id=5904, stack(0x000000010c000000,0x0000000110000000)]
  0x00000000592cc000 JavaThread "com.jniwrapper.NativeResourceCollector" daemon [_thread_blocked, id=1792, stack(0x00000000fc000000,0x0000000100000000)]
  0x00000000592ca800 JavaThread "Swing-Shell" daemon [_thread_blocked, id=6504, stack(0x0000000108000000,0x000000010c000000)]
  0x00000000592c6000 JavaThread "ClipboardMonitor Timer" daemon [_thread_blocked, id=1224, stack(0x00000000f0000000,0x00000000f4000000)]
  0x00000000592c5800 JavaThread "Explorer NavigationContext request queue" daemon [_thread_blocked, id=7512, stack(0x00000000ec000000,0x00000000f0000000)]
  0x00000000592c3800 JavaThread "AddressBar directory emptiness poller" daemon [_thread_blocked, id=3968, stack(0x00000000e0000000,0x00000000e4000000)]
  0x00000000592c2800 JavaThread "Explorer Refresh Service 287810008" daemon [_thread_blocked, id=7132, stack(0x00000000dc000000,0x00000000e0000000)]
  0x00000000592c2000 JavaThread "Thread-4" daemon [_thread_blocked, id=6540, stack(0x00000000d4000000,0x00000000d8000000)]
  0x00000000592c1000 JavaThread "TimerQueue" daemon [_thread_blocked, id=4292, stack(0x00000000d0000000,0x00000000d4000000)]
  0x00000000592c0800 JavaThread "Thread-3" daemon [_thread_blocked, id=6780, stack(0x00000000b8000000,0x00000000bc000000)]
  0x00000000592bf800 JavaThread "FelixPackageAdmin" daemon [_thread_blocked, id=6960, stack(0x00000000c4000000,0x00000000c8000000)]
  0x000000005bdd3800 JavaThread "FelixStartLevel" daemon [_thread_blocked, id=7196, stack(0x00000000c0000000,0x00000000c4000000)]
  0x000000005bcf5800 JavaThread "FelixDispatchQueue" daemon [_thread_blocked, id=8132, stack(0x00000000bc000000,0x00000000c0000000)]
  0x000000005920d000 JavaThread "AWT-EventQueue-0" [_thread_blocked, id=1680, stack(0x00000000b4000000,0x00000000b8000000)]
  0x00000000591f8000 JavaThread "AWT-Shutdown" [_thread_blocked, id=7304, stack(0x00000000a4000000,0x00000000a8000000)]
  0x0000000058ca0000 JavaThread "com.google.common.base.internal.Finalizer" daemon [_thread_blocked, id=7208, stack(0x00000000b0000000,0x00000000b4000000)]
  0x0000000058c7a000 JavaThread "AWT-Windows" daemon [_thread_in_native, id=7960, stack(0x00000000a8000000,0x00000000ac000000)]
  0x000000000ef2b800 JavaThread "Java2D Disposer" daemon [_thread_blocked, id=8128, stack(0x00000000a0000000,0x00000000a4000000)]
  0x00000000578c6800 JavaThread "Timer-0" [_thread_blocked, id=4340, stack(0x000000009c000000,0x00000000a0000000)]
  0x0000000058453000 JavaThread "EventMgr Dispatcher" daemon [_thread_in_native, id=2488, stack(0x0000000098000000,0x000000009c000000)]
  0x000000000ef8a800 JavaThread "Low Memory Detector" daemon [_thread_blocked, id=6620, stack(0x0000000090000000,0x0000000094000000)]
  0x000000000ef84000 JavaThread "CompilerThread1" daemon [_thread_blocked, id=7952, stack(0x000000008c000000,0x0000000090000000)]
  0x000000000ef7e000 JavaThread "CompilerThread0" daemon [_thread_blocked, id=7028, stack(0x0000000088000000,0x000000008c000000)]
  0x000000000ef77800 JavaThread "Attach Listener" daemon [_thread_blocked, id=2276, stack(0x0000000084000000,0x0000000088000000)]
  0x000000000ef1b000 JavaThread "Finalizer" daemon [_thread_blocked, id=5864, stack(0x0000000080000000,0x0000000084000000)]
  0x000000000ef1a800 JavaThread "Reference Handler" daemon [_thread_blocked, id=7400, stack(0x000000005e160000,0x0000000062160000)]
=>0x0000000006636800 JavaThread "main" [_thread_in_native, id=4068, stack(0x0000000000030000,0x0000000004030000)]

Other Threads:
  0x000000000ef16000 VMThread [stack: 0x0000000053540000,0x0000000057540000] [id=4196]
  0x000000000efce000 WatcherThread [stack: 0x0000000094000000,0x0000000098000000] [id=3396]

VM state:not at safepoint (normal execution)

VM Mutex/Monitor currently owned by a thread: None

Heap
 PSYoungGen      total 26432K, used 7946K [0x0000000038440000, 0x0000000039e60000, 0x000000003b540000)
  eden space 26240K, 29% used [0x0000000038440000,0x0000000038be2b60,0x0000000039de0000)
  from space 192K, 66% used [0x0000000039de0000,0x0000000039e00000,0x0000000039e10000)
  to   space 192K, 0% used [0x0000000039e30000,0x0000000039e30000,0x0000000039e60000)
 PSOldGen        total 126784K, used 75695K [0x000000002f140000, 0x0000000036d10000, 0x0000000038440000)
  object space 126784K, 59% used [0x000000002f140000,0x0000000033b2bf10,0x0000000036d10000)
 PSPermGen       total 131072K, used 81219K [0x0000000027140000, 0x000000002f140000, 0x000000002f140000)
  object space 131072K, 61% used [0x0000000027140000,0x000000002c090d38,0x000000002f140000)

Dynamic libraries:
0x0000000140000000 - 0x0000000140028000 	C:\Program Files\MATLAB\R2013a\bin\win64\MATLAB.exe
0x00000000771e0000 - 0x0000000077389000 	C:\Windows\SYSTEM32\ntdll.dll
0x00000000770c0000 - 0x00000000771df000 	C:\Windows\system32\kernel32.dll
0x000007fefcd70000 - 0x000007fefcddc000 	C:\Windows\system32\KERNELBASE.dll
0x0000000074460000 - 0x0000000074515000 	C:\Program Files\MATLAB\R2013a\bin\win64\libut.dll
0x00000000758a0000 - 0x000000007595f000 	C:\Program Files\MATLAB\R2013a\bin\win64\libmwi18n.dll
0x0000000180000000 - 0x000000018000d000 	C:\Program Files\MATLAB\R2013a\bin\win64\libmwresource_core.dll
0x0000000065220000 - 0x00000000652b8000 	C:\Program Files\MATLAB\R2013a\bin\win64\MSVCP100.dll
0x0000000065140000 - 0x0000000065212000 	C:\Program Files\MATLAB\R2013a\bin\win64\MSVCR100.dll
0x0000000067f60000 - 0x0000000067f6e000 	C:\Program Files\MATLAB\R2013a\bin\win64\boost_date_time-vc100-mt-1_49.dll
0x0000000067f30000 - 0x0000000067f5c000 	C:\Program Files\MATLAB\R2013a\bin\win64\boost_filesystem-vc100-mt-1_49.dll
0x0000000068dc0000 - 0x0000000068dc9000 	C:\Program Files\MATLAB\R2013a\bin\win64\boost_system-vc100-mt-1_49.dll
0x000007fefd0e0000 - 0x000007fefd1bb000 	C:\Windows\system32\ADVAPI32.dll
0x000007feff0e0000 - 0x000007feff17f000 	C:\Windows\system32\msvcrt.dll
0x000007fefd320000 - 0x000007fefd33f000 	C:\Windows\SYSTEM32\sechost.dll
0x000007fefe8f0000 - 0x000007fefea1d000 	C:\Windows\system32\RPCRT4.dll
0x0000000067d60000 - 0x0000000067d85000 	C:\Program Files\MATLAB\R2013a\bin\win64\LIBEXPAT.dll
0x0000000064240000 - 0x00000000643ca000 	C:\Program Files\MATLAB\R2013a\bin\win64\icuin49.dll
0x0000000064100000 - 0x000000006423e000 	C:\Program Files\MATLAB\R2013a\bin\win64\icuuc49.dll
0x00000000598c0000 - 0x000000005a9e2000 	C:\Program Files\MATLAB\R2013a\bin\win64\icudt49.dll
0x0000000067f20000 - 0x0000000067f30000 	C:\Program Files\MATLAB\R2013a\bin\win64\icuio49.dll
0x0000000073f70000 - 0x0000000074112000 	C:\Program Files\MATLAB\R2013a\bin\win64\libmwfl.dll
0x000000007a350000 - 0x000000007a737000 	C:\Program Files\MATLAB\R2013a\bin\win64\libmwMATLAB_res.dll
0x0000000065060000 - 0x000000006513f000 	C:\Program Files\MATLAB\R2013a\bin\win64\boost_regex-vc100-mt-1_49.dll
0x0000000076fc0000 - 0x00000000770ba000 	C:\Windows\system32\USER32.dll
0x000007fefed60000 - 0x000007fefedc7000 	C:\Windows\system32\GDI32.dll
0x000007fefd5a0000 - 0x000007fefd5ae000 	C:\Windows\system32\LPK.dll
0x000007fefedd0000 - 0x000007fefee99000 	C:\Windows\system32\USP10.dll
0x0000000067f00000 - 0x0000000067f11000 	C:\Program Files\MATLAB\R2013a\bin\win64\boost_signals-vc100-mt-1_49.dll
0x0000000067d40000 - 0x0000000067d51000 	C:\Program Files\MATLAB\R2013a\bin\win64\boost_thread-vc100-mt-1_49.dll
0x000007fef34e0000 - 0x000007fef356c000 	C:\Program Files\MATLAB\R2013a\bin\win64\boost_log-vc100-mt-1_49.dll
0x00000000773b0000 - 0x00000000773b7000 	C:\Windows\system32\PSAPI.DLL
0x000007feff180000 - 0x000007feff1cd000 	C:\Windows\system32\WS2_32.dll
0x000007fefd0d0000 - 0x000007fefd0d8000 	C:\Windows\system32\NSI.dll
0x000007fef38b0000 - 0x000007fef38e3000 	C:\Program Files\MATLAB\R2013a\bin\win64\tbb.dll
0x000007feff1d0000 - 0x000007feff1e9000 	C:\Windows\system32\imagehlp.dll
0x000007fefae30000 - 0x000007fefae5c000 	C:\Windows\system32\POWRPROF.dll
0x000007fefd8e0000 - 0x000007fefdab7000 	C:\Windows\system32\SETUPAPI.dll
0x000007fefd020000 - 0x000007fefd056000 	C:\Windows\system32\CFGMGR32.dll
0x000007fefd340000 - 0x000007fefd417000 	C:\Windows\system32\OLEAUT32.dll
0x000007fefeed0000 - 0x000007feff0d3000 	C:\Windows\system32\ole32.dll
0x000007fefd000000 - 0x000007fefd01a000 	C:\Windows\system32\DEVOBJ.dll
0x0000000004110000 - 0x0000000004131000 	C:\Program Files\MATLAB\R2013a\bin\win64\libmwmfl_scalar.dll
0x000007fef61e0000 - 0x000007fef6305000 	C:\Windows\system32\dbghelp.dll
0x0000000004280000 - 0x00000000045af000 	C:\Program Files\MATLAB\R2013a\bin\win64\libmwservices.dll
0x0000000075a20000 - 0x0000000075b0b000 	C:\Program Files\MATLAB\R2013a\bin\win64\libmx.dll
0x000007fef3880000 - 0x000007fef38a8000 	C:\Program Files\MATLAB\R2013a\bin\win64\tbbmalloc.dll
0x0000000067d20000 - 0x0000000067d37000 	C:\Program Files\MATLAB\R2013a\bin\win64\zlib1.dll
0x00000000045b0000 - 0x00000000045fe000 	C:\Program Files\MATLAB\R2013a\bin\win64\libmwregexp.dll
0x0000000075f10000 - 0x0000000075f57000 	C:\Program Files\MATLAB\R2013a\bin\win64\mpath.dll
0x000000007b680000 - 0x000000007bc66000 	C:\Program Files\MATLAB\R2013a\bin\win64\mlutil.dll
0x00000000754d0000 - 0x0000000075547000 	C:\Program Files\MATLAB\R2013a\bin\win64\xmlcore.dll
0x000000005df10000 - 0x000000005e151000 	C:\Program Files\MATLAB\R2013a\bin\win64\xerces-c_2_7.dll
0x0000000004150000 - 0x0000000004172000 	C:\Program Files\MATLAB\R2013a\bin\win64\libmwMATLAB_settings_res.dll
0x000007fef3870000 - 0x000007fef3880000 	C:\Program Files\MATLAB\R2013a\bin\win64\boost_iostreams-vc100-mt-1_49.dll
0x000007fef3340000 - 0x000007fef3386000 	C:\Program Files\MATLAB\R2013a\bin\win64\boost_serialization-vc100-mt-1_49.dll
0x000007fefdb60000 - 0x000007fefe8e8000 	C:\Windows\system32\SHELL32.dll
0x000007fefd5b0000 - 0x000007fefd621000 	C:\Windows\system32\SHLWAPI.dll
0x0000000004600000 - 0x0000000004606000 	C:\Program Files\MATLAB\R2013a\bin\win64\libmwnativedisplay.dll
0x000007fef8f50000 - 0x000007fef8ff0000 	C:\Windows\WinSxS\amd64_microsoft.windows.common-controls_6595b64144ccf1df_5.82.7601.18201_none_a4d3b9377117c3df\COMCTL32.dll
0x000007fefdac0000 - 0x000007fefdb57000 	C:\Windows\system32\COMDLG32.dll
0x000007fef9d30000 - 0x000007fef9d46000 	C:\Windows\system32\NETAPI32.dll
0x000007fef9d20000 - 0x000007fef9d2c000 	C:\Windows\system32\netutils.dll
0x000007fefba80000 - 0x000007fefbaa3000 	C:\Windows\system32\srvcli.dll
0x000007fef9d00000 - 0x000007fef9d15000 	C:\Windows\system32\wkscli.dll
0x0000000074970000 - 0x0000000074a18000 	C:\Program Files\MATLAB\R2013a\bin\win64\mcr.dll
0x0000000075000000 - 0x00000000753b1000 	C:\Program Files\MATLAB\R2013a\bin\win64\iqm.dll
0x0000000074e80000 - 0x0000000074f30000 	C:\Program Files\MATLAB\R2013a\bin\win64\m_dispatcher.dll
0x0000000004610000 - 0x0000000004e18000 	C:\Program Files\MATLAB\R2013a\bin\win64\m_interpreter.dll
0x0000000004e20000 - 0x0000000004e44000 	C:\Program Files\MATLAB\R2013a\bin\win64\libmex.dll
0x0000000075430000 - 0x00000000754ab000 	C:\Program Files\MATLAB\R2013a\bin\win64\profiler.dll
0x0000000004e50000 - 0x00000000050d3000 	C:\Program Files\MATLAB\R2013a\bin\win64\libmwmathutil.dll
0x0000000079f40000 - 0x0000000079f66000 	C:\Program Files\MATLAB\R2013a\bin\win64\libmwmathrng.dll
0x00000000050e0000 - 0x00000000050f0000 	C:\Program Files\MATLAB\R2013a\bin\win64\libmwmfl_rng.dll
0x0000000074c10000 - 0x0000000074cf8000 	C:\Program Files\MATLAB\R2013a\bin\win64\libmwmathcore.dll
0x0000000076160000 - 0x00000000761c3000 	C:\Program Files\MATLAB\R2013a\bin\win64\libmwspmatrix.dll
0x000000007b0a0000 - 0x000000007b2f6000 	C:\Program Files\MATLAB\R2013a\bin\win64\mcos.dll
0x0000000075ea0000 - 0x0000000075f02000 	C:\Program Files\MATLAB\R2013a\bin\win64\libmwcholmod.dll
0x0000000005100000 - 0x000000000510d000 	C:\Program Files\MATLAB\R2013a\bin\win64\libmwamd.dll
0x0000000072a10000 - 0x0000000072ab3000 	C:\Windows\WinSxS\amd64_microsoft.vc90.crt_1fc8b3b9a1e18e3b_9.0.30729.6161_none_08e61857a83bc251\MSVCR90.dll
0x0000000005120000 - 0x000000000512c000 	C:\Program Files\MATLAB\R2013a\bin\win64\libmwcolamd.dll
0x000000007a290000 - 0x000000007a2a3000 	C:\Program Files\MATLAB\R2013a\bin\win64\libmwblas.dll
0x000000007a310000 - 0x000000007a325000 	C:\Program Files\MATLAB\R2013a\bin\win64\libmwbinder.dll
0x0000000005140000 - 0x000000000514b000 	C:\Program Files\MATLAB\R2013a\bin\win64\libmwompwrapper.dll
0x0000000075820000 - 0x000000007589e000 	C:\Program Files\MATLAB\R2013a\bin\win64\libmwlapack.dll
0x000000007a1b0000 - 0x000000007a1d0000 	C:\Program Files\MATLAB\R2013a\bin\win64\m_pcodeio.dll
0x0000000079b10000 - 0x0000000079b6c000 	C:\Program Files\MATLAB\R2013a\bin\win64\m_ir.dll
0x0000000078ed0000 - 0x0000000079579000 	C:\Program Files\MATLAB\R2013a\bin\win64\m_parser.dll
0x000000007a2f0000 - 0x000000007a307000 	C:\Program Files\MATLAB\R2013a\bin\win64\ir_xfmr.dll
0x0000000005150000 - 0x0000000005160000 	C:\Program Files\MATLAB\R2013a\bin\win64\mtok.dll
0x000000007a130000 - 0x000000007a158000 	C:\Program Files\MATLAB\R2013a\bin\win64\m_pcodegen.dll
0x0000000079fb0000 - 0x0000000079fdf000 	C:\Program Files\MATLAB\R2013a\bin\win64\libmwbridge.dll
0x0000000074f40000 - 0x0000000074ff6000 	C:\Program Files\MATLAB\R2013a\bin\win64\udd.dll
0x0000000073cc0000 - 0x0000000073e0e000 	C:\Program Files\MATLAB\R2013a\bin\win64\libmwgui.dll
0x000000007a1d0000 - 0x000000007a1f4000 	C:\Program Files\MATLAB\R2013a\bin\win64\graphics_util.dll
0x000007fef3280000 - 0x000007fef3338000 	C:\Program Files\MATLAB\R2013a\bin\win64\libtex_base.dll
0x0000000005160000 - 0x0000000005aa3000 	C:\Program Files\MATLAB\R2013a\bin\win64\hg.dll
0x0000000076100000 - 0x000000007615a000 	C:\Program Files\MATLAB\R2013a\bin\win64\libmat.dll
0x0000000072d30000 - 0x0000000072f38000 	C:\Program Files\MATLAB\R2013a\bin\win64\hdf5dll.dll
0x0000000075710000 - 0x00000000757d8000 	C:\Program Files\MATLAB\R2013a\bin\win64\jmi.dll
0x0000000005ac0000 - 0x0000000005ace000 	C:\Program Files\MATLAB\R2013a\bin\win64\nativejava_services.dll
0x0000000005ad0000 - 0x0000000005b10000 	C:\Program Files\MATLAB\R2013a\bin\win64\libmwhardcopy.dll
0x0000000075c70000 - 0x0000000075cce000 	C:\Program Files\MATLAB\R2013a\bin\win64\libuij.dll
0x0000000072f50000 - 0x000000007318f000 	C:\Program Files\MATLAB\R2013a\bin\win64\hgdatatypes.dll
0x0000000005b10000 - 0x0000000005bfb000 	C:\Program Files\MATLAB\R2013a\bin\win64\hgutils.dll
0x0000000005c00000 - 0x0000000005cae000 	C:\Program Files\MATLAB\R2013a\bin\win64\udd_mi.dll
0x0000000005cb0000 - 0x0000000005ce6000 	C:\Program Files\MATLAB\R2013a\bin\win64\libmwgbtutils.dll
0x0000000005cf0000 - 0x0000000005d04000 	C:\Program Files\MATLAB\R2013a\bin\win64\libmwgbt.dll
0x0000000005d10000 - 0x0000000005fde000 	C:\Program Files\MATLAB\R2013a\bin\win64\uiw.dll
0x0000000005fe0000 - 0x0000000005fe9000 	C:\Program Files\MATLAB\R2013a\bin\win64\uinone.dll
0x0000000005ff0000 - 0x0000000006016000 	C:\Program Files\MATLAB\R2013a\bin\win64\libmwnativefiledialogs.dll
0x0000000006020000 - 0x000000000602c000 	C:\Program Files\MATLAB\R2013a\bin\win64\libmwplatform_res.dll
0x000007fef7df0000 - 0x000007fef7e08000 	C:\Windows\system32\MPR.dll
0x000000005b5c0000 - 0x000000005bb1d000 	C:\Program Files\MATLAB\R2013a\bin\win64\mfc100.dll
0x000007fef9c70000 - 0x000007fef9c77000 	C:\Windows\system32\MSIMG32.dll
0x000007fef8ed0000 - 0x000007fef8f41000 	C:\Windows\system32\WINSPOOL.DRV
0x0000000006030000 - 0x000000000604d000 	C:\Program Files\MATLAB\R2013a\bin\win64\mwoles05.DLL
0x0000000006050000 - 0x00000000060bc000 	C:\Program Files\MATLAB\R2013a\bin\win64\comcli.dll
0x00000000678e0000 - 0x000000006790b000 	C:\Program Files\MATLAB\R2013a\bin\win64\ATL100.DLL
0x00000000060c0000 - 0x00000000060cc000 	C:\Program Files\MATLAB\R2013a\bin\win64\mlautoregister.dll
0x00000000060d0000 - 0x0000000006226000 	C:\Program Files\MATLAB\R2013a\bin\win64\mvm.dll
0x000007fefbe70000 - 0x000007fefbec7000 	C:\Windows\system32\apphelp.dll
0x000007fef2dc0000 - 0x000007fef2e11000 	C:\Windows\AppPatch\AppPatch64\AcGenral.DLL
0x000007fefbe40000 - 0x000007fefbe65000 	C:\Windows\system32\SspiCli.dll
0x000000006ca70000 - 0x000000006ca73000 	C:\Windows\system32\sfc.dll
0x000007fef36c0000 - 0x000007fef36d0000 	C:\Windows\system32\sfc_os.DLL
0x000007fefd060000 - 0x000007fefd07e000 	C:\Windows\system32\USERENV.dll
0x000007fefcd10000 - 0x000007fefcd1f000 	C:\Windows\system32\profapi.dll

VM Arguments:
jvm_args: -XX:PermSize=32m -Xms64m -XX:NewRatio=3 -XX:MaxPermSize=128m -Xmx196m -XX:MaxDirectMemorySize=2147400000 -Dsun.java2d.noddraw=true -Dsun.awt.nopixfmt=true -Xshare:off -Xrs -Dsun.awt.disableMixing=true -Djava.library.path=C:\Program Files\MATLAB\R2013a\bin\win64;C:\Program Files\MATLAB\R2013a\sys\jxbrowser\win64\lib vfprintf abort -XX:ParallelGCThreads=6 
java_command: <unknown>
Launcher Type: generic

Environment Variables:
PATH=C:\Python33\;C:\Program Files (x86)\SolidWorks Corp\COSMOS M;C:\Program Files (x86)\NVIDIA Corporation\PhysX\Common;C:\Program Files (x86)\Intel\iCLS Client\;C:\Program Files\Intel\iCLS Client\;C:\Program Files\Common Files\Microsoft Shared\Windows Live;C:\Program Files (x86)\Common Files\Microsoft Shared\Windows Live;C:\Windows\system32;C:\Windows;C:\Windows\System32\Wbem;C:\Windows\System32\WindowsPowerShell\v1.0\;C:\Program Files (x86)\Windows Live\Shared;C:\Program Files (x86)\EgisTec MyWinLocker\x64;C:\Program Files (x86)\EgisTec MyWinLocker\;C:\Program Files (x86)\Intel\OpenCL SDK\2.0\bin\x86;C:\Program Files (x86)\Intel\OpenCL SDK\2.0\bin\x64;C:\Program Files\Intel\Intel(R) Management Engine Components\DAL;C:\Program Files\Intel\Intel(R) Management Engine Components\IPT;C:\Program Files (x86)\Intel\Intel(R) Management Engine Components\DAL;C:\Program Files (x86)\Intel\Intel(R) Management Engine Components\IPT;C:\Program Files\MATLAB\R2013a2\runtime\win64;C:\Program Files\MATLAB\R2013a2\bin;C:\Program Files\MATLAB\R2007b\bin;C:\Program Files\MATLAB\R2007b\bin\win64;C:\Program Files\Microsoft SQL Server\110\Tools\Binn\;C:\Program Files\Microsoft Windows Performance Toolkit\
USERNAME=Martin
OS=Windows_NT
PROCESSOR_IDENTIFIER=Intel64 Family 6 Model 58 Stepping 9, GenuineIntel



---------------  S Y S T E M  ---------------

OS: Windows 7 Build 7601 Service Pack 1

CPU:total 8 (8 cores per cpu, 2 threads per core) family 6 model 58 stepping 9, cmov, cx8, fxsr, mmx, sse, sse2, sse3, ssse3, sse4.1, sse4.2, ht

Memory: 4k page, physical 6125932k(1704856k free), swap 12250000k(7442596k free)

vm_info: Java HotSpot(TM) 64-Bit Server VM (14.3-b01) for windows-amd64 JRE (1.6.0_17-b04), built on Oct 11 2009 00:46:08 by "java_re" with MS VC++ 8.0

time: Sun Jul 06 18:08:12 2014
elapsed time: 5064 seconds

