#
# A fatal error has been detected by the Java Runtime Environment:
#
#  EXCEPTION_ACCESS_VIOLATION (0xc0000005) at pc=0x0000000074e9214e, pid=6096, tid=6624
#
# JRE version: 6.0_17-b04
# Java VM: Java HotSpot(TM) 64-Bit Server VM (14.3-b01 mixed mode windows-amd64 )
# Problematic frame:
# C  [m_dispatcher.dll+0x1214e]
#
# If you would like to submit a bug report, please visit:
#   http://java.sun.com/webapps/bugreport/crash.jsp
# The crash happened outside the Java Virtual Machine in native code.
# See problematic frame for where to report the bug.
#

---------------  T H R E A D  ---------------

Current thread (0x0000000006746800):  JavaThread "main" [_thread_in_native, id=6624, stack(0x0000000000030000,0x0000000004030000)]

siginfo: ExceptionCode=0xc0000005, reading address 0x00000000000000de

Registers:
EAX=0xfffffffffffffffe, EBX=0x00000000c989fcd8, ECX=0x000000000402e890, EDX=0x0000000000000007
ESP=0x000000000402cb48, EBP=0x000000000402d130, ESI=0x0000000000000000, EDI=0x00000000098c8cf0
EIP=0x0000000074e9214e, EFLAGS=0x0000000000010206

Top of Stack: (sp=0x000000000402cb48)
0x000000000402cb48:   0000000004650dc0 7465676400000000
0x000000000402cb58:   000000000402ce60 0000000000000001
0x000000000402cb68:   0000000006746f90 0000000006746800
0x000000000402cb78:   000000000402ce90 0000000000000000
0x000000000402cb88:   00000000c989fcb0 0000000000000000
0x000000000402cb98:   0000000004650d01 00000000c989fcd8
0x000000000402cba8:   0000000000000000 0000000000000001
0x000000000402cbb8:   00000000c989fcd0 000000000402cc88
0x000000000402cbc8:   0000000078a66215 00000000776f5430
0x000000000402cbd8:   0000000000000000 fffffffffffffffe
0x000000000402cbe8:   000000002bedd300 0000000006746800
0x000000000402cbf8:   000000002b4633e0 000000002bedd4b0
0x000000000402cc08:   0000000078a76513 0000000000000000
0x000000000402cc18:   0000000006746f98 00000000066cce90
0x000000000402cc28:   000000000402ce90 000000002bedd9c8
0x000000000402cc38:   0000000075aa2239 0000000000000001 

Instructions: (pc=0x0000000074e9214e)
0x0000000074e9213e:   48 8b 89 60 04 00 00 48 85 c9 74 1c 48 8b 41 30
0x0000000074e9214e:   80 b8 e0 00 00 00 00 74 06 48 85 c9 74 0a c3 48 


Stack: [0x0000000000030000,0x0000000004030000],  sp=0x000000000402cb48,  free space=65522k
Native frames: (J=compiled Java code, j=interpreted, Vv=VM code, C=native code)
C  [m_dispatcher.dll+0x1214e]

Java frames: (J=compiled Java code, j=interpreted, Vv=VM code)
j  com.mathworks.jmi.NativeMatlab.SendMatlabMessage(Ljava/lang/Object;)Ljava/lang/Object;+0
j  com.mathworks.jmi.NativeMatlab.sendMatlabMessage(Ljava/lang/Object;)Ljava/lang/Object;+22
j  com.mathworks.jmi.MatlabLooper.sendMatlabMessage(Lcom/mathworks/services/message/MWMessage;)Ljava/lang/Object;+20
j  com.mathworks.jmi.Matlab.mtFevalConsoleOutput(Ljava/lang/String;[Ljava/lang/Object;I)Ljava/lang/Object;+58
j  com.mathworks.mde.desk.MLDesktop$8.run()V+14
j  com.mathworks.jmi.NativeMatlab.dispatchMTRequests(Z)V+57
v  ~StubRoutines::call_stub

---------------  P R O C E S S  ---------------

Java Threads: ( => current thread )
  0x0000000057063800 JavaThread "Inactive RequestProcessor thread [Was:TimedSoftReference/org.openide.util.TimedSoftReference]" daemon [_thread_blocked, id=5192, stack(0x00000001472a0000,0x000000014b2a0000)]
  0x0000000057065000 JavaThread "Active Reference Queue Daemon" daemon [_thread_blocked, id=3844, stack(0x000000012a210000,0x000000012e210000)]
  0x0000000057066800 JavaThread "Timer-2" daemon [_thread_blocked, id=7684, stack(0x000000011e210000,0x0000000122210000)]
  0x0000000057060000 JavaThread "Timer-1" daemon [_thread_blocked, id=4692, stack(0x000000010c000000,0x0000000110000000)]
  0x0000000057067000 JavaThread "com.jniwrapper.NativeResourceCollector" daemon [_thread_blocked, id=6508, stack(0x00000000fc000000,0x0000000100000000)]
  0x0000000057062800 JavaThread "Swing-Shell" daemon [_thread_blocked, id=2724, stack(0x00000000e8000000,0x00000000ec000000)]
  0x0000000057062000 JavaThread "ClipboardMonitor Timer" daemon [_thread_blocked, id=7000, stack(0x00000000f0000000,0x00000000f4000000)]
  0x000000005705d800 JavaThread "Explorer NavigationContext request queue" daemon [_thread_blocked, id=3120, stack(0x00000000dc000000,0x00000000e0000000)]
  0x000000005705f000 JavaThread "AddressBar directory emptiness poller" daemon [_thread_blocked, id=7900, stack(0x00000000e4000000,0x00000000e8000000)]
  0x000000005705e800 JavaThread "Explorer Refresh Service 1018840377" daemon [_thread_blocked, id=5668, stack(0x00000000e0000000,0x00000000e4000000)]
  0x000000005705d000 JavaThread "Thread-4" daemon [_thread_blocked, id=3724, stack(0x00000000d8000000,0x00000000dc000000)]
  0x000000005705c000 JavaThread "TimerQueue" daemon [_thread_blocked, id=4112, stack(0x00000000cc000000,0x00000000d0000000)]
  0x000000005705b800 JavaThread "Thread-3" daemon [_thread_blocked, id=6604, stack(0x00000000c0000000,0x00000000c4000000)]
  0x0000000056ce7000 JavaThread "AWT-EventQueue-0" [_thread_blocked, id=5840, stack(0x00000000bc000000,0x00000000c0000000)]
  0x00000000535b3000 JavaThread "AWT-Shutdown" [_thread_blocked, id=3944, stack(0x00000000b8000000,0x00000000bc000000)]
  0x000000000ebdc000 JavaThread "FelixPackageAdmin" daemon [_thread_blocked, id=6888, stack(0x00000000b4000000,0x00000000b8000000)]
  0x0000000054afa800 JavaThread "FelixStartLevel" daemon [_thread_blocked, id=1796, stack(0x00000000b0000000,0x00000000b4000000)]
  0x0000000053b37000 JavaThread "FelixDispatchQueue" daemon [_thread_blocked, id=5416, stack(0x00000000a8000000,0x00000000ac000000)]
  0x0000000054a7c800 JavaThread "com.google.common.base.internal.Finalizer" daemon [_thread_blocked, id=1924, stack(0x00000000ac000000,0x00000000b0000000)]
  0x0000000054a51800 JavaThread "AWT-Windows" daemon [_thread_in_native, id=4200, stack(0x00000000a4000000,0x00000000a8000000)]
  0x000000005499d800 JavaThread "Java2D Disposer" daemon [_thread_blocked, id=7700, stack(0x000000009c000000,0x00000000a0000000)]
  0x00000000546a8800 JavaThread "Timer-0" [_thread_blocked, id=7884, stack(0x0000000098000000,0x000000009c000000)]
  0x000000005407f800 JavaThread "EventMgr Dispatcher" daemon [_thread_in_native, id=8148, stack(0x0000000094000000,0x0000000098000000)]
  0x000000000ebac000 JavaThread "Low Memory Detector" daemon [_thread_blocked, id=8128, stack(0x000000008c000000,0x0000000090000000)]
  0x000000000eba7800 JavaThread "CompilerThread1" daemon [_thread_blocked, id=668, stack(0x0000000088000000,0x000000008c000000)]
  0x000000000eb9f000 JavaThread "CompilerThread0" daemon [_thread_blocked, id=4976, stack(0x0000000084000000,0x0000000088000000)]
  0x000000000eb99000 JavaThread "Attach Listener" daemon [_thread_blocked, id=6148, stack(0x0000000080000000,0x0000000084000000)]
  0x000000000eb38800 JavaThread "Finalizer" daemon [_thread_blocked, id=1588, stack(0x000000006b220000,0x000000006f220000)]
  0x000000000eb37800 JavaThread "Reference Handler" daemon [_thread_blocked, id=7296, stack(0x0000000067220000,0x000000006b220000)]
=>0x0000000006746800 JavaThread "main" [_thread_in_native, id=6624, stack(0x0000000000030000,0x0000000004030000)]

Other Threads:
  0x000000000eb33000 VMThread [stack: 0x000000005b2a0000,0x000000005f2a0000] [id=5820]
  0x000000000ebdf000 WatcherThread [stack: 0x0000000090000000,0x0000000094000000] [id=6916]

VM state:not at safepoint (normal execution)

VM Mutex/Monitor currently owned by a thread: None

Heap
 PSYoungGen      total 20736K, used 7573K [0x0000000038440000, 0x0000000039ba0000, 0x000000003b540000)
  eden space 18816K, 34% used [0x0000000038440000,0x0000000038a8cc38,0x00000000396a0000)
  from space 1920K, 58% used [0x00000000399c0000,0x0000000039ad8960,0x0000000039ba0000)
  to   space 2560K, 0% used [0x00000000396a0000,0x00000000396a0000,0x0000000039920000)
 PSOldGen        total 77632K, used 66218K [0x000000002f140000, 0x0000000033d10000, 0x0000000038440000)
  object space 77632K, 85% used [0x000000002f140000,0x00000000331eaaa8,0x0000000033d10000)
 PSPermGen       total 120000K, used 79484K [0x0000000027140000, 0x000000002e670000, 0x000000002f140000)
  object space 120000K, 66% used [0x0000000027140000,0x000000002bedf278,0x000000002e670000)

Dynamic libraries:
0x0000000140000000 - 0x0000000140028000 	C:\Program Files\MATLAB\R2013a\bin\win64\MATLAB.exe
0x00000000775e0000 - 0x0000000077789000 	C:\Windows\SYSTEM32\ntdll.dll
0x00000000774c0000 - 0x00000000775df000 	C:\Windows\system32\kernel32.dll
0x000007fefc720000 - 0x000007fefc78c000 	C:\Windows\system32\KERNELBASE.dll
0x0000000074460000 - 0x0000000074515000 	C:\Program Files\MATLAB\R2013a\bin\win64\libut.dll
0x00000000758a0000 - 0x000000007595f000 	C:\Program Files\MATLAB\R2013a\bin\win64\libmwi18n.dll
0x0000000180000000 - 0x000000018000d000 	C:\Program Files\MATLAB\R2013a\bin\win64\libmwresource_core.dll
0x000000005b200000 - 0x000000005b298000 	C:\Program Files\MATLAB\R2013a\bin\win64\MSVCP100.dll
0x000000005b120000 - 0x000000005b1f2000 	C:\Program Files\MATLAB\R2013a\bin\win64\MSVCR100.dll
0x0000000067200000 - 0x000000006720e000 	C:\Program Files\MATLAB\R2013a\bin\win64\boost_date_time-vc100-mt-1_49.dll
0x0000000062430000 - 0x000000006245c000 	C:\Program Files\MATLAB\R2013a\bin\win64\boost_filesystem-vc100-mt-1_49.dll
0x0000000067210000 - 0x0000000067219000 	C:\Program Files\MATLAB\R2013a\bin\win64\boost_system-vc100-mt-1_49.dll
0x000007fefdd80000 - 0x000007fefde5b000 	C:\Windows\system32\ADVAPI32.dll
0x000007fefc9f0000 - 0x000007fefca8f000 	C:\Windows\system32\msvcrt.dll
0x000007fefcb30000 - 0x000007fefcb4f000 	C:\Windows\SYSTEM32\sechost.dll
0x000007fefe330000 - 0x000007fefe45d000 	C:\Windows\system32\RPCRT4.dll
0x00000000624f0000 - 0x0000000062515000 	C:\Program Files\MATLAB\R2013a\bin\win64\LIBEXPAT.dll
0x000000005af90000 - 0x000000005b11a000 	C:\Program Files\MATLAB\R2013a\bin\win64\icuin49.dll
0x000000005ae50000 - 0x000000005af8e000 	C:\Program Files\MATLAB\R2013a\bin\win64\icuuc49.dll
0x0000000055880000 - 0x00000000569a2000 	C:\Program Files\MATLAB\R2013a\bin\win64\icudt49.dll
0x0000000066e60000 - 0x0000000066e70000 	C:\Program Files\MATLAB\R2013a\bin\win64\icuio49.dll
0x0000000073f70000 - 0x0000000074112000 	C:\Program Files\MATLAB\R2013a\bin\win64\libmwfl.dll
0x000000007a350000 - 0x000000007a737000 	C:\Program Files\MATLAB\R2013a\bin\win64\libmwMATLAB_res.dll
0x000000005ad70000 - 0x000000005ae4f000 	C:\Program Files\MATLAB\R2013a\bin\win64\boost_regex-vc100-mt-1_49.dll
0x00000000773c0000 - 0x00000000774ba000 	C:\Windows\system32\USER32.dll
0x000007fefdd10000 - 0x000007fefdd77000 	C:\Windows\system32\GDI32.dll
0x000007fefea80000 - 0x000007fefea8e000 	C:\Windows\system32\LPK.dll
0x000007fefe4e0000 - 0x000007fefe5a9000 	C:\Windows\system32\USP10.dll
0x0000000064cc0000 - 0x0000000064cd1000 	C:\Program Files\MATLAB\R2013a\bin\win64\boost_signals-vc100-mt-1_49.dll
0x00000000646e0000 - 0x00000000646f1000 	C:\Program Files\MATLAB\R2013a\bin\win64\boost_thread-vc100-mt-1_49.dll
0x000007feeeaf0000 - 0x000007feeeb7c000 	C:\Program Files\MATLAB\R2013a\bin\win64\boost_log-vc100-mt-1_49.dll
0x00000000777a0000 - 0x00000000777a7000 	C:\Windows\system32\PSAPI.DLL
0x000007fefcbe0000 - 0x000007fefcc2d000 	C:\Windows\system32\WS2_32.dll
0x000007fefde60000 - 0x000007fefde68000 	C:\Windows\system32\NSI.dll
0x000007feeebd0000 - 0x000007feeec03000 	C:\Program Files\MATLAB\R2013a\bin\win64\tbb.dll
0x000007fefeaf0000 - 0x000007fefeb09000 	C:\Windows\system32\imagehlp.dll
0x000007fefb1a0000 - 0x000007fefb1cc000 	C:\Windows\system32\POWRPROF.dll
0x000007fefc810000 - 0x000007fefc9e7000 	C:\Windows\system32\SETUPAPI.dll
0x000007fefc4c0000 - 0x000007fefc4f6000 	C:\Windows\system32\CFGMGR32.dll
0x000007fefdc30000 - 0x000007fefdd07000 	C:\Windows\system32\OLEAUT32.dll
0x000007fefde70000 - 0x000007fefe073000 	C:\Windows\system32\ole32.dll
0x000007fefc790000 - 0x000007fefc7aa000 	C:\Windows\system32\DEVOBJ.dll
0x0000000004230000 - 0x0000000004251000 	C:\Program Files\MATLAB\R2013a\bin\win64\libmwmfl_scalar.dll
0x000007fef7d60000 - 0x000007fef7e85000 	C:\Windows\system32\dbghelp.dll
0x0000000004260000 - 0x000000000458f000 	C:\Program Files\MATLAB\R2013a\bin\win64\libmwservices.dll
0x0000000075a20000 - 0x0000000075b0b000 	C:\Program Files\MATLAB\R2013a\bin\win64\libmx.dll
0x000007feeeba0000 - 0x000007feeebc8000 	C:\Program Files\MATLAB\R2013a\bin\win64\tbbmalloc.dll
0x0000000062410000 - 0x0000000062427000 	C:\Program Files\MATLAB\R2013a\bin\win64\zlib1.dll
0x0000000004590000 - 0x00000000045de000 	C:\Program Files\MATLAB\R2013a\bin\win64\libmwregexp.dll
0x0000000075f10000 - 0x0000000075f57000 	C:\Program Files\MATLAB\R2013a\bin\win64\mpath.dll
0x000000007b680000 - 0x000000007bc66000 	C:\Program Files\MATLAB\R2013a\bin\win64\mlutil.dll
0x00000000754d0000 - 0x0000000075547000 	C:\Program Files\MATLAB\R2013a\bin\win64\xmlcore.dll
0x000000005ab20000 - 0x000000005ad61000 	C:\Program Files\MATLAB\R2013a\bin\win64\xerces-c_2_7.dll
0x00000000045e0000 - 0x0000000004602000 	C:\Program Files\MATLAB\R2013a\bin\win64\libmwMATLAB_settings_res.dll
0x000007feeeb90000 - 0x000007feeeba0000 	C:\Program Files\MATLAB\R2013a\bin\win64\boost_iostreams-vc100-mt-1_49.dll
0x000007feeeaa0000 - 0x000007feeeae6000 	C:\Program Files\MATLAB\R2013a\bin\win64\boost_serialization-vc100-mt-1_49.dll
0x000007fefcea0000 - 0x000007fefdc28000 	C:\Windows\system32\SHELL32.dll
0x000007fefe080000 - 0x000007fefe0f1000 	C:\Windows\system32\SHLWAPI.dll
0x00000000040b0000 - 0x00000000040b6000 	C:\Program Files\MATLAB\R2013a\bin\win64\libmwnativedisplay.dll
0x000007fef8520000 - 0x000007fef85c0000 	C:\Windows\WinSxS\amd64_microsoft.windows.common-controls_6595b64144ccf1df_5.82.7601.18201_none_a4d3b9377117c3df\COMCTL32.dll
0x000007fefe5b0000 - 0x000007fefe647000 	C:\Windows\system32\COMDLG32.dll
0x000007fef9a60000 - 0x000007fef9a76000 	C:\Windows\system32\NETAPI32.dll
0x000007fef9a50000 - 0x000007fef9a5c000 	C:\Windows\system32\netutils.dll
0x000007fefbfe0000 - 0x000007fefc003000 	C:\Windows\system32\srvcli.dll
0x000007fef9a30000 - 0x000007fef9a45000 	C:\Windows\system32\wkscli.dll
0x0000000074970000 - 0x0000000074a18000 	C:\Program Files\MATLAB\R2013a\bin\win64\mcr.dll
0x0000000075000000 - 0x00000000753b1000 	C:\Program Files\MATLAB\R2013a\bin\win64\iqm.dll
0x0000000074e80000 - 0x0000000074f30000 	C:\Program Files\MATLAB\R2013a\bin\win64\m_dispatcher.dll
0x0000000004610000 - 0x0000000004e18000 	C:\Program Files\MATLAB\R2013a\bin\win64\m_interpreter.dll
0x0000000004e20000 - 0x0000000004e44000 	C:\Program Files\MATLAB\R2013a\bin\win64\libmex.dll
0x0000000075430000 - 0x00000000754ab000 	C:\Program Files\MATLAB\R2013a\bin\win64\profiler.dll
0x0000000004e50000 - 0x00000000050d3000 	C:\Program Files\MATLAB\R2013a\bin\win64\libmwmathutil.dll
0x0000000079f40000 - 0x0000000079f66000 	C:\Program Files\MATLAB\R2013a\bin\win64\libmwmathrng.dll
0x00000000050e0000 - 0x00000000050f0000 	C:\Program Files\MATLAB\R2013a\bin\win64\libmwmfl_rng.dll
0x0000000074c10000 - 0x0000000074cf8000 	C:\Program Files\MATLAB\R2013a\bin\win64\libmwmathcore.dll
0x0000000076160000 - 0x00000000761c3000 	C:\Program Files\MATLAB\R2013a\bin\win64\libmwspmatrix.dll
0x000000007b0a0000 - 0x000000007b2f6000 	C:\Program Files\MATLAB\R2013a\bin\win64\mcos.dll
0x0000000075ea0000 - 0x0000000075f02000 	C:\Program Files\MATLAB\R2013a\bin\win64\libmwcholmod.dll
0x0000000005100000 - 0x000000000510d000 	C:\Program Files\MATLAB\R2013a\bin\win64\libmwamd.dll
0x0000000005120000 - 0x00000000051c3000 	C:\Windows\WinSxS\amd64_microsoft.vc90.crt_1fc8b3b9a1e18e3b_9.0.30729.6161_none_08e61857a83bc251\MSVCR90.dll
0x00000000051d0000 - 0x00000000051dc000 	C:\Program Files\MATLAB\R2013a\bin\win64\libmwcolamd.dll
0x000000007a290000 - 0x000000007a2a3000 	C:\Program Files\MATLAB\R2013a\bin\win64\libmwblas.dll
0x000000007a310000 - 0x000000007a325000 	C:\Program Files\MATLAB\R2013a\bin\win64\libmwbinder.dll
0x00000000051f0000 - 0x00000000051fb000 	C:\Program Files\MATLAB\R2013a\bin\win64\libmwompwrapper.dll
0x0000000075820000 - 0x000000007589e000 	C:\Program Files\MATLAB\R2013a\bin\win64\libmwlapack.dll
0x000000007a1b0000 - 0x000000007a1d0000 	C:\Program Files\MATLAB\R2013a\bin\win64\m_pcodeio.dll
0x0000000079b10000 - 0x0000000079b6c000 	C:\Program Files\MATLAB\R2013a\bin\win64\m_ir.dll
0x0000000078ed0000 - 0x0000000079579000 	C:\Program Files\MATLAB\R2013a\bin\win64\m_parser.dll
0x000000007a2f0000 - 0x000000007a307000 	C:\Program Files\MATLAB\R2013a\bin\win64\ir_xfmr.dll
0x0000000005200000 - 0x0000000005210000 	C:\Program Files\MATLAB\R2013a\bin\win64\mtok.dll
0x000000007a130000 - 0x000000007a158000 	C:\Program Files\MATLAB\R2013a\bin\win64\m_pcodegen.dll
0x0000000079fb0000 - 0x0000000079fdf000 	C:\Program Files\MATLAB\R2013a\bin\win64\libmwbridge.dll
0x0000000074f40000 - 0x0000000074ff6000 	C:\Program Files\MATLAB\R2013a\bin\win64\udd.dll
0x0000000073cc0000 - 0x0000000073e0e000 	C:\Program Files\MATLAB\R2013a\bin\win64\libmwgui.dll
0x000000007a1d0000 - 0x000000007a1f4000 	C:\Program Files\MATLAB\R2013a\bin\win64\graphics_util.dll
0x000007fee3380000 - 0x000007fee3438000 	C:\Program Files\MATLAB\R2013a\bin\win64\libtex_base.dll
0x0000000005210000 - 0x0000000005b53000 	C:\Program Files\MATLAB\R2013a\bin\win64\hg.dll
0x0000000076100000 - 0x000000007615a000 	C:\Program Files\MATLAB\R2013a\bin\win64\libmat.dll
0x0000000072d30000 - 0x0000000072f38000 	C:\Program Files\MATLAB\R2013a\bin\win64\hdf5dll.dll
0x0000000075710000 - 0x00000000757d8000 	C:\Program Files\MATLAB\R2013a\bin\win64\jmi.dll
0x0000000005b70000 - 0x0000000005b7e000 	C:\Program Files\MATLAB\R2013a\bin\win64\nativejava_services.dll
0x0000000005b80000 - 0x0000000005bc0000 	C:\Program Files\MATLAB\R2013a\bin\win64\libmwhardcopy.dll
0x0000000075c70000 - 0x0000000075cce000 	C:\Program Files\MATLAB\R2013a\bin\win64\libuij.dll
0x0000000072f50000 - 0x000000007318f000 	C:\Program Files\MATLAB\R2013a\bin\win64\hgdatatypes.dll
0x0000000005bc0000 - 0x0000000005cab000 	C:\Program Files\MATLAB\R2013a\bin\win64\hgutils.dll
0x0000000005cb0000 - 0x0000000005d5e000 	C:\Program Files\MATLAB\R2013a\bin\win64\udd_mi.dll
0x0000000005d60000 - 0x0000000005d96000 	C:\Program Files\MATLAB\R2013a\bin\win64\libmwgbtutils.dll
0x0000000005da0000 - 0x0000000005db4000 	C:\Program Files\MATLAB\R2013a\bin\win64\libmwgbt.dll
0x0000000005dc0000 - 0x000000000608e000 	C:\Program Files\MATLAB\R2013a\bin\win64\uiw.dll
0x0000000006090000 - 0x0000000006099000 	C:\Program Files\MATLAB\R2013a\bin\win64\uinone.dll
0x00000000060a0000 - 0x00000000060c6000 	C:\Program Files\MATLAB\R2013a\bin\win64\libmwnativefiledialogs.dll
0x00000000060d0000 - 0x00000000060dc000 	C:\Program Files\MATLAB\R2013a\bin\win64\libmwplatform_res.dll
0x000007fef7490000 - 0x000007fef74a8000 	C:\Windows\system32\MPR.dll
0x000000005a5c0000 - 0x000000005ab1d000 	C:\Program Files\MATLAB\R2013a\bin\win64\mfc100.dll
0x000007fef9520000 - 0x000007fef9527000 	C:\Windows\system32\MSIMG32.dll
0x000007fef84a0000 - 0x000007fef8511000 	C:\Windows\system32\WINSPOOL.DRV
0x00000000060e0000 - 0x00000000060fd000 	C:\Program Files\MATLAB\R2013a\bin\win64\mwoles05.DLL
0x0000000006100000 - 0x000000000616c000 	C:\Program Files\MATLAB\R2013a\bin\win64\comcli.dll
0x00000000623e0000 - 0x000000006240b000 	C:\Program Files\MATLAB\R2013a\bin\win64\ATL100.DLL
0x0000000006170000 - 0x000000000617c000 	C:\Program Files\MATLAB\R2013a\bin\win64\mlautoregister.dll
0x0000000006180000 - 0x00000000062d6000 	C:\Program Files\MATLAB\R2013a\bin\win64\mvm.dll
0x000007fefc260000 - 0x000007fefc2b7000 	C:\Windows\system32\apphelp.dll
0x000007fee34a0000 - 0x000007fee34f1000 	C:\Windows\AppPatch\AppPatch64\AcGenral.DLL
0x000007fefc230000 - 0x000007fefc255000 	C:\Windows\system32\SspiCli.dll
0x0000000071900000 - 0x0000000071903000 	C:\Windows\system32\sfc.dll
0x000007fefaf00000 - 0x000007fefaf10000 	C:\Windows\system32\sfc_os.DLL
0x000007fefc480000 - 0x000007fefc49e000 	C:\Windows\system32\USERENV.dll
0x000007fefc450000 - 0x000007fefc45f000 	C:\Windows\system32\profapi.dll

VM Arguments:
jvm_args: -XX:PermSize=32m -Xms64m -XX:NewRatio=3 -XX:MaxPermSize=128m -Xmx196m -XX:MaxDirectMemorySize=2147400000 -Dsun.java2d.noddraw=true -Dsun.awt.nopixfmt=true -Xshare:off -Xrs -Dsun.awt.disableMixing=true -Djava.library.path=C:\Program Files\MATLAB\R2013a\bin\win64;C:\Program Files\MATLAB\R2013a\sys\jxbrowser\win64\lib vfprintf abort -XX:ParallelGCThreads=6 
java_command: <unknown>
Launcher Type: generic

Environment Variables:
PATH=C:\Python33\;C:\Program Files (x86)\SolidWorks Corp\COSMOS M;C:\Program Files (x86)\NVIDIA Corporation\PhysX\Common;C:\Program Files (x86)\Intel\iCLS Client\;C:\Program Files\Intel\iCLS Client\;C:\Program Files\Common Files\Microsoft Shared\Windows Live;C:\Program Files (x86)\Common Files\Microsoft Shared\Windows Live;C:\Windows\system32;C:\Windows;C:\Windows\System32\Wbem;C:\Windows\System32\WindowsPowerShell\v1.0\;C:\Program Files (x86)\Windows Live\Shared;C:\Program Files (x86)\EgisTec MyWinLocker\x64;C:\Program Files (x86)\EgisTec MyWinLocker\;C:\Program Files (x86)\Intel\OpenCL SDK\2.0\bin\x86;C:\Program Files (x86)\Intel\OpenCL SDK\2.0\bin\x64;C:\Program Files\Intel\Intel(R) Management Engine Components\DAL;C:\Program Files\Intel\Intel(R) Management Engine Components\IPT;C:\Program Files (x86)\Intel\Intel(R) Management Engine Components\DAL;C:\Program Files (x86)\Intel\Intel(R) Management Engine Components\IPT;C:\Program Files\MATLAB\R2013a2\runtime\win64;C:\Program Files\MATLAB\R2013a2\bin;C:\Program Files\MATLAB\R2007b\bin;C:\Program Files\MATLAB\R2007b\bin\win64;C:\Program Files\Microsoft SQL Server\110\Tools\Binn\;C:\Program Files\Microsoft Windows Performance Toolkit\
USERNAME=Martin
OS=Windows_NT
PROCESSOR_IDENTIFIER=Intel64 Family 6 Model 58 Stepping 9, GenuineIntel



---------------  S Y S T E M  ---------------

OS: Windows 7 Build 7601 Service Pack 1

CPU:total 8 (8 cores per cpu, 2 threads per core) family 6 model 58 stepping 9, cmov, cx8, fxsr, mmx, sse, sse2, sse3, ssse3, sse4.1, sse4.2, ht

Memory: 4k page, physical 6125932k(1604620k free), swap 12250000k(7618020k free)

vm_info: Java HotSpot(TM) 64-Bit Server VM (14.3-b01) for windows-amd64 JRE (1.6.0_17-b04), built on Oct 11 2009 00:46:08 by "java_re" with MS VC++ 8.0

time: Tue Jun 24 01:41:35 2014
elapsed time: 2267 seconds

