#
# A fatal error has been detected by the Java Runtime Environment:
#
#  EXCEPTION_ACCESS_VIOLATION (0xc0000005) at pc=0x0000000074e9214e, pid=7884, tid=1828
#
# JRE version: 6.0_17-b04
# Java VM: Java HotSpot(TM) 64-Bit Server VM (14.3-b01 mixed mode windows-amd64 )
# Problematic frame:
# C  [m_dispatcher.dll+0x1214e]
#
# If you would like to submit a bug report, please visit:
#   http://java.sun.com/webapps/bugreport/crash.jsp
# The crash happened outside the Java Virtual Machine in native code.
# See problematic frame for where to report the bug.
#

---------------  T H R E A D  ---------------

Current thread (0x0000000006606800):  JavaThread "main" [_thread_in_native, id=1828, stack(0x0000000000030000,0x0000000004030000)]

siginfo: ExceptionCode=0xc0000005, reading address 0x00000000000000de

Registers:
EAX=0xfffffffffffffffe, EBX=0x0000000140ce18a8, ECX=0x000000000402e890, EDX=0x0000000000000007
ESP=0x000000000402cb48, EBP=0x000000000402d130, ESI=0x0000000000000000, EDI=0x000000000e3cc3d0
EIP=0x0000000074e9214e, EFLAGS=0x0000000000010206

Top of Stack: (sp=0x000000000402cb48)
0x000000000402cb48:   0000000004650dc0 0000000000000000
0x000000000402cb58:   000000000402ce60 0000000000000001
0x000000000402cb68:   0000000006606f90 0000000006606800
0x000000000402cb78:   000000000402ce90 0000000000000000
0x000000000402cb88:   0000000140ce17d0 0000000000000000
0x000000000402cb98:   0000000004650d01 0000000140ce18a8
0x000000000402cba8:   0000000000000000 0000000000000001
0x000000000402cbb8:   0000000140ce18a0 000000000402cc88
0x000000000402cbc8:   0000000078a66215 000000000402ce50
0x000000000402cbd8:   00000000778c1a4a fffffffffffffffe
0x000000000402cbe8:   00000000fcbeb410 0000000006606800
0x000000000402cbf8:   4029999999999980 00000000fcbeb420
0x000000000402cc08:   0000000078a76513 0000000000000000
0x000000000402cc18:   0000000006606f98 000000000658ce90
0x000000000402cc28:   000000000402ce90 0000000000000000
0x000000000402cc38:   0000000075aa2239 0000000000000001 

Instructions: (pc=0x0000000074e9214e)
0x0000000074e9213e:   48 8b 89 60 04 00 00 48 85 c9 74 1c 48 8b 41 30
0x0000000074e9214e:   80 b8 e0 00 00 00 00 74 06 48 85 c9 74 0a c3 48 


Stack: [0x0000000000030000,0x0000000004030000],  sp=0x000000000402cb48,  free space=65522k
Native frames: (J=compiled Java code, j=interpreted, Vv=VM code, C=native code)
C  [m_dispatcher.dll+0x1214e]

Java frames: (J=compiled Java code, j=interpreted, Vv=VM code)
j  com.mathworks.jmi.NativeMatlab.SendMatlabMessage(Ljava/lang/Object;)Ljava/lang/Object;+0
j  com.mathworks.jmi.NativeMatlab.sendMatlabMessage(Ljava/lang/Object;)Ljava/lang/Object;+22
j  com.mathworks.jmi.MatlabLooper.sendMatlabMessage(Lcom/mathworks/services/message/MWMessage;)Ljava/lang/Object;+20
j  com.mathworks.jmi.Matlab.mtFevalConsoleOutput(Ljava/lang/String;[Ljava/lang/Object;I)Ljava/lang/Object;+58
j  com.mathworks.mde.desk.MLDesktop$8.run()V+14
j  com.mathworks.jmi.NativeMatlab.dispatchMTRequests(Z)V+57
v  ~StubRoutines::call_stub

---------------  P R O C E S S  ---------------

Java Threads: ( => current thread )
  0x0000000068f26000 JavaThread "Active Reference Queue Daemon" daemon [_thread_blocked, id=1032, stack(0x0000000148030000,0x000000014c030000)]
  0x0000000068f28000 JavaThread "Timer-2" daemon [_thread_blocked, id=7412, stack(0x0000000144030000,0x0000000148030000)]
  0x0000000068f2a800 JavaThread "Timer-1" daemon [_thread_blocked, id=5548, stack(0x0000000104000000,0x0000000108000000)]
  0x0000000068f29800 JavaThread "com.jniwrapper.NativeResourceCollector" daemon [_thread_blocked, id=4160, stack(0x00000000f8000000,0x00000000fc000000)]
  0x0000000068f21800 JavaThread "Swing-Shell" daemon [_thread_blocked, id=5624, stack(0x00000000e4000000,0x00000000e8000000)]
  0x0000000068f23000 JavaThread "ClipboardMonitor Timer" daemon [_thread_blocked, id=3732, stack(0x00000000ec000000,0x00000000f0000000)]
  0x0000000068f22800 JavaThread "Explorer NavigationContext request queue" daemon [_thread_blocked, id=6192, stack(0x00000000e8000000,0x00000000ec000000)]
  0x0000000068f21000 JavaThread "AddressBar directory emptiness poller" daemon [_thread_blocked, id=6576, stack(0x00000000e0000000,0x00000000e4000000)]
  0x0000000068f20000 JavaThread "Explorer Refresh Service 2143632343" daemon [_thread_blocked, id=4244, stack(0x00000000dc000000,0x00000000e0000000)]
  0x0000000068f1f800 JavaThread "Thread-4" daemon [_thread_blocked, id=5616, stack(0x00000000d4000000,0x00000000d8000000)]
  0x0000000068f1d800 JavaThread "TimerQueue" daemon [_thread_blocked, id=4276, stack(0x00000000c8000000,0x00000000cc000000)]
  0x0000000068f1c800 JavaThread "Thread-3" daemon [_thread_blocked, id=4660, stack(0x00000000b0000000,0x00000000b4000000)]
  0x0000000068f1c000 JavaThread "FelixPackageAdmin" daemon [_thread_blocked, id=7520, stack(0x00000000bc000000,0x00000000c0000000)]
  0x0000000066976000 JavaThread "FelixStartLevel" daemon [_thread_blocked, id=6568, stack(0x00000000b8000000,0x00000000bc000000)]
  0x0000000066baf800 JavaThread "FelixDispatchQueue" daemon [_thread_blocked, id=5700, stack(0x00000000b4000000,0x00000000b8000000)]
  0x00000000693ca000 JavaThread "AWT-EventQueue-0" [_thread_blocked, id=7608, stack(0x00000000ac000000,0x00000000b0000000)]
  0x00000000668d7800 JavaThread "AWT-Shutdown" [_thread_blocked, id=4236, stack(0x000000009c000000,0x00000000a0000000)]
  0x00000000668de000 JavaThread "com.google.common.base.internal.Finalizer" daemon [_thread_blocked, id=5356, stack(0x00000000a8000000,0x00000000ac000000)]
  0x00000000668d8000 JavaThread "AWT-Windows" daemon [_thread_in_native, id=7692, stack(0x00000000a0000000,0x00000000a4000000)]
  0x00000000668d6800 JavaThread "Java2D Disposer" daemon [_thread_blocked, id=8156, stack(0x0000000098000000,0x000000009c000000)]
  0x00000000663c6000 JavaThread "Timer-0" [_thread_blocked, id=5932, stack(0x0000000094000000,0x0000000098000000)]
  0x0000000066016800 JavaThread "EventMgr Dispatcher" daemon [_thread_in_native, id=2152, stack(0x0000000090000000,0x0000000094000000)]
  0x000000000eeec800 JavaThread "Low Memory Detector" daemon [_thread_blocked, id=6624, stack(0x0000000088000000,0x000000008c000000)]
  0x000000000eee5800 JavaThread "CompilerThread1" daemon [_thread_blocked, id=4172, stack(0x0000000084000000,0x0000000088000000)]
  0x000000000eedb800 JavaThread "CompilerThread0" daemon [_thread_blocked, id=6156, stack(0x0000000080000000,0x0000000084000000)]
  0x000000000eed5000 JavaThread "Attach Listener" daemon [_thread_blocked, id=4516, stack(0x0000000060b30000,0x0000000064b30000)]
  0x000000000ee78800 JavaThread "Finalizer" daemon [_thread_blocked, id=7864, stack(0x000000005cb30000,0x0000000060b30000)]
  0x000000000ee77800 JavaThread "Reference Handler" daemon [_thread_blocked, id=4888, stack(0x0000000058b30000,0x000000005cb30000)]
=>0x0000000006606800 JavaThread "main" [_thread_in_native, id=1828, stack(0x0000000000030000,0x0000000004030000)]

Other Threads:
  0x000000000ee73000 VMThread [stack: 0x0000000053540000,0x0000000057540000] [id=8020]
  0x000000000ef1f800 WatcherThread [stack: 0x000000008c000000,0x0000000090000000] [id=2684]

VM state:not at safepoint (normal execution)

VM Mutex/Monitor currently owned by a thread: None

Heap
 PSYoungGen      total 16128K, used 9459K [0x0000000038440000, 0x0000000039440000, 0x000000003b540000)
  eden space 15872K, 58% used [0x0000000038440000,0x0000000038d5ce48,0x00000000393c0000)
  from space 256K, 50% used [0x00000000393c0000,0x00000000393e0000,0x0000000039400000)
  to   space 256K, 0% used [0x0000000039400000,0x0000000039400000,0x0000000039440000)
 PSOldGen        total 86080K, used 67859K [0x000000002f140000, 0x0000000034550000, 0x0000000038440000)
  object space 86080K, 78% used [0x000000002f140000,0x0000000033384eb8,0x0000000034550000)
 PSPermGen       total 79360K, used 79249K [0x0000000027140000, 0x000000002bec0000, 0x000000002f140000)
  object space 79360K, 99% used [0x0000000027140000,0x000000002bea46b0,0x000000002bec0000)

Dynamic libraries:
0x0000000140000000 - 0x0000000140028000 	C:\Program Files\MATLAB\R2013a\bin\win64\MATLAB.exe
0x00000000779c0000 - 0x0000000077b69000 	C:\Windows\SYSTEM32\ntdll.dll
0x00000000778a0000 - 0x00000000779bf000 	C:\Windows\system32\kernel32.dll
0x000007fefc860000 - 0x000007fefc8cc000 	C:\Windows\system32\KERNELBASE.dll
0x0000000074460000 - 0x0000000074515000 	C:\Program Files\MATLAB\R2013a\bin\win64\libut.dll
0x00000000758a0000 - 0x000000007595f000 	C:\Program Files\MATLAB\R2013a\bin\win64\libmwi18n.dll
0x0000000180000000 - 0x000000018000d000 	C:\Program Files\MATLAB\R2013a\bin\win64\libmwresource_core.dll
0x000000006c850000 - 0x000000006c8e8000 	C:\Program Files\MATLAB\R2013a\bin\win64\MSVCP100.dll
0x000000006bd50000 - 0x000000006be22000 	C:\Program Files\MATLAB\R2013a\bin\win64\MSVCR100.dll
0x0000000071730000 - 0x000000007173e000 	C:\Program Files\MATLAB\R2013a\bin\win64\boost_date_time-vc100-mt-1_49.dll
0x0000000071700000 - 0x000000007172c000 	C:\Program Files\MATLAB\R2013a\bin\win64\boost_filesystem-vc100-mt-1_49.dll
0x00000000716f0000 - 0x00000000716f9000 	C:\Program Files\MATLAB\R2013a\bin\win64\boost_system-vc100-mt-1_49.dll
0x000007fefe050000 - 0x000007fefe12b000 	C:\Windows\system32\ADVAPI32.dll
0x000007fefe3e0000 - 0x000007fefe47f000 	C:\Windows\system32\msvcrt.dll
0x000007fefe660000 - 0x000007fefe67f000 	C:\Windows\SYSTEM32\sechost.dll
0x000007fefe870000 - 0x000007fefe99d000 	C:\Windows\system32\RPCRT4.dll
0x000000006deb0000 - 0x000000006ded5000 	C:\Program Files\MATLAB\R2013a\bin\win64\LIBEXPAT.dll
0x0000000068ac0000 - 0x0000000068c4a000 	C:\Program Files\MATLAB\R2013a\bin\win64\icuin49.dll
0x0000000067d30000 - 0x0000000067e6e000 	C:\Program Files\MATLAB\R2013a\bin\win64\icuuc49.dll
0x0000000057a00000 - 0x0000000058b22000 	C:\Program Files\MATLAB\R2013a\bin\win64\icudt49.dll
0x00000000716e0000 - 0x00000000716f0000 	C:\Program Files\MATLAB\R2013a\bin\win64\icuio49.dll
0x0000000073f70000 - 0x0000000074112000 	C:\Program Files\MATLAB\R2013a\bin\win64\libmwfl.dll
0x000000007a350000 - 0x000000007a737000 	C:\Program Files\MATLAB\R2013a\bin\win64\libmwMATLAB_res.dll
0x0000000067c50000 - 0x0000000067d2f000 	C:\Program Files\MATLAB\R2013a\bin\win64\boost_regex-vc100-mt-1_49.dll
0x00000000777a0000 - 0x000000007789a000 	C:\Windows\system32\USER32.dll
0x000007fefea00000 - 0x000007fefea67000 	C:\Windows\system32\GDI32.dll
0x000007fefeef0000 - 0x000007fefeefe000 	C:\Windows\system32\LPK.dll
0x000007fefcc90000 - 0x000007fefcd59000 	C:\Windows\system32\USP10.dll
0x000000006de20000 - 0x000000006de31000 	C:\Program Files\MATLAB\R2013a\bin\win64\boost_signals-vc100-mt-1_49.dll
0x000000006c830000 - 0x000000006c841000 	C:\Program Files\MATLAB\R2013a\bin\win64\boost_thread-vc100-mt-1_49.dll
0x000007fee14f0000 - 0x000007fee157c000 	C:\Program Files\MATLAB\R2013a\bin\win64\boost_log-vc100-mt-1_49.dll
0x0000000077b80000 - 0x0000000077b87000 	C:\Windows\system32\PSAPI.DLL
0x000007fefcf70000 - 0x000007fefcfbd000 	C:\Windows\system32\WS2_32.dll
0x000007fefeee0000 - 0x000007fefeee8000 	C:\Windows\system32\NSI.dll
0x000007feeeef0000 - 0x000007feeef23000 	C:\Program Files\MATLAB\R2013a\bin\win64\tbb.dll
0x000007fefcff0000 - 0x000007fefd009000 	C:\Windows\system32\imagehlp.dll
0x000007fefb5d0000 - 0x000007fefb5fc000 	C:\Windows\system32\POWRPROF.dll
0x000007fefe480000 - 0x000007fefe657000 	C:\Windows\system32\SETUPAPI.dll
0x000007fefc8f0000 - 0x000007fefc926000 	C:\Windows\system32\CFGMGR32.dll
0x000007fefe790000 - 0x000007fefe867000 	C:\Windows\system32\OLEAUT32.dll
0x000007fefcd60000 - 0x000007fefcf63000 	C:\Windows\system32\ole32.dll
0x000007fefc8d0000 - 0x000007fefc8ea000 	C:\Windows\system32\DEVOBJ.dll
0x0000000004110000 - 0x0000000004131000 	C:\Program Files\MATLAB\R2013a\bin\win64\libmwmfl_scalar.dll
0x000007fef8190000 - 0x000007fef82b5000 	C:\Windows\system32\dbghelp.dll
0x00000000042b0000 - 0x00000000045df000 	C:\Program Files\MATLAB\R2013a\bin\win64\libmwservices.dll
0x0000000075a20000 - 0x0000000075b0b000 	C:\Program Files\MATLAB\R2013a\bin\win64\libmx.dll
0x000007feef060000 - 0x000007feef088000 	C:\Program Files\MATLAB\R2013a\bin\win64\tbbmalloc.dll
0x000000006c810000 - 0x000000006c827000 	C:\Program Files\MATLAB\R2013a\bin\win64\zlib1.dll
0x0000000004140000 - 0x000000000418e000 	C:\Program Files\MATLAB\R2013a\bin\win64\libmwregexp.dll
0x0000000075f10000 - 0x0000000075f57000 	C:\Program Files\MATLAB\R2013a\bin\win64\mpath.dll
0x000000007b680000 - 0x000000007bc66000 	C:\Program Files\MATLAB\R2013a\bin\win64\mlutil.dll
0x00000000754d0000 - 0x0000000075547000 	C:\Program Files\MATLAB\R2013a\bin\win64\xmlcore.dll
0x0000000067a00000 - 0x0000000067c41000 	C:\Program Files\MATLAB\R2013a\bin\win64\xerces-c_2_7.dll
0x00000000045e0000 - 0x0000000004602000 	C:\Program Files\MATLAB\R2013a\bin\win64\libmwMATLAB_settings_res.dll
0x000007feeeee0000 - 0x000007feeeef0000 	C:\Program Files\MATLAB\R2013a\bin\win64\boost_iostreams-vc100-mt-1_49.dll
0x000007fee2a50000 - 0x000007fee2a96000 	C:\Program Files\MATLAB\R2013a\bin\win64\boost_serialization-vc100-mt-1_49.dll
0x000007fefd240000 - 0x000007fefdfc8000 	C:\Windows\system32\SHELL32.dll
0x000007fefdfd0000 - 0x000007fefe041000 	C:\Windows\system32\SHLWAPI.dll
0x00000000041a0000 - 0x00000000041a6000 	C:\Program Files\MATLAB\R2013a\bin\win64\libmwnativedisplay.dll
0x000007fef8bb0000 - 0x000007fef8c50000 	C:\Windows\WinSxS\amd64_microsoft.windows.common-controls_6595b64144ccf1df_5.82.7601.18201_none_a4d3b9377117c3df\COMCTL32.dll
0x000007fefeaf0000 - 0x000007fefeb87000 	C:\Windows\system32\COMDLG32.dll
0x000007fefa6c0000 - 0x000007fefa6d6000 	C:\Windows\system32\NETAPI32.dll
0x000007fefa6b0000 - 0x000007fefa6bc000 	C:\Windows\system32\netutils.dll
0x000007fefc540000 - 0x000007fefc563000 	C:\Windows\system32\srvcli.dll
0x000007fefa690000 - 0x000007fefa6a5000 	C:\Windows\system32\wkscli.dll
0x0000000074970000 - 0x0000000074a18000 	C:\Program Files\MATLAB\R2013a\bin\win64\mcr.dll
0x0000000075000000 - 0x00000000753b1000 	C:\Program Files\MATLAB\R2013a\bin\win64\iqm.dll
0x0000000074e80000 - 0x0000000074f30000 	C:\Program Files\MATLAB\R2013a\bin\win64\m_dispatcher.dll
0x0000000004610000 - 0x0000000004e18000 	C:\Program Files\MATLAB\R2013a\bin\win64\m_interpreter.dll
0x0000000004e20000 - 0x0000000004e44000 	C:\Program Files\MATLAB\R2013a\bin\win64\libmex.dll
0x0000000075430000 - 0x00000000754ab000 	C:\Program Files\MATLAB\R2013a\bin\win64\profiler.dll
0x0000000004e50000 - 0x00000000050d3000 	C:\Program Files\MATLAB\R2013a\bin\win64\libmwmathutil.dll
0x0000000079f40000 - 0x0000000079f66000 	C:\Program Files\MATLAB\R2013a\bin\win64\libmwmathrng.dll
0x00000000050e0000 - 0x00000000050f0000 	C:\Program Files\MATLAB\R2013a\bin\win64\libmwmfl_rng.dll
0x0000000074c10000 - 0x0000000074cf8000 	C:\Program Files\MATLAB\R2013a\bin\win64\libmwmathcore.dll
0x0000000076160000 - 0x00000000761c3000 	C:\Program Files\MATLAB\R2013a\bin\win64\libmwspmatrix.dll
0x000000007b0a0000 - 0x000000007b2f6000 	C:\Program Files\MATLAB\R2013a\bin\win64\mcos.dll
0x0000000075ea0000 - 0x0000000075f02000 	C:\Program Files\MATLAB\R2013a\bin\win64\libmwcholmod.dll
0x0000000005100000 - 0x000000000510d000 	C:\Program Files\MATLAB\R2013a\bin\win64\libmwamd.dll
0x0000000074550000 - 0x00000000745f3000 	C:\Windows\WinSxS\amd64_microsoft.vc90.crt_1fc8b3b9a1e18e3b_9.0.30729.6161_none_08e61857a83bc251\MSVCR90.dll
0x0000000005120000 - 0x000000000512c000 	C:\Program Files\MATLAB\R2013a\bin\win64\libmwcolamd.dll
0x000000007a290000 - 0x000000007a2a3000 	C:\Program Files\MATLAB\R2013a\bin\win64\libmwblas.dll
0x000000007a310000 - 0x000000007a325000 	C:\Program Files\MATLAB\R2013a\bin\win64\libmwbinder.dll
0x0000000005140000 - 0x000000000514b000 	C:\Program Files\MATLAB\R2013a\bin\win64\libmwompwrapper.dll
0x0000000075820000 - 0x000000007589e000 	C:\Program Files\MATLAB\R2013a\bin\win64\libmwlapack.dll
0x000000007a1b0000 - 0x000000007a1d0000 	C:\Program Files\MATLAB\R2013a\bin\win64\m_pcodeio.dll
0x0000000079b10000 - 0x0000000079b6c000 	C:\Program Files\MATLAB\R2013a\bin\win64\m_ir.dll
0x0000000078ed0000 - 0x0000000079579000 	C:\Program Files\MATLAB\R2013a\bin\win64\m_parser.dll
0x000000007a2f0000 - 0x000000007a307000 	C:\Program Files\MATLAB\R2013a\bin\win64\ir_xfmr.dll
0x0000000005150000 - 0x0000000005160000 	C:\Program Files\MATLAB\R2013a\bin\win64\mtok.dll
0x000000007a130000 - 0x000000007a158000 	C:\Program Files\MATLAB\R2013a\bin\win64\m_pcodegen.dll
0x0000000079fb0000 - 0x0000000079fdf000 	C:\Program Files\MATLAB\R2013a\bin\win64\libmwbridge.dll
0x0000000074f40000 - 0x0000000074ff6000 	C:\Program Files\MATLAB\R2013a\bin\win64\udd.dll
0x0000000073cc0000 - 0x0000000073e0e000 	C:\Program Files\MATLAB\R2013a\bin\win64\libmwgui.dll
0x000000007a1d0000 - 0x000000007a1f4000 	C:\Program Files\MATLAB\R2013a\bin\win64\graphics_util.dll
0x000007fee1430000 - 0x000007fee14e8000 	C:\Program Files\MATLAB\R2013a\bin\win64\libtex_base.dll
0x0000000005160000 - 0x0000000005aa3000 	C:\Program Files\MATLAB\R2013a\bin\win64\hg.dll
0x0000000076100000 - 0x000000007615a000 	C:\Program Files\MATLAB\R2013a\bin\win64\libmat.dll
0x0000000072d30000 - 0x0000000072f38000 	C:\Program Files\MATLAB\R2013a\bin\win64\hdf5dll.dll
0x0000000075710000 - 0x00000000757d8000 	C:\Program Files\MATLAB\R2013a\bin\win64\jmi.dll
0x0000000005ac0000 - 0x0000000005ace000 	C:\Program Files\MATLAB\R2013a\bin\win64\nativejava_services.dll
0x0000000005ad0000 - 0x0000000005b10000 	C:\Program Files\MATLAB\R2013a\bin\win64\libmwhardcopy.dll
0x0000000075c70000 - 0x0000000075cce000 	C:\Program Files\MATLAB\R2013a\bin\win64\libuij.dll
0x0000000072f50000 - 0x000000007318f000 	C:\Program Files\MATLAB\R2013a\bin\win64\hgdatatypes.dll
0x0000000005b10000 - 0x0000000005bfb000 	C:\Program Files\MATLAB\R2013a\bin\win64\hgutils.dll
0x0000000005c00000 - 0x0000000005cae000 	C:\Program Files\MATLAB\R2013a\bin\win64\udd_mi.dll
0x0000000005cb0000 - 0x0000000005ce6000 	C:\Program Files\MATLAB\R2013a\bin\win64\libmwgbtutils.dll
0x0000000005cf0000 - 0x0000000005d04000 	C:\Program Files\MATLAB\R2013a\bin\win64\libmwgbt.dll
0x0000000005d10000 - 0x0000000005fde000 	C:\Program Files\MATLAB\R2013a\bin\win64\uiw.dll
0x0000000005fe0000 - 0x0000000005fe9000 	C:\Program Files\MATLAB\R2013a\bin\win64\uinone.dll
0x0000000005ff0000 - 0x0000000006016000 	C:\Program Files\MATLAB\R2013a\bin\win64\libmwnativefiledialogs.dll
0x0000000006020000 - 0x000000000602c000 	C:\Program Files\MATLAB\R2013a\bin\win64\libmwplatform_res.dll
0x000007fef7dd0000 - 0x000007fef7de8000 	C:\Windows\system32\MPR.dll
0x0000000065a60000 - 0x0000000065fbd000 	C:\Program Files\MATLAB\R2013a\bin\win64\mfc100.dll
0x000007fefa600000 - 0x000007fefa607000 	C:\Windows\system32\MSIMG32.dll
0x000007fef8b30000 - 0x000007fef8ba1000 	C:\Windows\system32\WINSPOOL.DRV
0x0000000006030000 - 0x000000000604d000 	C:\Program Files\MATLAB\R2013a\bin\win64\mwoles05.DLL
0x0000000006050000 - 0x00000000060bc000 	C:\Program Files\MATLAB\R2013a\bin\win64\comcli.dll
0x000000006c7e0000 - 0x000000006c80b000 	C:\Program Files\MATLAB\R2013a\bin\win64\ATL100.DLL
0x00000000060c0000 - 0x00000000060cc000 	C:\Program Files\MATLAB\R2013a\bin\win64\mlautoregister.dll
0x00000000060d0000 - 0x0000000006226000 	C:\Program Files\MATLAB\R2013a\bin\win64\mvm.dll
0x000007fefc650000 - 0x000007fefc6a7000 	C:\Windows\system32\apphelp.dll
0x000007fee13d0000 - 0x000007fee1421000 	C:\Windows\AppPatch\AppPatch64\AcGenral.DLL
0x000007fefc620000 - 0x000007fefc645000 	C:\Windows\system32\SspiCli.dll
0x000000006e610000 - 0x000000006e613000 	C:\Windows\system32\sfc.dll
0x000007fef3dd0000 - 0x000007fef3de0000 	C:\Windows\system32\sfc_os.DLL
0x000007fefca60000 - 0x000007fefca7e000 	C:\Windows\system32\USERENV.dll
0x000007fefc850000 - 0x000007fefc85f000 	C:\Windows\system32\profapi.dll

VM Arguments:
jvm_args: -XX:PermSize=32m -Xms64m -XX:NewRatio=3 -XX:MaxPermSize=128m -Xmx196m -XX:MaxDirectMemorySize=2147400000 -Dsun.java2d.noddraw=true -Dsun.awt.nopixfmt=true -Xshare:off -Xrs -Dsun.awt.disableMixing=true -Djava.library.path=C:\Program Files\MATLAB\R2013a\bin\win64;C:\Program Files\MATLAB\R2013a\sys\jxbrowser\win64\lib vfprintf abort -XX:ParallelGCThreads=6 
java_command: <unknown>
Launcher Type: generic

Environment Variables:
PATH=C:\Python33\;C:\Program Files (x86)\SolidWorks Corp\COSMOS M;C:\Program Files (x86)\NVIDIA Corporation\PhysX\Common;C:\Program Files (x86)\Intel\iCLS Client\;C:\Program Files\Intel\iCLS Client\;C:\Program Files\Common Files\Microsoft Shared\Windows Live;C:\Program Files (x86)\Common Files\Microsoft Shared\Windows Live;C:\Windows\system32;C:\Windows;C:\Windows\System32\Wbem;C:\Windows\System32\WindowsPowerShell\v1.0\;C:\Program Files (x86)\Windows Live\Shared;C:\Program Files (x86)\EgisTec MyWinLocker\x64;C:\Program Files (x86)\EgisTec MyWinLocker\;C:\Program Files (x86)\Intel\OpenCL SDK\2.0\bin\x86;C:\Program Files (x86)\Intel\OpenCL SDK\2.0\bin\x64;C:\Program Files\Intel\Intel(R) Management Engine Components\DAL;C:\Program Files\Intel\Intel(R) Management Engine Components\IPT;C:\Program Files (x86)\Intel\Intel(R) Management Engine Components\DAL;C:\Program Files (x86)\Intel\Intel(R) Management Engine Components\IPT;C:\Program Files\MATLAB\R2013a2\runtime\win64;C:\Program Files\MATLAB\R2013a2\bin;C:\Program Files\MATLAB\R2007b\bin;C:\Program Files\MATLAB\R2007b\bin\win64;C:\Program Files\Microsoft SQL Server\110\Tools\Binn\;C:\Program Files\Microsoft Windows Performance Toolkit\
USERNAME=Martin
OS=Windows_NT
PROCESSOR_IDENTIFIER=Intel64 Family 6 Model 58 Stepping 9, GenuineIntel



---------------  S Y S T E M  ---------------

OS: Windows 7 Build 7601 Service Pack 1

CPU:total 8 (8 cores per cpu, 2 threads per core) family 6 model 58 stepping 9, cmov, cx8, fxsr, mmx, sse, sse2, sse3, ssse3, sse4.1, sse4.2, ht

Memory: 4k page, physical 6125932k(2715328k free), swap 12250000k(7908240k free)

vm_info: Java HotSpot(TM) 64-Bit Server VM (14.3-b01) for windows-amd64 JRE (1.6.0_17-b04), built on Oct 11 2009 00:46:08 by "java_re" with MS VC++ 8.0

time: Sat Jul 05 18:23:04 2014
elapsed time: 281 seconds

